Fitter report for shuzishizhong
Sat May 29 16:30:17 2021
Quartus II Version 9.0 Build 132 02/25/2009 SJ Full Version


---------------------
; Table of Contents ;
---------------------
  1. Legal Notice
  2. Fitter Summary
  3. Fitter Settings
  4. Parallel Compilation
  5. Incremental Compilation Preservation Summary
  6. Incremental Compilation Partition Settings
  7. Incremental Compilation Placement Preservation
  8. Pin-Out File
  9. Fitter Resource Usage Summary
 10. Input Pins
 11. Output Pins
 12. I/O Bank Usage
 13. All Package Pins
 14. Output Pin Default Load For Reported TCO
 15. Fitter Resource Utilization by Entity
 16. Delay Chain Summary
 17. Pad To Core Delay Chain Fanout
 18. Control Signals
 19. Global & Other Fast Signals
 20. Non-Global High Fan-Out Signals
 21. Interconnect Usage Summary
 22. LAB Logic Elements
 23. LAB-wide Signals
 24. LAB Signals Sourced
 25. LAB Signals Sourced Out
 26. LAB Distinct Inputs
 27. Fitter Device Options
 28. Operating Settings and Conditions
 29. Estimated Delay Added for Hold Timing
 30. Fitter Messages
 31. Fitter Suppressed Messages



----------------
; Legal Notice ;
----------------
Copyright (C) 1991-2009 Altera Corporation
Your use of Altera Corporation's design tools, logic functions 
and other software and tools, and its AMPP partner logic 
functions, and any output files from any of the foregoing 
(including device programming or simulation files), and any 
associated documentation or information are expressly subject 
to the terms and conditions of the Altera Program License 
Subscription Agreement, Altera MegaCore Function License 
Agreement, or other applicable license agreement, including, 
without limitation, that your use is for the sole purpose of 
programming logic devices manufactured by Altera and sold by 
Altera or its authorized distributors.  Please refer to the 
applicable agreement for further details.



+-------------------------------------------------------------------------------+
; Fitter Summary                                                                ;
+------------------------------------+------------------------------------------+
; Fitter Status                      ; Successful - Sat May 29 16:30:17 2021    ;
; Quartus II Version                 ; 9.0 Build 132 02/25/2009 SJ Full Version ;
; Revision Name                      ; shuzishizhong                            ;
; Top-level Entity Name              ; shuzishizhong                            ;
; Family                             ; Cyclone II                               ;
; Device                             ; EP2C5T144C8                              ;
; Timing Models                      ; Final                                    ;
; Total logic elements               ; 82 / 4,608 ( 2 % )                       ;
;     Total combinational functions  ; 82 / 4,608 ( 2 % )                       ;
;     Dedicated logic registers      ; 33 / 4,608 ( < 1 % )                     ;
; Total registers                    ; 33                                       ;
; Total pins                         ; 18 / 89 ( 20 % )                         ;
; Total virtual pins                 ; 0                                        ;
; Total memory bits                  ; 0 / 119,808 ( 0 % )                      ;
; Embedded Multiplier 9-bit elements ; 0 / 26 ( 0 % )                           ;
; Total PLLs                         ; 0 / 2 ( 0 % )                            ;
+------------------------------------+------------------------------------------+


+--------------------------------------------------------------------------------------------------------------------------------------+
; Fitter Settings                                                                                                                      ;
+--------------------------------------------------------------------+--------------------------------+--------------------------------+
; Option                                                             ; Setting                        ; Default Value                  ;
+--------------------------------------------------------------------+--------------------------------+--------------------------------+
; Device                                                             ; EP2C5T144C8                    ;                                ;
; Minimum Core Junction Temperature                                  ; 0                              ;                                ;
; Maximum Core Junction Temperature                                  ; 85                             ;                                ;
; Fit Attempts to Skip                                               ; 0                              ; 0.0                            ;
; Device I/O Standard                                                ; 3.3-V LVTTL                    ;                                ;
; Use smart compilation                                              ; Off                            ; Off                            ;
; Use TimeQuest Timing Analyzer                                      ; Off                            ; Off                            ;
; Router Timing Optimization Level                                   ; Normal                         ; Normal                         ;
; Placement Effort Multiplier                                        ; 1.0                            ; 1.0                            ;
; Router Effort Multiplier                                           ; 1.0                            ; 1.0                            ;
; Always Enable Input Buffers                                        ; Off                            ; Off                            ;
; Optimize Hold Timing                                               ; IO Paths and Minimum TPD Paths ; IO Paths and Minimum TPD Paths ;
; Optimize Multi-Corner Timing                                       ; Off                            ; Off                            ;
; PowerPlay Power Optimization                                       ; Normal compilation             ; Normal compilation             ;
; Optimize Timing                                                    ; Normal compilation             ; Normal compilation             ;
; Optimize Timing for ECOs                                           ; Off                            ; Off                            ;
; Regenerate full fit report during ECO compiles                     ; Off                            ; Off                            ;
; Optimize IOC Register Placement for Timing                         ; On                             ; On                             ;
; Limit to One Fitting Attempt                                       ; Off                            ; Off                            ;
; Final Placement Optimizations                                      ; Automatically                  ; Automatically                  ;
; Fitter Aggressive Routability Optimizations                        ; Automatically                  ; Automatically                  ;
; Fitter Initial Placement Seed                                      ; 1                              ; 1                              ;
; PCI I/O                                                            ; Off                            ; Off                            ;
; Weak Pull-Up Resistor                                              ; Off                            ; Off                            ;
; Enable Bus-Hold Circuitry                                          ; Off                            ; Off                            ;
; Auto Global Memory Control Signals                                 ; Off                            ; Off                            ;
; Auto Packed Registers                                              ; Auto                           ; Auto                           ;
; Auto Delay Chains                                                  ; On                             ; On                             ;
; Auto Merge PLLs                                                    ; On                             ; On                             ;
; Ignore PLL Mode When Merging PLLs                                  ; Off                            ; Off                            ;
; Perform Physical Synthesis for Combinational Logic for Fitting     ; Off                            ; Off                            ;
; Perform Physical Synthesis for Combinational Logic for Performance ; Off                            ; Off                            ;
; Perform Register Duplication for Performance                       ; Off                            ; Off                            ;
; Perform Logic to Memory Mapping for Fitting                        ; Off                            ; Off                            ;
; Perform Register Retiming for Performance                          ; Off                            ; Off                            ;
; Perform Asynchronous Signal Pipelining                             ; Off                            ; Off                            ;
; Fitter Effort                                                      ; Auto Fit                       ; Auto Fit                       ;
; Physical Synthesis Effort Level                                    ; Normal                         ; Normal                         ;
; Auto Global Clock                                                  ; On                             ; On                             ;
; Auto Global Register Control Signals                               ; On                             ; On                             ;
; Stop After Congestion Map Generation                               ; Off                            ; Off                            ;
; Save Intermediate Fitting Results                                  ; Off                            ; Off                            ;
; Force Fitter to Avoid Periphery Placement Warnings                 ; Off                            ; Off                            ;
+--------------------------------------------------------------------+--------------------------------+--------------------------------+


+------------------------------------------+
; Parallel Compilation                     ;
+----------------------------+-------------+
; Processors                 ; Number      ;
+----------------------------+-------------+
; Number detected on machine ; 12          ;
; Maximum allowed            ; 4           ;
;                            ;             ;
; Average used               ; 1.00        ;
; Maximum used               ; 4           ;
;                            ;             ;
; Usage by Processor         ; % Time Used ;
;     1 processor            ; 100.0%      ;
;     2-4 processors         ; < 0.1%      ;
;     5-12 processors        ;   0.0%      ;
+----------------------------+-------------+


+----------------------------------------------+
; Incremental Compilation Preservation Summary ;
+-------------------------+--------------------+
; Type                    ; Value              ;
+-------------------------+--------------------+
; Placement               ;                    ;
;     -- Requested        ; 0 / 133 ( 0.00 % ) ;
;     -- Achieved         ; 0 / 133 ( 0.00 % ) ;
;                         ;                    ;
; Routing (by Connection) ;                    ;
;     -- Requested        ; 0 / 0 ( 0.00 % )   ;
;     -- Achieved         ; 0 / 0 ( 0.00 % )   ;
+-------------------------+--------------------+


+--------------------------------------------------------------------------------------------------------------------------------------------------+
; Incremental Compilation Partition Settings                                                                                                       ;
+----------------+----------------+-------------------+-------------------------+------------------------+------------------------------+----------+
; Partition Name ; Partition Type ; Netlist Type Used ; Preservation Level Used ; Netlist Type Requested ; Preservation Level Requested ; Contents ;
+----------------+----------------+-------------------+-------------------------+------------------------+------------------------------+----------+
; Top            ; User-created   ; Source File       ; N/A                     ; Source File            ; N/A                          ;          ;
+----------------+----------------+-------------------+-------------------------+------------------------+------------------------------+----------+


+--------------------------------------------------------------------------------------------+
; Incremental Compilation Placement Preservation                                             ;
+----------------+---------+-------------------+-------------------------+-------------------+
; Partition Name ; # Nodes ; # Preserved Nodes ; Preservation Level Used ; Netlist Type Used ;
+----------------+---------+-------------------+-------------------------+-------------------+
; Top            ; 133     ; 0                 ; N/A                     ; Source File       ;
+----------------+---------+-------------------+-------------------------+-------------------+


+--------------+
; Pin-Out File ;
+--------------+
The pin-out file can be found in F:/数电实验/shuzishizhong/shuzishizhong.pin.


+--------------------------------------------------------------------+
; Fitter Resource Usage Summary                                      ;
+---------------------------------------------+----------------------+
; Resource                                    ; Usage                ;
+---------------------------------------------+----------------------+
; Total logic elements                        ; 82 / 4,608 ( 2 % )   ;
;     -- Combinational with no register       ; 49                   ;
;     -- Register only                        ; 0                    ;
;     -- Combinational with a register        ; 33                   ;
;                                             ;                      ;
; Logic element usage by number of LUT inputs ;                      ;
;     -- 4 input functions                    ; 43                   ;
;     -- 3 input functions                    ; 29                   ;
;     -- <=2 input functions                  ; 10                   ;
;     -- Register only                        ; 0                    ;
;                                             ;                      ;
; Logic elements by mode                      ;                      ;
;     -- normal mode                          ; 82                   ;
;     -- arithmetic mode                      ; 0                    ;
;                                             ;                      ;
; Total registers*                            ; 33 / 4,851 ( < 1 % ) ;
;     -- Dedicated logic registers            ; 33 / 4,608 ( < 1 % ) ;
;     -- I/O registers                        ; 0 / 243 ( 0 % )      ;
;                                             ;                      ;
; Total LABs:  partially or completely used   ; 7 / 288 ( 2 % )      ;
; User inserted logic elements                ; 0                    ;
; Virtual pins                                ; 0                    ;
; I/O pins                                    ; 18 / 89 ( 20 % )     ;
;     -- Clock pins                           ; 1 / 4 ( 25 % )       ;
; Global signals                              ; 2                    ;
; M4Ks                                        ; 0 / 26 ( 0 % )       ;
; Total block memory bits                     ; 0 / 119,808 ( 0 % )  ;
; Total block memory implementation bits      ; 0 / 119,808 ( 0 % )  ;
; Embedded Multiplier 9-bit elements          ; 0 / 26 ( 0 % )       ;
; PLLs                                        ; 0 / 2 ( 0 % )        ;
; Global clocks                               ; 2 / 8 ( 25 % )       ;
; JTAGs                                       ; 0 / 1 ( 0 % )        ;
; ASMI blocks                                 ; 0 / 1 ( 0 % )        ;
; CRC blocks                                  ; 0 / 1 ( 0 % )        ;
; Average interconnect usage (total/H/V)      ; 0% / 0% / 0%         ;
; Peak interconnect usage (total/H/V)         ; 1% / 1% / 0%         ;
; Maximum fan-out node                        ; CLR                  ;
; Maximum fan-out                             ; 22                   ;
; Highest non-global fan-out signal           ; CLR                  ;
; Highest non-global fan-out                  ; 22                   ;
; Total fan-out                               ; 379                  ;
; Average fan-out                             ; 2.75                 ;
+---------------------------------------------+----------------------+
*  Register count does not include registers inside RAM blocks or DSP blocks.



+-------------------------------------------------------------------------------------------------------------------------------------------------------------------------------------------------------------------------------------------------------------+
; Input Pins                                                                                                                                                                                                                                                  ;
+-------+-------+----------+--------------+--------------+-------------+-----------------------+--------------------+--------+----------------+---------------+-----------------+----------+--------------+--------------+-------------+----------------------+
; Name  ; Pin # ; I/O Bank ; X coordinate ; Y coordinate ; Cell number ; Combinational Fan-Out ; Registered Fan-Out ; Global ; Input Register ; Power Up High ; PCI I/O Enabled ; Bus Hold ; Weak Pull Up ; I/O Standard ; Termination ; Location assigned by ;
+-------+-------+----------+--------------+--------------+-------------+-----------------------+--------------------+--------+----------------+---------------+-----------------+----------+--------------+--------------+-------------+----------------------+
; CLK   ; 48    ; 4        ; 5            ; 0            ; 0           ; 8                     ; 0                  ; no     ; no             ; no            ; no              ; no       ; Off          ; 3.3-V LVTTL  ; Off         ; User                 ;
; CLK2  ; 17    ; 1        ; 0            ; 6            ; 0           ; 1                     ; 0                  ; yes    ; no             ; no            ; no              ; no       ; Off          ; 3.3-V LVTTL  ; Off         ; Fitter               ;
; CLR   ; 44    ; 4        ; 3            ; 0            ; 1           ; 22                    ; 0                  ; no     ; no             ; no            ; no              ; no       ; Off          ; 3.3-V LVTTL  ; Off         ; User                 ;
; SHIFT ; 47    ; 4        ; 5            ; 0            ; 1           ; 1                     ; 0                  ; no     ; no             ; no            ; no              ; no       ; Off          ; 3.3-V LVTTL  ; Off         ; User                 ;
+-------+-------+----------+--------------+--------------+-------------+-----------------------+--------------------+--------+----------------+---------------+-----------------+----------+--------------+--------------+-------------+----------------------+


+---------------------------------------------------------------------------------------------------------------------------------------------------------------------------------------------------------------------------------------------------------------------------------------+
; Output Pins                                                                                                                                                                                                                                                                           ;
+------+-------+----------+--------------+--------------+-------------+-----------------+------------------------+---------------+-----------------+------------+---------------+----------+--------------+--------------+------------------+-------------+----------------------+------+
; Name ; Pin # ; I/O Bank ; X coordinate ; Y coordinate ; Cell number ; Output Register ; Output Enable Register ; Power Up High ; PCI I/O Enabled ; Open Drain ; TRI Primitive ; Bus Hold ; Weak Pull Up ; I/O Standard ; Current Strength ; Termination ; Location assigned by ; Load ;
+------+-------+----------+--------------+--------------+-------------+-----------------+------------------------+---------------+-----------------+------------+---------------+----------+--------------+--------------+------------------+-------------+----------------------+------+
; DP   ; 63    ; 4        ; 19           ; 0            ; 0           ; no              ; no                     ; no            ; no              ; no         ; no            ; no       ; Off          ; 3.3-V LVTTL  ; 24mA             ; Off         ; User                 ; 0 pF ;
; OA   ; 72    ; 4        ; 26           ; 0            ; 0           ; no              ; no                     ; no            ; no              ; no         ; no            ; no       ; Off          ; 3.3-V LVTTL  ; 24mA             ; Off         ; User                 ; 0 pF ;
; OB   ; 71    ; 4        ; 26           ; 0            ; 1           ; no              ; no                     ; no            ; no              ; no         ; no            ; no       ; Off          ; 3.3-V LVTTL  ; 24mA             ; Off         ; User                 ; 0 pF ;
; OC   ; 70    ; 4        ; 26           ; 0            ; 2           ; no              ; no                     ; no            ; no              ; no         ; no            ; no       ; Off          ; 3.3-V LVTTL  ; 24mA             ; Off         ; User                 ; 0 pF ;
; OD   ; 69    ; 4        ; 26           ; 0            ; 3           ; no              ; no                     ; no            ; no              ; no         ; no            ; no       ; Off          ; 3.3-V LVTTL  ; 24mA             ; Off         ; User                 ; 0 pF ;
; OE   ; 67    ; 4        ; 24           ; 0            ; 0           ; no              ; no                     ; no            ; no              ; no         ; no            ; no       ; Off          ; 3.3-V LVTTL  ; 24mA             ; Off         ; User                 ; 0 pF ;
; OF   ; 65    ; 4        ; 21           ; 0            ; 0           ; no              ; no                     ; no            ; no              ; no         ; no            ; no       ; Off          ; 3.3-V LVTTL  ; 24mA             ; Off         ; User                 ; 0 pF ;
; OG   ; 64    ; 4        ; 21           ; 0            ; 1           ; no              ; no                     ; no            ; no              ; no         ; no            ; no       ; Off          ; 3.3-V LVTTL  ; 24mA             ; Off         ; User                 ; 0 pF ;
; Y0   ; 60    ; 4        ; 14           ; 0            ; 0           ; no              ; no                     ; no            ; no              ; no         ; no            ; no       ; Off          ; 3.3-V LVTTL  ; 24mA             ; Off         ; User                 ; 0 pF ;
; Y1   ; 59    ; 4        ; 14           ; 0            ; 1           ; no              ; no                     ; no            ; no              ; no         ; no            ; no       ; Off          ; 3.3-V LVTTL  ; 24mA             ; Off         ; User                 ; 0 pF ;
; Y2   ; 58    ; 4        ; 12           ; 0            ; 0           ; no              ; no                     ; no            ; no              ; no         ; no            ; no       ; Off          ; 3.3-V LVTTL  ; 24mA             ; Off         ; User                 ; 0 pF ;
; Y3   ; 57    ; 4        ; 12           ; 0            ; 1           ; no              ; no                     ; no            ; no              ; no         ; no            ; no       ; Off          ; 3.3-V LVTTL  ; 24mA             ; Off         ; User                 ; 0 pF ;
; Y4   ; 55    ; 4        ; 9            ; 0            ; 0           ; no              ; no                     ; no            ; no              ; no         ; no            ; no       ; Off          ; 3.3-V LVTTL  ; 24mA             ; Off         ; User                 ; 0 pF ;
; Y5   ; 53    ; 4        ; 9            ; 0            ; 1           ; no              ; no                     ; no            ; no              ; no         ; no            ; no       ; Off          ; 3.3-V LVTTL  ; 24mA             ; Off         ; User                 ; 0 pF ;
+------+-------+----------+--------------+--------------+-------------+-----------------+------------------------+---------------+-----------------+------------+---------------+----------+--------------+--------------+------------------+-------------+----------------------+------+


+------------------------------------------------------------+
; I/O Bank Usage                                             ;
+----------+------------------+---------------+--------------+
; I/O Bank ; Usage            ; VCCIO Voltage ; VREF Voltage ;
+----------+------------------+---------------+--------------+
; 1        ; 3 / 19 ( 16 % )  ; 3.3V          ; --           ;
; 2        ; 0 / 23 ( 0 % )   ; 3.3V          ; --           ;
; 3        ; 1 / 23 ( 4 % )   ; 3.3V          ; --           ;
; 4        ; 17 / 24 ( 71 % ) ; 3.3V          ; --           ;
+----------+------------------+---------------+--------------+


+------------------------------------------------------------------------------------------------------------------------------------------------------------------------+
; All Package Pins                                                                                                                                                       ;
+----------+------------+----------+------------------------------------------+--------+--------------+---------+------------+-----------------+----------+--------------+
; Location ; Pad Number ; I/O Bank ; Pin Name/Usage                           ; Dir.   ; I/O Standard ; Voltage ; I/O Type   ; User Assignment ; Bus Hold ; Weak Pull Up ;
+----------+------------+----------+------------------------------------------+--------+--------------+---------+------------+-----------------+----------+--------------+
; 1        ; 0          ; 1        ; ~ASDO~ / RESERVED_INPUT_WITH_WEAK_PULLUP ; input  ; 3.3-V LVTTL  ;         ; Row I/O    ; N               ; no       ; On           ;
; 2        ; 1          ; 1        ; ~nCSO~ / RESERVED_INPUT_WITH_WEAK_PULLUP ; input  ; 3.3-V LVTTL  ;         ; Row I/O    ; N               ; no       ; On           ;
; 3        ; 2          ; 1        ; GND*                                     ;        ;              ;         ; Row I/O    ;                 ; no       ; Off          ;
; 4        ; 3          ; 1        ; GND*                                     ;        ;              ;         ; Row I/O    ;                 ; no       ; Off          ;
; 5        ;            ; 1        ; VCCIO1                                   ; power  ;              ; 3.3V    ; --         ;                 ; --       ; --           ;
; 6        ;            ;          ; GND                                      ; gnd    ;              ;         ; --         ;                 ; --       ; --           ;
; 7        ; 10         ; 1        ; GND*                                     ;        ;              ;         ; Row I/O    ;                 ; no       ; Off          ;
; 8        ; 11         ; 1        ; GND*                                     ;        ;              ;         ; Row I/O    ;                 ; no       ; Off          ;
; 9        ; 12         ; 1        ; GND*                                     ;        ;              ;         ; Row I/O    ;                 ; no       ; Off          ;
; 10       ; 13         ; 1        ; #TDO                                     ; output ;              ;         ; --         ;                 ; --       ; --           ;
; 11       ; 14         ; 1        ; #TMS                                     ; input  ;              ;         ; --         ;                 ; --       ; --           ;
; 12       ; 15         ; 1        ; #TCK                                     ; input  ;              ;         ; --         ;                 ; --       ; --           ;
; 13       ; 16         ; 1        ; #TDI                                     ; input  ;              ;         ; --         ;                 ; --       ; --           ;
; 14       ; 17         ; 1        ; ^DATA0                                   ; input  ;              ;         ; --         ;                 ; --       ; --           ;
; 15       ; 18         ; 1        ; ^DCLK                                    ;        ;              ;         ; --         ;                 ; --       ; --           ;
; 16       ; 19         ; 1        ; ^nCE                                     ;        ;              ;         ; --         ;                 ; --       ; --           ;
; 17       ; 20         ; 1        ; CLK2                                     ; input  ; 3.3-V LVTTL  ;         ; Row I/O    ; N               ; no       ; Off          ;
; 18       ; 21         ; 1        ; GND+                                     ;        ;              ;         ; Row I/O    ;                 ; --       ; --           ;
; 19       ;            ;          ; GND                                      ; gnd    ;              ;         ; --         ;                 ; --       ; --           ;
; 20       ; 22         ; 1        ; ^nCONFIG                                 ;        ;              ;         ; --         ;                 ; --       ; --           ;
; 21       ; 23         ; 1        ; GND+                                     ;        ;              ;         ; Row I/O    ;                 ; --       ; --           ;
; 22       ; 24         ; 1        ; GND+                                     ;        ;              ;         ; Row I/O    ;                 ; --       ; --           ;
; 23       ;            ; 1        ; VCCIO1                                   ; power  ;              ; 3.3V    ; --         ;                 ; --       ; --           ;
; 24       ; 25         ; 1        ; GND*                                     ;        ;              ;         ; Row I/O    ;                 ; no       ; Off          ;
; 25       ; 26         ; 1        ; GND*                                     ;        ;              ;         ; Row I/O    ;                 ; no       ; Off          ;
; 26       ; 27         ; 1        ; GND*                                     ;        ;              ;         ; Row I/O    ;                 ; no       ; Off          ;
; 27       ; 28         ; 1        ; GND*                                     ;        ;              ;         ; Row I/O    ;                 ; no       ; Off          ;
; 28       ; 32         ; 1        ; GND*                                     ;        ;              ;         ; Row I/O    ;                 ; no       ; Off          ;
; 29       ;            ; 1        ; VCCIO1                                   ; power  ;              ; 3.3V    ; --         ;                 ; --       ; --           ;
; 30       ; 40         ; 1        ; GND*                                     ;        ;              ;         ; Row I/O    ;                 ; no       ; Off          ;
; 31       ; 41         ; 1        ; GND*                                     ;        ;              ;         ; Row I/O    ;                 ; no       ; Off          ;
; 32       ; 42         ; 1        ; GND*                                     ;        ;              ;         ; Row I/O    ;                 ; no       ; Off          ;
; 33       ;            ;          ; GND                                      ; gnd    ;              ;         ; --         ;                 ; --       ; --           ;
; 34       ;            ;          ; GND_PLL1                                 ; gnd    ;              ;         ; --         ;                 ; --       ; --           ;
; 35       ;            ;          ; VCCD_PLL1                                ; power  ;              ; 1.2V    ; --         ;                 ; --       ; --           ;
; 36       ;            ;          ; GND_PLL1                                 ; gnd    ;              ;         ; --         ;                 ; --       ; --           ;
; 37       ;            ;          ; VCCA_PLL1                                ; power  ;              ; 1.2V    ; --         ;                 ; --       ; --           ;
; 38       ;            ;          ; GNDA_PLL1                                ; gnd    ;              ;         ; --         ;                 ; --       ; --           ;
; 39       ;            ;          ; GND                                      ; gnd    ;              ;         ; --         ;                 ; --       ; --           ;
; 40       ; 43         ; 4        ; GND*                                     ;        ;              ;         ; Column I/O ;                 ; no       ; Off          ;
; 41       ; 44         ; 4        ; GND*                                     ;        ;              ;         ; Column I/O ;                 ; no       ; Off          ;
; 42       ; 45         ; 4        ; GND*                                     ;        ;              ;         ; Column I/O ;                 ; no       ; Off          ;
; 43       ; 46         ; 4        ; GND*                                     ;        ;              ;         ; Column I/O ;                 ; no       ; Off          ;
; 44       ; 47         ; 4        ; CLR                                      ; input  ; 3.3-V LVTTL  ;         ; Column I/O ; Y               ; no       ; Off          ;
; 45       ; 48         ; 4        ; GND*                                     ;        ;              ;         ; Column I/O ;                 ; no       ; Off          ;
; 46       ;            ; 4        ; VCCIO4                                   ; power  ;              ; 3.3V    ; --         ;                 ; --       ; --           ;
; 47       ; 49         ; 4        ; SHIFT                                    ; input  ; 3.3-V LVTTL  ;         ; Column I/O ; Y               ; no       ; Off          ;
; 48       ; 50         ; 4        ; CLK                                      ; input  ; 3.3-V LVTTL  ;         ; Column I/O ; Y               ; no       ; Off          ;
; 49       ;            ;          ; GND                                      ; gnd    ;              ;         ; --         ;                 ; --       ; --           ;
; 50       ;            ;          ; VCCINT                                   ; power  ;              ; 1.2V    ; --         ;                 ; --       ; --           ;
; 51       ; 52         ; 4        ; GND*                                     ;        ;              ;         ; Column I/O ;                 ; no       ; Off          ;
; 52       ; 53         ; 4        ; GND*                                     ;        ;              ;         ; Column I/O ;                 ; no       ; Off          ;
; 53       ; 57         ; 4        ; Y5                                       ; output ; 3.3-V LVTTL  ;         ; Column I/O ; Y               ; no       ; Off          ;
; 54       ;            ; 4        ; VCCIO4                                   ; power  ;              ; 3.3V    ; --         ;                 ; --       ; --           ;
; 55       ; 58         ; 4        ; Y4                                       ; output ; 3.3-V LVTTL  ;         ; Column I/O ; Y               ; no       ; Off          ;
; 56       ;            ;          ; GND                                      ; gnd    ;              ;         ; --         ;                 ; --       ; --           ;
; 57       ; 59         ; 4        ; Y3                                       ; output ; 3.3-V LVTTL  ;         ; Column I/O ; Y               ; no       ; Off          ;
; 58       ; 60         ; 4        ; Y2                                       ; output ; 3.3-V LVTTL  ;         ; Column I/O ; Y               ; no       ; Off          ;
; 59       ; 63         ; 4        ; Y1                                       ; output ; 3.3-V LVTTL  ;         ; Column I/O ; Y               ; no       ; Off          ;
; 60       ; 64         ; 4        ; Y0                                       ; output ; 3.3-V LVTTL  ;         ; Column I/O ; Y               ; no       ; Off          ;
; 61       ;            ;          ; GND                                      ; gnd    ;              ;         ; --         ;                 ; --       ; --           ;
; 62       ;            ;          ; VCCINT                                   ; power  ;              ; 1.2V    ; --         ;                 ; --       ; --           ;
; 63       ; 72         ; 4        ; DP                                       ; output ; 3.3-V LVTTL  ;         ; Column I/O ; Y               ; no       ; Off          ;
; 64       ; 75         ; 4        ; OG                                       ; output ; 3.3-V LVTTL  ;         ; Column I/O ; Y               ; no       ; Off          ;
; 65       ; 76         ; 4        ; OF                                       ; output ; 3.3-V LVTTL  ;         ; Column I/O ; Y               ; no       ; Off          ;
; 66       ;            ; 4        ; VCCIO4                                   ; power  ;              ; 3.3V    ; --         ;                 ; --       ; --           ;
; 67       ; 79         ; 4        ; OE                                       ; output ; 3.3-V LVTTL  ;         ; Column I/O ; Y               ; no       ; Off          ;
; 68       ;            ;          ; GND                                      ; gnd    ;              ;         ; --         ;                 ; --       ; --           ;
; 69       ; 80         ; 4        ; OD                                       ; output ; 3.3-V LVTTL  ;         ; Column I/O ; Y               ; no       ; Off          ;
; 70       ; 81         ; 4        ; OC                                       ; output ; 3.3-V LVTTL  ;         ; Column I/O ; Y               ; no       ; Off          ;
; 71       ; 82         ; 4        ; OB                                       ; output ; 3.3-V LVTTL  ;         ; Column I/O ; Y               ; no       ; Off          ;
; 72       ; 83         ; 4        ; OA                                       ; output ; 3.3-V LVTTL  ;         ; Column I/O ; Y               ; no       ; Off          ;
; 73       ; 84         ; 3        ; GND*                                     ;        ;              ;         ; Row I/O    ;                 ; no       ; Off          ;
; 74       ; 85         ; 3        ; GND*                                     ;        ;              ;         ; Row I/O    ;                 ; no       ; Off          ;
; 75       ; 86         ; 3        ; GND*                                     ;        ;              ;         ; Row I/O    ;                 ; no       ; Off          ;
; 76       ; 87         ; 3        ; ~LVDS41p/nCEO~                           ; output ; 3.3-V LVTTL  ;         ; Row I/O    ; N               ; no       ; Off          ;
; 77       ;            ; 3        ; VCCIO3                                   ; power  ;              ; 3.3V    ; --         ;                 ; --       ; --           ;
; 78       ;            ;          ; GND                                      ; gnd    ;              ;         ; --         ;                 ; --       ; --           ;
; 79       ; 95         ; 3        ; GND*                                     ;        ;              ;         ; Row I/O    ;                 ; no       ; Off          ;
; 80       ; 97         ; 3        ; GND*                                     ;        ;              ;         ; Row I/O    ;                 ; no       ; Off          ;
; 81       ; 98         ; 3        ; GND*                                     ;        ;              ;         ; Row I/O    ;                 ; no       ; Off          ;
; 82       ; 99         ; 3        ; ^nSTATUS                                 ;        ;              ;         ; --         ;                 ; --       ; --           ;
; 83       ; 100        ; 3        ; ^CONF_DONE                               ;        ;              ;         ; --         ;                 ; --       ; --           ;
; 84       ; 101        ; 3        ; ^MSEL1                                   ;        ;              ;         ; --         ;                 ; --       ; --           ;
; 85       ; 102        ; 3        ; ^MSEL0                                   ;        ;              ;         ; --         ;                 ; --       ; --           ;
; 86       ; 103        ; 3        ; GND*                                     ;        ;              ;         ; Row I/O    ;                 ; no       ; Off          ;
; 87       ; 104        ; 3        ; GND*                                     ;        ;              ;         ; Row I/O    ;                 ; no       ; Off          ;
; 88       ; 105        ; 3        ; GND+                                     ;        ;              ;         ; Row I/O    ;                 ; --       ; --           ;
; 89       ; 106        ; 3        ; GND+                                     ;        ;              ;         ; Row I/O    ;                 ; --       ; --           ;
; 90       ; 107        ; 3        ; GND+                                     ;        ;              ;         ; Row I/O    ;                 ; --       ; --           ;
; 91       ; 108        ; 3        ; GND+                                     ;        ;              ;         ; Row I/O    ;                 ; --       ; --           ;
; 92       ; 109        ; 3        ; GND*                                     ;        ;              ;         ; Row I/O    ;                 ; no       ; Off          ;
; 93       ; 110        ; 3        ; GND*                                     ;        ;              ;         ; Row I/O    ;                 ; no       ; Off          ;
; 94       ; 111        ; 3        ; GND*                                     ;        ;              ;         ; Row I/O    ;                 ; no       ; Off          ;
; 95       ;            ; 3        ; VCCIO3                                   ; power  ;              ; 3.3V    ; --         ;                 ; --       ; --           ;
; 96       ; 112        ; 3        ; GND*                                     ;        ;              ;         ; Row I/O    ;                 ; no       ; Off          ;
; 97       ; 113        ; 3        ; GND*                                     ;        ;              ;         ; Row I/O    ;                 ; no       ; Off          ;
; 98       ;            ;          ; GND                                      ; gnd    ;              ;         ; --         ;                 ; --       ; --           ;
; 99       ; 119        ; 3        ; GND*                                     ;        ;              ;         ; Row I/O    ;                 ; no       ; Off          ;
; 100      ; 120        ; 3        ; GND*                                     ;        ;              ;         ; Row I/O    ;                 ; no       ; Off          ;
; 101      ; 121        ; 3        ; GND*                                     ;        ;              ;         ; Row I/O    ;                 ; no       ; Off          ;
; 102      ;            ; 3        ; VCCIO3                                   ; power  ;              ; 3.3V    ; --         ;                 ; --       ; --           ;
; 103      ; 125        ; 3        ; GND*                                     ;        ;              ;         ; Row I/O    ;                 ; no       ; Off          ;
; 104      ; 126        ; 3        ; GND*                                     ;        ;              ;         ; Row I/O    ;                 ; no       ; Off          ;
; 105      ;            ;          ; GND                                      ; gnd    ;              ;         ; --         ;                 ; --       ; --           ;
; 106      ;            ;          ; GND_PLL2                                 ; gnd    ;              ;         ; --         ;                 ; --       ; --           ;
; 107      ;            ;          ; VCCD_PLL2                                ; power  ;              ; 1.2V    ; --         ;                 ; --       ; --           ;
; 108      ;            ;          ; GND_PLL2                                 ; gnd    ;              ;         ; --         ;                 ; --       ; --           ;
; 109      ;            ;          ; VCCA_PLL2                                ; power  ;              ; 1.2V    ; --         ;                 ; --       ; --           ;
; 110      ;            ;          ; GNDA_PLL2                                ; gnd    ;              ;         ; --         ;                 ; --       ; --           ;
; 111      ;            ;          ; GND                                      ; gnd    ;              ;         ; --         ;                 ; --       ; --           ;
; 112      ; 127        ; 2        ; GND*                                     ;        ;              ;         ; Column I/O ;                 ; no       ; Off          ;
; 113      ; 128        ; 2        ; GND*                                     ;        ;              ;         ; Column I/O ;                 ; no       ; Off          ;
; 114      ; 129        ; 2        ; GND*                                     ;        ;              ;         ; Column I/O ;                 ; no       ; Off          ;
; 115      ; 130        ; 2        ; GND*                                     ;        ;              ;         ; Column I/O ;                 ; no       ; Off          ;
; 116      ;            ; 2        ; VCCIO2                                   ; power  ;              ; 3.3V    ; --         ;                 ; --       ; --           ;
; 117      ;            ;          ; GND                                      ; gnd    ;              ;         ; --         ;                 ; --       ; --           ;
; 118      ; 134        ; 2        ; GND*                                     ;        ;              ;         ; Column I/O ;                 ; no       ; Off          ;
; 119      ; 135        ; 2        ; GND*                                     ;        ;              ;         ; Column I/O ;                 ; no       ; Off          ;
; 120      ; 137        ; 2        ; GND*                                     ;        ;              ;         ; Column I/O ;                 ; no       ; Off          ;
; 121      ; 138        ; 2        ; GND*                                     ;        ;              ;         ; Column I/O ;                 ; no       ; Off          ;
; 122      ; 139        ; 2        ; GND*                                     ;        ;              ;         ; Column I/O ;                 ; no       ; Off          ;
; 123      ;            ;          ; GND                                      ; gnd    ;              ;         ; --         ;                 ; --       ; --           ;
; 124      ;            ;          ; VCCINT                                   ; power  ;              ; 1.2V    ; --         ;                 ; --       ; --           ;
; 125      ; 144        ; 2        ; GND*                                     ;        ;              ;         ; Column I/O ;                 ; no       ; Off          ;
; 126      ; 145        ; 2        ; GND*                                     ;        ;              ;         ; Column I/O ;                 ; no       ; Off          ;
; 127      ;            ; 2        ; VCCIO2                                   ; power  ;              ; 3.3V    ; --         ;                 ; --       ; --           ;
; 128      ;            ;          ; GND                                      ; gnd    ;              ;         ; --         ;                 ; --       ; --           ;
; 129      ; 148        ; 2        ; GND*                                     ;        ;              ;         ; Column I/O ;                 ; no       ; Off          ;
; 130      ;            ;          ; GND                                      ; gnd    ;              ;         ; --         ;                 ; --       ; --           ;
; 131      ;            ;          ; VCCINT                                   ; power  ;              ; 1.2V    ; --         ;                 ; --       ; --           ;
; 132      ; 153        ; 2        ; GND*                                     ;        ;              ;         ; Column I/O ;                 ; no       ; Off          ;
; 133      ; 154        ; 2        ; GND*                                     ;        ;              ;         ; Column I/O ;                 ; no       ; Off          ;
; 134      ; 155        ; 2        ; GND*                                     ;        ;              ;         ; Column I/O ;                 ; no       ; Off          ;
; 135      ; 162        ; 2        ; GND*                                     ;        ;              ;         ; Column I/O ;                 ; no       ; Off          ;
; 136      ; 163        ; 2        ; GND*                                     ;        ;              ;         ; Column I/O ;                 ; no       ; Off          ;
; 137      ; 164        ; 2        ; GND*                                     ;        ;              ;         ; Column I/O ;                 ; no       ; Off          ;
; 138      ;            ; 2        ; VCCIO2                                   ; power  ;              ; 3.3V    ; --         ;                 ; --       ; --           ;
; 139      ; 165        ; 2        ; GND*                                     ;        ;              ;         ; Column I/O ;                 ; no       ; Off          ;
; 140      ;            ;          ; GND                                      ; gnd    ;              ;         ; --         ;                 ; --       ; --           ;
; 141      ; 166        ; 2        ; GND*                                     ;        ;              ;         ; Column I/O ;                 ; no       ; Off          ;
; 142      ; 167        ; 2        ; GND*                                     ;        ;              ;         ; Column I/O ;                 ; no       ; Off          ;
; 143      ; 168        ; 2        ; GND*                                     ;        ;              ;         ; Column I/O ;                 ; no       ; Off          ;
; 144      ; 169        ; 2        ; GND*                                     ;        ;              ;         ; Column I/O ;                 ; no       ; Off          ;
+----------+------------+----------+------------------------------------------+--------+--------------+---------+------------+-----------------+----------+--------------+
Note: Pin directions (input, output or bidir) are based on device operating in user mode.


+-------------------------------------------------------------------------------+
; Output Pin Default Load For Reported TCO                                      ;
+----------------------------------+-------+------------------------------------+
; I/O Standard                     ; Load  ; Termination Resistance             ;
+----------------------------------+-------+------------------------------------+
; 3.3-V LVTTL                      ; 0 pF  ; Not Available                      ;
; 3.3-V LVCMOS                     ; 0 pF  ; Not Available                      ;
; 2.5 V                            ; 0 pF  ; Not Available                      ;
; 1.8 V                            ; 0 pF  ; Not Available                      ;
; 1.5 V                            ; 0 pF  ; Not Available                      ;
; 3.3-V PCI                        ; 10 pF ; 25 Ohm (Parallel)                  ;
; 3.3-V PCI-X                      ; 10 pF ; 25 Ohm (Parallel)                  ;
; SSTL-2 Class I                   ; 0 pF  ; 50 Ohm (Parallel), 25 Ohm (Serial) ;
; SSTL-2 Class II                  ; 0 pF  ; 25 Ohm (Parallel), 25 Ohm (Serial) ;
; SSTL-18 Class I                  ; 0 pF  ; 50 Ohm (Parallel), 25 Ohm (Serial) ;
; SSTL-18 Class II                 ; 0 pF  ; 25 Ohm (Parallel), 25 Ohm (Serial) ;
; 1.5-V HSTL Class I               ; 0 pF  ; 50 Ohm (Parallel)                  ;
; 1.5-V HSTL Class II              ; 0 pF  ; 25 Ohm (Parallel)                  ;
; 1.8-V HSTL Class I               ; 0 pF  ; 50 Ohm (Parallel)                  ;
; 1.8-V HSTL Class II              ; 0 pF  ; 25 Ohm (Parallel)                  ;
; Differential SSTL-2              ; 0 pF  ; (See SSTL-2)                       ;
; Differential 2.5-V SSTL Class II ; 0 pF  ; (See SSTL-2 Class II)              ;
; Differential 1.8-V SSTL Class I  ; 0 pF  ; (See 1.8-V SSTL Class I)           ;
; Differential 1.8-V SSTL Class II ; 0 pF  ; (See 1.8-V SSTL Class II)          ;
; Differential 1.5-V HSTL Class I  ; 0 pF  ; (See 1.5-V HSTL Class I)           ;
; Differential 1.5-V HSTL Class II ; 0 pF  ; (See 1.5-V HSTL Class II)          ;
; Differential 1.8-V HSTL Class I  ; 0 pF  ; (See 1.8-V HSTL Class I)           ;
; Differential 1.8-V HSTL Class II ; 0 pF  ; (See 1.8-V HSTL Class II)          ;
; LVDS                             ; 0 pF  ; 100 Ohm (Differential)             ;
; mini-LVDS                        ; 0 pF  ; 100 Ohm (Differential)             ;
; RSDS                             ; 0 pF  ; 100 Ohm (Differential)             ;
; Simple RSDS                      ; 0 pF  ; Not Available                      ;
; Differential LVPECL              ; 0 pF  ; 100 Ohm (Differential)             ;
+----------------------------------+-------+------------------------------------+
Note: User assignments will override these defaults. The user specified values are listed in the Output Pins and Bidir Pins tables.


+-----------------------------------------------------------------------------------------------------------------------------------------------------------------------------------------------------------------------------------------------------------------------------------+
; Fitter Resource Utilization by Entity                                                                                                                                                                                                                                             ;
+----------------------------+-------------+---------------------------+---------------+-------------+------+--------------+---------+-----------+------+--------------+--------------+-------------------+------------------+---------------------------------------+--------------+
; Compilation Hierarchy Node ; Logic Cells ; Dedicated Logic Registers ; I/O Registers ; Memory Bits ; M4Ks ; DSP Elements ; DSP 9x9 ; DSP 18x18 ; Pins ; Virtual Pins ; LUT-Only LCs ; Register-Only LCs ; LUT/Register LCs ; Full Hierarchy Name                   ; Library Name ;
+----------------------------+-------------+---------------------------+---------------+-------------+------+--------------+---------+-----------+------+--------------+--------------+-------------------+------------------+---------------------------------------+--------------+
; |shuzishizhong             ; 82 (0)      ; 33 (0)                    ; 0 (0)         ; 0           ; 0    ; 0            ; 0       ; 0         ; 18   ; 0            ; 49 (0)       ; 0 (0)             ; 33 (0)           ; |shuzishizhong                        ; work         ;
;    |21mux:inst17|          ; 1 (1)       ; 0 (0)                     ; 0 (0)         ; 0           ; 0    ; 0            ; 0       ; 0         ; 0    ; 0            ; 1 (1)        ; 0 (0)             ; 0 (0)            ; |shuzishizhong|21mux:inst17           ; work         ;
;    |74138:inst10|          ; 6 (6)       ; 0 (0)                     ; 0 (0)         ; 0           ; 0    ; 0            ; 0       ; 0         ; 0    ; 0            ; 6 (6)        ; 0 (0)             ; 0 (0)            ; |shuzishizhong|74138:inst10           ; work         ;
;    |74151:inst2|           ; 3 (0)       ; 0 (0)                     ; 0 (0)         ; 0           ; 0    ; 0            ; 0       ; 0         ; 0    ; 0            ; 3 (0)        ; 0 (0)             ; 0 (0)            ; |shuzishizhong|74151:inst2            ; work         ;
;       |f74151:sub|         ; 3 (3)       ; 0 (0)                     ; 0 (0)         ; 0           ; 0    ; 0            ; 0       ; 0         ; 0    ; 0            ; 3 (3)        ; 0 (0)             ; 0 (0)            ; |shuzishizhong|74151:inst2|f74151:sub ; work         ;
;    |74151:inst3|           ; 4 (0)       ; 0 (0)                     ; 0 (0)         ; 0           ; 0    ; 0            ; 0       ; 0         ; 0    ; 0            ; 4 (0)        ; 0 (0)             ; 0 (0)            ; |shuzishizhong|74151:inst3            ; work         ;
;       |f74151:sub|         ; 4 (4)       ; 0 (0)                     ; 0 (0)         ; 0           ; 0    ; 0            ; 0       ; 0         ; 0    ; 0            ; 4 (4)        ; 0 (0)             ; 0 (0)            ; |shuzishizhong|74151:inst3|f74151:sub ; work         ;
;    |74151:inst4|           ; 4 (0)       ; 0 (0)                     ; 0 (0)         ; 0           ; 0    ; 0            ; 0       ; 0         ; 0    ; 0            ; 4 (0)        ; 0 (0)             ; 0 (0)            ; |shuzishizhong|74151:inst4            ; work         ;
;       |f74151:sub|         ; 4 (4)       ; 0 (0)                     ; 0 (0)         ; 0           ; 0    ; 0            ; 0       ; 0         ; 0    ; 0            ; 4 (4)        ; 0 (0)             ; 0 (0)            ; |shuzishizhong|74151:inst4|f74151:sub ; work         ;
;    |74151:inst5|           ; 4 (0)       ; 0 (0)                     ; 0 (0)         ; 0           ; 0    ; 0            ; 0       ; 0         ; 0    ; 0            ; 4 (0)        ; 0 (0)             ; 0 (0)            ; |shuzishizhong|74151:inst5            ; work         ;
;       |f74151:sub|         ; 4 (4)       ; 0 (0)                     ; 0 (0)         ; 0           ; 0    ; 0            ; 0       ; 0         ; 0    ; 0            ; 4 (4)        ; 0 (0)             ; 0 (0)            ; |shuzishizhong|74151:inst5|f74151:sub ; work         ;
;    |74160:inst12|          ; 6 (6)       ; 4 (4)                     ; 0 (0)         ; 0           ; 0    ; 0            ; 0       ; 0         ; 0    ; 0            ; 2 (2)        ; 0 (0)             ; 4 (4)            ; |shuzishizhong|74160:inst12           ; work         ;
;    |74160:inst1|           ; 3 (3)       ; 3 (3)                     ; 0 (0)         ; 0           ; 0    ; 0            ; 0       ; 0         ; 0    ; 0            ; 0 (0)        ; 0 (0)             ; 3 (3)            ; |shuzishizhong|74160:inst1            ; work         ;
;    |74160:inst9|           ; 5 (5)       ; 4 (4)                     ; 0 (0)         ; 0           ; 0    ; 0            ; 0       ; 0         ; 0    ; 0            ; 1 (1)        ; 0 (0)             ; 4 (4)            ; |shuzishizhong|74160:inst9            ; work         ;
;    |7447:inst8|            ; 7 (7)       ; 0 (0)                     ; 0 (0)         ; 0           ; 0    ; 0            ; 0       ; 0         ; 0    ; 0            ; 7 (7)        ; 0 (0)             ; 0 (0)            ; |shuzishizhong|7447:inst8             ; work         ;
;    |CLOCK:inst|            ; 39 (8)      ; 22 (0)                    ; 0 (0)         ; 0           ; 0    ; 0            ; 0       ; 0         ; 0    ; 0            ; 17 (8)       ; 0 (0)             ; 22 (0)           ; |shuzishizhong|CLOCK:inst             ; work         ;
;       |74160:hour0|        ; 5 (5)       ; 4 (4)                     ; 0 (0)         ; 0           ; 0    ; 0            ; 0       ; 0         ; 0    ; 0            ; 1 (1)        ; 0 (0)             ; 4 (4)            ; |shuzishizhong|CLOCK:inst|74160:hour0 ; work         ;
;       |74160:hour1|        ; 7 (7)       ; 4 (4)                     ; 0 (0)         ; 0           ; 0    ; 0            ; 0       ; 0         ; 0    ; 0            ; 3 (3)        ; 0 (0)             ; 4 (4)            ; |shuzishizhong|CLOCK:inst|74160:hour1 ; work         ;
;       |74160:min0|         ; 6 (6)       ; 4 (4)                     ; 0 (0)         ; 0           ; 0    ; 0            ; 0       ; 0         ; 0    ; 0            ; 2 (2)        ; 0 (0)             ; 4 (4)            ; |shuzishizhong|CLOCK:inst|74160:min0  ; work         ;
;       |74160:min1|         ; 5 (5)       ; 3 (3)                     ; 0 (0)         ; 0           ; 0    ; 0            ; 0       ; 0         ; 0    ; 0            ; 2 (2)        ; 0 (0)             ; 3 (3)            ; |shuzishizhong|CLOCK:inst|74160:min1  ; work         ;
;       |74160:sec0|         ; 5 (5)       ; 4 (4)                     ; 0 (0)         ; 0           ; 0    ; 0            ; 0       ; 0         ; 0    ; 0            ; 1 (1)        ; 0 (0)             ; 4 (4)            ; |shuzishizhong|CLOCK:inst|74160:sec0  ; work         ;
;       |74160:sec1|         ; 3 (3)       ; 3 (3)                     ; 0 (0)         ; 0           ; 0    ; 0            ; 0       ; 0         ; 0    ; 0            ; 0 (0)        ; 0 (0)             ; 3 (3)            ; |shuzishizhong|CLOCK:inst|74160:sec1  ; work         ;
+----------------------------+-------------+---------------------------+---------------+-------------+------+--------------+---------+-----------+------+--------------+--------------+-------------------+------------------+---------------------------------------+--------------+
Note: For table entries with two numbers listed, the numbers in parentheses indicate the number of resources of the given type used by the specific entity alone. The numbers listed outside of parentheses indicate the total resources of the given type used by the specific entity and all of its sub-entities in the hierarchy.


+--------------------------------------------------------------------------------+
; Delay Chain Summary                                                            ;
+-------+----------+---------------+---------------+-----------------------+-----+
; Name  ; Pin Type ; Pad to Core 0 ; Pad to Core 1 ; Pad to Input Register ; TCO ;
+-------+----------+---------------+---------------+-----------------------+-----+
; OA    ; Output   ; --            ; --            ; --                    ; --  ;
; OB    ; Output   ; --            ; --            ; --                    ; --  ;
; OC    ; Output   ; --            ; --            ; --                    ; --  ;
; OD    ; Output   ; --            ; --            ; --                    ; --  ;
; OE    ; Output   ; --            ; --            ; --                    ; --  ;
; OF    ; Output   ; --            ; --            ; --                    ; --  ;
; OG    ; Output   ; --            ; --            ; --                    ; --  ;
; Y5    ; Output   ; --            ; --            ; --                    ; --  ;
; Y0    ; Output   ; --            ; --            ; --                    ; --  ;
; Y1    ; Output   ; --            ; --            ; --                    ; --  ;
; Y2    ; Output   ; --            ; --            ; --                    ; --  ;
; Y3    ; Output   ; --            ; --            ; --                    ; --  ;
; Y4    ; Output   ; --            ; --            ; --                    ; --  ;
; DP    ; Output   ; --            ; --            ; --                    ; --  ;
; CLR   ; Input    ; 6             ; 6             ; --                    ; --  ;
; CLK2  ; Input    ; 0             ; 0             ; --                    ; --  ;
; SHIFT ; Input    ; 0             ; 0             ; --                    ; --  ;
; CLK   ; Input    ; 0             ; 0             ; --                    ; --  ;
+-------+----------+---------------+---------------+-----------------------+-----+


+---------------------------------------------------------------+
; Pad To Core Delay Chain Fanout                                ;
+---------------------------------+-------------------+---------+
; Source Pin / Fanout             ; Pad To Core Index ; Setting ;
+---------------------------------+-------------------+---------+
; CLR                             ;                   ;         ;
;      - CLOCK:inst|74160:hour1|6 ; 0                 ; 6       ;
;      - CLOCK:inst|74160:hour1|9 ; 0                 ; 6       ;
;      - CLOCK:inst|74160:hour1|8 ; 0                 ; 6       ;
;      - CLOCK:inst|74160:hour1|7 ; 0                 ; 6       ;
;      - CLOCK:inst|74160:min0|6  ; 0                 ; 6       ;
;      - CLOCK:inst|74160:min0|9  ; 0                 ; 6       ;
;      - CLOCK:inst|74160:min0|8  ; 0                 ; 6       ;
;      - CLOCK:inst|74160:min0|7  ; 0                 ; 6       ;
;      - CLOCK:inst|74160:min1|6  ; 0                 ; 6       ;
;      - CLOCK:inst|74160:min1|8  ; 0                 ; 6       ;
;      - CLOCK:inst|74160:min1|7  ; 0                 ; 6       ;
;      - CLOCK:inst|74160:sec0|6  ; 0                 ; 6       ;
;      - CLOCK:inst|74160:sec0|9  ; 0                 ; 6       ;
;      - CLOCK:inst|74160:sec0|8  ; 0                 ; 6       ;
;      - CLOCK:inst|74160:sec0|7  ; 0                 ; 6       ;
;      - CLOCK:inst|74160:sec1|6  ; 0                 ; 6       ;
;      - CLOCK:inst|74160:sec1|8  ; 0                 ; 6       ;
;      - CLOCK:inst|74160:sec1|7  ; 0                 ; 6       ;
;      - CLOCK:inst|74160:hour0|6 ; 0                 ; 6       ;
;      - CLOCK:inst|74160:hour0|9 ; 0                 ; 6       ;
;      - CLOCK:inst|74160:hour0|8 ; 0                 ; 6       ;
;      - CLOCK:inst|74160:hour0|7 ; 0                 ; 6       ;
; CLK2                            ;                   ;         ;
; SHIFT                           ;                   ;         ;
;      - 21mux:inst17|5           ; 0                 ; 0       ;
; CLK                             ;                   ;         ;
;      - 74160:inst9|6            ; 0                 ; 0       ;
;      - 74160:inst9|9            ; 0                 ; 0       ;
;      - 74160:inst12|6           ; 0                 ; 0       ;
;      - 74160:inst12|9           ; 0                 ; 0       ;
;      - 74160:inst12|8           ; 0                 ; 0       ;
;      - 74160:inst12|7           ; 0                 ; 0       ;
;      - 74160:inst9|8            ; 0                 ; 0       ;
;      - 74160:inst9|7            ; 0                 ; 0       ;
+---------------------------------+-------------------+---------+


+-------------------------------------------------------------------------------------------------------------------------------------------+
; Control Signals                                                                                                                           ;
+----------------+------------------+---------+--------------+--------+----------------------+------------------+---------------------------+
; Name           ; Location         ; Fan-Out ; Usage        ; Global ; Global Resource Used ; Global Line Name ; Enable Signal Source Name ;
+----------------+------------------+---------+--------------+--------+----------------------+------------------+---------------------------+
; 21mux:inst17|5 ; LCCOMB_X5_Y2_N28 ; 22      ; Clock        ; yes    ; Global Clock         ; GCLK3            ; --                        ;
; CLK            ; PIN_48           ; 8       ; Clock        ; no     ; --                   ; --               ; --                        ;
; CLK2           ; PIN_17           ; 3       ; Clock        ; yes    ; Global Clock         ; GCLK2            ; --                        ;
; CLR            ; PIN_44           ; 22      ; Async. clear ; no     ; --                   ; --               ; --                        ;
+----------------+------------------+---------+--------------+--------+----------------------+------------------+---------------------------+


+-------------------------------------------------------------------------------------------------------------------+
; Global & Other Fast Signals                                                                                       ;
+----------------+------------------+---------+----------------------+------------------+---------------------------+
; Name           ; Location         ; Fan-Out ; Global Resource Used ; Global Line Name ; Enable Signal Source Name ;
+----------------+------------------+---------+----------------------+------------------+---------------------------+
; 21mux:inst17|5 ; LCCOMB_X5_Y2_N28 ; 22      ; Global Clock         ; GCLK3            ; --                        ;
; CLK2           ; PIN_17           ; 3       ; Global Clock         ; GCLK2            ; --                        ;
+----------------+------------------+---------+----------------------+------------------+---------------------------+


+---------------------------------------+
; Non-Global High Fan-Out Signals       ;
+-----------------------------+---------+
; Name                        ; Fan-Out ;
+-----------------------------+---------+
; CLR                         ; 22      ;
; 74160:inst1|7               ; 19      ;
; 74160:inst1|6               ; 17      ;
; CLOCK:inst|inst7            ; 13      ;
; 74160:inst1|8               ; 12      ;
; CLOCK:inst|inst6~0          ; 10      ;
; CLK                         ; 8       ;
; 74160:inst9|6               ; 8       ;
; CLOCK:inst|74160:sec0|6     ; 8       ;
; CLOCK:inst|74160:hour1|7    ; 8       ;
; 74151:inst5|f74151:sub|81~3 ; 7       ;
; 74151:inst4|f74151:sub|81~3 ; 7       ;
; 74151:inst3|f74151:sub|81~3 ; 7       ;
; 74160:inst9|9               ; 6       ;
; CLOCK:inst|74160:hour0|6    ; 6       ;
; CLOCK:inst|74160:sec0|9     ; 6       ;
; CLOCK:inst|74160:min0|9     ; 6       ;
; CLOCK:inst|74160:hour0|9    ; 6       ;
; 74151:inst2|f74151:sub|81~2 ; 5       ;
; CLOCK:inst|inst43~1         ; 5       ;
; CLOCK:inst|inst43~0         ; 5       ;
; CLOCK:inst|74160:min0|6     ; 5       ;
; CLOCK:inst|74160:hour0|7    ; 5       ;
; CLOCK:inst|inst43           ; 4       ;
; CLOCK:inst|74160:sec1|6     ; 4       ;
; CLOCK:inst|74160:hour1|6    ; 4       ;
; CLOCK:inst|74160:min1|6     ; 4       ;
; CLOCK:inst|74160:sec1|8     ; 4       ;
; CLOCK:inst|74160:sec0|7     ; 4       ;
; CLOCK:inst|74160:min0|7     ; 4       ;
; 74160:inst9|7               ; 3       ;
; 74160:inst12|45~0           ; 3       ;
; 74160:inst12|7              ; 3       ;
; 74160:inst12|6              ; 3       ;
; 74160:inst12|9              ; 3       ;
; CLOCK:inst|74160:hour1|50~0 ; 3       ;
; CLOCK:inst|74160:min1|47~0  ; 3       ;
; CLOCK:inst|74160:sec0|8     ; 3       ;
; CLOCK:inst|74160:min0|8     ; 3       ;
; CLOCK:inst|74160:hour1|8    ; 3       ;
; CLOCK:inst|74160:hour0|8    ; 3       ;
; CLOCK:inst|74160:min1|8     ; 3       ;
; CLOCK:inst|74160:hour1|9    ; 3       ;
; CLOCK:inst|74160:sec1|7     ; 3       ;
; CLOCK:inst|74160:min1|7     ; 3       ;
; 74160:inst9|8               ; 2       ;
; 74160:inst12|8              ; 2       ;
; CLOCK:inst|inst7~0          ; 2       ;
; CLOCK:inst|74160:min0|25~0  ; 2       ;
; CLOCK:inst|inst43~3         ; 2       ;
+-----------------------------+---------+


+----------------------------------------------------+
; Interconnect Usage Summary                         ;
+----------------------------+-----------------------+
; Interconnect Resource Type ; Usage                 ;
+----------------------------+-----------------------+
; Block interconnects        ; 96 / 15,666 ( < 1 % ) ;
; C16 interconnects          ; 0 / 812 ( 0 % )       ;
; C4 interconnects           ; 65 / 11,424 ( < 1 % ) ;
; Direct links               ; 14 / 15,666 ( < 1 % ) ;
; Global clocks              ; 2 / 8 ( 25 % )        ;
; Local interconnects        ; 50 / 4,608 ( 1 % )    ;
; R24 interconnects          ; 2 / 652 ( < 1 % )     ;
; R4 interconnects           ; 89 / 13,328 ( < 1 % ) ;
+----------------------------+-----------------------+


+---------------------------------------------------------------------------+
; LAB Logic Elements                                                        ;
+---------------------------------------------+-----------------------------+
; Number of Logic Elements  (Average = 11.71) ; Number of LABs  (Total = 7) ;
+---------------------------------------------+-----------------------------+
; 1                                           ; 1                           ;
; 2                                           ; 0                           ;
; 3                                           ; 0                           ;
; 4                                           ; 0                           ;
; 5                                           ; 0                           ;
; 6                                           ; 0                           ;
; 7                                           ; 1                           ;
; 8                                           ; 0                           ;
; 9                                           ; 0                           ;
; 10                                          ; 0                           ;
; 11                                          ; 0                           ;
; 12                                          ; 1                           ;
; 13                                          ; 0                           ;
; 14                                          ; 1                           ;
; 15                                          ; 0                           ;
; 16                                          ; 3                           ;
+---------------------------------------------+-----------------------------+


+------------------------------------------------------------------+
; LAB-wide Signals                                                 ;
+------------------------------------+-----------------------------+
; LAB-wide Signals  (Average = 1.43) ; Number of LABs  (Total = 7) ;
+------------------------------------+-----------------------------+
; 1 Async. clear                     ; 4                           ;
; 1 Clock                            ; 6                           ;
+------------------------------------+-----------------------------+


+----------------------------------------------------------------------------+
; LAB Signals Sourced                                                        ;
+----------------------------------------------+-----------------------------+
; Number of Signals Sourced  (Average = 16.43) ; Number of LABs  (Total = 7) ;
+----------------------------------------------+-----------------------------+
; 0                                            ; 0                           ;
; 1                                            ; 0                           ;
; 2                                            ; 1                           ;
; 3                                            ; 0                           ;
; 4                                            ; 0                           ;
; 5                                            ; 0                           ;
; 6                                            ; 0                           ;
; 7                                            ; 1                           ;
; 8                                            ; 0                           ;
; 9                                            ; 0                           ;
; 10                                           ; 0                           ;
; 11                                           ; 0                           ;
; 12                                           ; 0                           ;
; 13                                           ; 0                           ;
; 14                                           ; 0                           ;
; 15                                           ; 0                           ;
; 16                                           ; 0                           ;
; 17                                           ; 0                           ;
; 18                                           ; 0                           ;
; 19                                           ; 2                           ;
; 20                                           ; 1                           ;
; 21                                           ; 0                           ;
; 22                                           ; 0                           ;
; 23                                           ; 1                           ;
; 24                                           ; 0                           ;
; 25                                           ; 1                           ;
+----------------------------------------------+-----------------------------+


+-------------------------------------------------------------------------------+
; LAB Signals Sourced Out                                                       ;
+-------------------------------------------------+-----------------------------+
; Number of Signals Sourced Out  (Average = 7.86) ; Number of LABs  (Total = 7) ;
+-------------------------------------------------+-----------------------------+
; 0                                               ; 0                           ;
; 1                                               ; 2                           ;
; 2                                               ; 0                           ;
; 3                                               ; 0                           ;
; 4                                               ; 0                           ;
; 5                                               ; 0                           ;
; 6                                               ; 0                           ;
; 7                                               ; 2                           ;
; 8                                               ; 0                           ;
; 9                                               ; 0                           ;
; 10                                              ; 0                           ;
; 11                                              ; 0                           ;
; 12                                              ; 1                           ;
; 13                                              ; 1                           ;
; 14                                              ; 1                           ;
+-------------------------------------------------+-----------------------------+


+----------------------------------------------------------------------------+
; LAB Distinct Inputs                                                        ;
+----------------------------------------------+-----------------------------+
; Number of Distinct Inputs  (Average = 10.00) ; Number of LABs  (Total = 7) ;
+----------------------------------------------+-----------------------------+
; 0                                            ; 0                           ;
; 1                                            ; 0                           ;
; 2                                            ; 1                           ;
; 3                                            ; 0                           ;
; 4                                            ; 1                           ;
; 5                                            ; 1                           ;
; 6                                            ; 0                           ;
; 7                                            ; 0                           ;
; 8                                            ; 1                           ;
; 9                                            ; 0                           ;
; 10                                           ; 0                           ;
; 11                                           ; 0                           ;
; 12                                           ; 1                           ;
; 13                                           ; 0                           ;
; 14                                           ; 0                           ;
; 15                                           ; 0                           ;
; 16                                           ; 0                           ;
; 17                                           ; 0                           ;
; 18                                           ; 1                           ;
; 19                                           ; 0                           ;
; 20                                           ; 0                           ;
; 21                                           ; 1                           ;
+----------------------------------------------+-----------------------------+


+-------------------------------------------------------------------------+
; Fitter Device Options                                                   ;
+----------------------------------------------+--------------------------+
; Option                                       ; Setting                  ;
+----------------------------------------------+--------------------------+
; Enable user-supplied start-up clock (CLKUSR) ; Off                      ;
; Enable device-wide reset (DEV_CLRn)          ; Off                      ;
; Enable device-wide output enable (DEV_OE)    ; Off                      ;
; Enable INIT_DONE output                      ; Off                      ;
; Configuration scheme                         ; Active Serial            ;
; Error detection CRC                          ; Off                      ;
; nCEO                                         ; As output driving ground ;
; ASDO,nCSO                                    ; As input tri-stated      ;
; Reserve all unused pins                      ; As output driving ground ;
; Base pin-out file on sameframe device        ; Off                      ;
+----------------------------------------------+--------------------------+


+------------------------------------+
; Operating Settings and Conditions  ;
+---------------------------+--------+
; Setting                   ; Value  ;
+---------------------------+--------+
; Nominal Core Voltage      ; 1.20 V ;
; Low Junction Temperature  ; 0 C   ;
; High Junction Temperature ; 85 C  ;
+---------------------------+--------+


+------------------------------------------------------------+
; Estimated Delay Added for Hold Timing                      ;
+-----------------+----------------------+-------------------+
; Source Clock(s) ; Destination Clock(s) ; Delay Added in ns ;
+-----------------+----------------------+-------------------+


+-----------------+
; Fitter Messages ;
+-----------------+
Info: *******************************************************************
Info: Running Quartus II Fitter
    Info: Version 9.0 Build 132 02/25/2009 SJ Full Version
    Info: Processing started: Sat May 29 16:30:16 2021
Info: Command: quartus_fit --read_settings_files=off --write_settings_files=off shuzishizhong -c shuzishizhong
Info: Parallel compilation is enabled and will use 4 of the 12 processors detected
Info: Selected device EP2C5T144C8 for design "shuzishizhong"
Info: Low junction temperature is 0 degrees C
Info: High junction temperature is 85 degrees C
Info: Fitter is performing an Auto Fit compilation, which may decrease Fitter effort to reduce compilation time
Info: Device migration not selected. If you intend to use device migration later, you may need to change the pin assignments as they may be incompatible with other devices
    Info: Device EP2C5T144I8 is compatible
    Info: Device EP2C8T144C8 is compatible
    Info: Device EP2C8T144I8 is compatible
Info: Fitter converted 3 user pins into dedicated programming pins
    Info: Pin ~ASDO~ is reserved at location 1
    Info: Pin ~nCSO~ is reserved at location 2
    Info: Pin ~LVDS41p/nCEO~ is reserved at location 76
Warning: No exact pin location assignment(s) for 1 pins of 18 total pins
    Info: Pin CLK2 not assigned to an exact location on the device
Info: Fitter is using the Classic Timing Analyzer
Info: Timing requirements not specified -- quality metrics such as performance and power consumption may be sacrificed to reduce compilation time.
Info: Automatically promoted node CLK2 (placed in PIN 17 (CLK0, LVDSCLK0p, Input))
    Info: Automatically promoted destinations to use location or clock signal Global Clock CLKCTRL_G2
Info: Automatically promoted node 21mux:inst17|5 
    Info: Automatically promoted destinations to use location or clock signal Global Clock
Info: Starting register packing
Info: Finished register packing
    Extra Info: No registers were packed into other blocks
Warning: Ignored locations or region assignments to the following nodes
    Warning: Node "SW" is assigned to location or region, but does not exist in design
Info: Fitter preparation operations ending: elapsed time is 00:00:00
Info: Fitter placement preparation operations beginning
Info: Fitter placement preparation operations ending: elapsed time is 00:00:00
Info: Fitter placement operations beginning
Info: Fitter placement was successful
Info: Fitter placement operations ending: elapsed time is 00:00:00
Info: Slack time is -4.807 ns between source register "CLOCK:inst|74160:min1|6" and destination register "CLOCK:inst|74160:min1|6"
    Info: + Largest register to register requirement is 0.698 ns
    Info:   Shortest clock path from clock "SHIFT" to destination register is 6.302 ns
        Info: 1: + IC(0.000 ns) + CELL(0.854 ns) = 0.854 ns; Loc. = Unassigned; Fanout = 1; CLK Node = 'SHIFT'
        Info: 2: + IC(1.500 ns) + CELL(0.370 ns) = 2.724 ns; Loc. = Unassigned; Fanout = 1; COMB Node = '21mux:inst17|5'
        Info: 3: + IC(2.080 ns) + CELL(0.000 ns) = 4.804 ns; Loc. = Unassigned; Fanout = 22; COMB Node = '21mux:inst17|5~clkctrl'
        Info: 4: + IC(0.832 ns) + CELL(0.666 ns) = 6.302 ns; Loc. = Unassigned; Fanout = 4; REG Node = 'CLOCK:inst|74160:min1|6'
        Info: Total cell delay = 1.890 ns ( 29.99 % )
        Info: Total interconnect delay = 4.412 ns ( 70.01 % )
    Info:   Longest clock path from clock "CLK" to destination register is 8.516 ns
        Info: 1: + IC(0.000 ns) + CELL(0.854 ns) = 0.854 ns; Loc. = Unassigned; Fanout = 8; CLK Node = 'CLK'
        Info: 2: + IC(1.422 ns) + CELL(0.970 ns) = 3.246 ns; Loc. = Unassigned; Fanout = 6; REG Node = '74160:inst9|9'
        Info: 3: + IC(0.257 ns) + CELL(0.624 ns) = 4.127 ns; Loc. = Unassigned; Fanout = 1; COMB Node = '74160:inst9|49~0'
        Info: 4: + IC(0.187 ns) + CELL(0.624 ns) = 4.938 ns; Loc. = Unassigned; Fanout = 1; COMB Node = '21mux:inst17|5'
        Info: 5: + IC(2.080 ns) + CELL(0.000 ns) = 7.018 ns; Loc. = Unassigned; Fanout = 22; COMB Node = '21mux:inst17|5~clkctrl'
        Info: 6: + IC(0.832 ns) + CELL(0.666 ns) = 8.516 ns; Loc. = Unassigned; Fanout = 4; REG Node = 'CLOCK:inst|74160:min1|6'
        Info: Total cell delay = 3.738 ns ( 43.89 % )
        Info: Total interconnect delay = 4.778 ns ( 56.11 % )
    Info:   Shortest clock path from clock "SHIFT" to source register is 6.302 ns
        Info: 1: + IC(0.000 ns) + CELL(0.854 ns) = 0.854 ns; Loc. = Unassigned; Fanout = 1; CLK Node = 'SHIFT'
        Info: 2: + IC(1.500 ns) + CELL(0.370 ns) = 2.724 ns; Loc. = Unassigned; Fanout = 1; COMB Node = '21mux:inst17|5'
        Info: 3: + IC(2.080 ns) + CELL(0.000 ns) = 4.804 ns; Loc. = Unassigned; Fanout = 22; COMB Node = '21mux:inst17|5~clkctrl'
        Info: 4: + IC(0.832 ns) + CELL(0.666 ns) = 6.302 ns; Loc. = Unassigned; Fanout = 4; REG Node = 'CLOCK:inst|74160:min1|6'
        Info: Total cell delay = 1.890 ns ( 29.99 % )
        Info: Total interconnect delay = 4.412 ns ( 70.01 % )
    Info:   Longest clock path from clock "CLK" to source register is 8.516 ns
        Info: 1: + IC(0.000 ns) + CELL(0.854 ns) = 0.854 ns; Loc. = Unassigned; Fanout = 8; CLK Node = 'CLK'
        Info: 2: + IC(1.422 ns) + CELL(0.970 ns) = 3.246 ns; Loc. = Unassigned; Fanout = 6; REG Node = '74160:inst9|9'
        Info: 3: + IC(0.257 ns) + CELL(0.624 ns) = 4.127 ns; Loc. = Unassigned; Fanout = 1; COMB Node = '74160:inst9|49~0'
        Info: 4: + IC(0.187 ns) + CELL(0.624 ns) = 4.938 ns; Loc. = Unassigned; Fanout = 1; COMB Node = '21mux:inst17|5'
        Info: 5: + IC(2.080 ns) + CELL(0.000 ns) = 7.018 ns; Loc. = Unassigned; Fanout = 22; COMB Node = '21mux:inst17|5~clkctrl'
        Info: 6: + IC(0.832 ns) + CELL(0.666 ns) = 8.516 ns; Loc. = Unassigned; Fanout = 4; REG Node = 'CLOCK:inst|74160:min1|6'
        Info: Total cell delay = 3.738 ns ( 43.89 % )
        Info: Total interconnect delay = 4.778 ns ( 56.11 % )
    Info:   Micro clock to output delay of source is 0.304 ns
    Info:   Micro setup delay of destination is -0.040 ns
    Info: - Longest register to register delay is 5.505 ns
        Info: 1: + IC(0.000 ns) + CELL(0.000 ns) = 0.000 ns; Loc. = Unassigned; Fanout = 4; REG Node = 'CLOCK:inst|74160:min1|6'
        Info: 2: + IC(1.697 ns) + CELL(0.614 ns) = 2.311 ns; Loc. = Unassigned; Fanout = 10; COMB Node = 'CLOCK:inst|inst6~0'
        Info: 3: + IC(0.187 ns) + CELL(0.624 ns) = 3.122 ns; Loc. = Unassigned; Fanout = 5; COMB Node = 'CLOCK:inst|inst43~0'
        Info: 4: + IC(2.073 ns) + CELL(0.202 ns) = 5.397 ns; Loc. = Unassigned; Fanout = 1; COMB Node = 'CLOCK:inst|74160:min1|10'
        Info: 5: + IC(0.000 ns) + CELL(0.108 ns) = 5.505 ns; Loc. = Unassigned; Fanout = 4; REG Node = 'CLOCK:inst|74160:min1|6'
        Info: Total cell delay = 1.548 ns ( 28.12 % )
        Info: Total interconnect delay = 3.957 ns ( 71.88 % )
Info: Estimated most critical path is register to register delay of 5.505 ns
    Info: 1: + IC(0.000 ns) + CELL(0.000 ns) = 0.000 ns; Loc. = LAB_X10_Y1; Fanout = 4; REG Node = 'CLOCK:inst|74160:min1|6'
    Info: 2: + IC(1.697 ns) + CELL(0.614 ns) = 2.311 ns; Loc. = LAB_X4_Y4; Fanout = 10; COMB Node = 'CLOCK:inst|inst6~0'
    Info: 3: + IC(0.187 ns) + CELL(0.624 ns) = 3.122 ns; Loc. = LAB_X4_Y4; Fanout = 5; COMB Node = 'CLOCK:inst|inst43~0'
    Info: 4: + IC(2.073 ns) + CELL(0.202 ns) = 5.397 ns; Loc. = LAB_X10_Y1; Fanout = 1; COMB Node = 'CLOCK:inst|74160:min1|10'
    Info: 5: + IC(0.000 ns) + CELL(0.108 ns) = 5.505 ns; Loc. = LAB_X10_Y1; Fanout = 4; REG Node = 'CLOCK:inst|74160:min1|6'
    Info: Total cell delay = 1.548 ns ( 28.12 % )
    Info: Total interconnect delay = 3.957 ns ( 71.88 % )
Info: Fitter routing operations beginning
Info: Average interconnect usage is 0% of the available device resources
    Info: Peak interconnect usage is 1% of the available device resources in the region that extends from location X0_Y0 to location X13_Y14
Info: Fitter routing operations ending: elapsed time is 00:00:00
Info: The Fitter performed an Auto Fit compilation.  Optimizations were skipped to reduce compilation time.
    Info: Optimizations that may affect the design's routability were skipped
    Info: Optimizations that may affect the design's timing were skipped
Info: Started post-fitting delay annotation
Warning: Found 14 output pins without output pin load capacitance assignment
    Info: Pin "OA" has no specified output pin load capacitance -- assuming default load capacitance of 0 pF for timing analysis
    Info: Pin "OB" has no specified output pin load capacitance -- assuming default load capacitance of 0 pF for timing analysis
    Info: Pin "OC" has no specified output pin load capacitance -- assuming default load capacitance of 0 pF for timing analysis
    Info: Pin "OD" has no specified output pin load capacitance -- assuming default load capacitance of 0 pF for timing analysis
    Info: Pin "OE" has no specified output pin load capacitance -- assuming default load capacitance of 0 pF for timing analysis
    Info: Pin "OF" has no specified output pin load capacitance -- assuming default load capacitance of 0 pF for timing analysis
    Info: Pin "OG" has no specified output pin load capacitance -- assuming default load capacitance of 0 pF for timing analysis
    Info: Pin "Y5" has no specified output pin load capacitance -- assuming default load capacitance of 0 pF for timing analysis
    Info: Pin "Y0" has no specified output pin load capacitance -- assuming default load capacitance of 0 pF for timing analysis
    Info: Pin "Y1" has no specified output pin load capacitance -- assuming default load capacitance of 0 pF for timing analysis
    Info: Pin "Y2" has no specified output pin load capacitance -- assuming default load capacitance of 0 pF for timing analysis
    Info: Pin "Y3" has no specified output pin load capacitance -- assuming default load capacitance of 0 pF for timing analysis
    Info: Pin "Y4" has no specified output pin load capacitance -- assuming default load capacitance of 0 pF for timing analysis
    Info: Pin "DP" has no specified output pin load capacitance -- assuming default load capacitance of 0 pF for timing analysis
Info: Delay annotation completed successfully
Warning: Following 1 pins have nothing, GND, or VCC driving datain port -- changes to this connectivity may change fitting results
    Info: Pin DP has VCC driving its datain port
Warning: The Reserve All Unused Pins setting has not been specified, and will default to 'As output driving ground'.
Info: Generated suppressed messages file F:/数电实验/shuzishizhong/shuzishizhong.fit.smsg
Info: Quartus II Fitter was successful. 0 errors, 6 warnings
    Info: Peak virtual memory: 286 megabytes
    Info: Processing ended: Sat May 29 16:30:18 2021
    Info: Elapsed time: 00:00:02
    Info: Total CPU time (on all processors): 00:00:01


+----------------------------+
; Fitter Suppressed Messages ;
+----------------------------+
The suppressed messages can be found in F:/数电实验/shuzishizhong/shuzishizhong.fit.smsg.


