Analysis & Synthesis report for shuzishizhong
Sat May 29 16:30:15 2021
Quartus II Version 9.0 Build 132 02/25/2009 SJ Full Version


---------------------
; Table of Contents ;
---------------------
  1. Legal Notice
  2. Analysis & Synthesis Summary
  3. Analysis & Synthesis Settings
  4. Analysis & Synthesis Source Files Read
  5. Analysis & Synthesis Resource Usage Summary
  6. Analysis & Synthesis Resource Utilization by Entity
  7. Registers Removed During Synthesis
  8. General Register Statistics
  9. Multiplexer Restructuring Statistics (Restructuring Performed)
 10. Parameter Settings for User Entity Instance: 74151:inst3
 11. Parameter Settings for User Entity Instance: 74151:inst4
 12. Parameter Settings for User Entity Instance: 74151:inst2
 13. Parameter Settings for User Entity Instance: 74151:inst5
 14. Analysis & Synthesis Messages



----------------
; Legal Notice ;
----------------
Copyright (C) 1991-2009 Altera Corporation
Your use of Altera Corporation's design tools, logic functions 
and other software and tools, and its AMPP partner logic 
functions, and any output files from any of the foregoing 
(including device programming or simulation files), and any 
associated documentation or information are expressly subject 
to the terms and conditions of the Altera Program License 
Subscription Agreement, Altera MegaCore Function License 
Agreement, or other applicable license agreement, including, 
without limitation, that your use is for the sole purpose of 
programming logic devices manufactured by Altera and sold by 
Altera or its authorized distributors.  Please refer to the 
applicable agreement for further details.



+-------------------------------------------------------------------------------+
; Analysis & Synthesis Summary                                                  ;
+------------------------------------+------------------------------------------+
; Analysis & Synthesis Status        ; Successful - Sat May 29 16:30:15 2021    ;
; Quartus II Version                 ; 9.0 Build 132 02/25/2009 SJ Full Version ;
; Revision Name                      ; shuzishizhong                            ;
; Top-level Entity Name              ; shuzishizhong                            ;
; Family                             ; Cyclone II                               ;
; Total logic elements               ; 82                                       ;
;     Total combinational functions  ; 82                                       ;
;     Dedicated logic registers      ; 33                                       ;
; Total registers                    ; 33                                       ;
; Total pins                         ; 18                                       ;
; Total virtual pins                 ; 0                                        ;
; Total memory bits                  ; 0                                        ;
; Embedded Multiplier 9-bit elements ; 0                                        ;
; Total PLLs                         ; 0                                        ;
+------------------------------------+------------------------------------------+


+----------------------------------------------------------------------------------------------------------+
; Analysis & Synthesis Settings                                                                            ;
+----------------------------------------------------------------+--------------------+--------------------+
; Option                                                         ; Setting            ; Default Value      ;
+----------------------------------------------------------------+--------------------+--------------------+
; Device                                                         ; EP2C5T144C8        ;                    ;
; Top-level entity name                                          ; shuzishizhong      ; shuzishizhong      ;
; Family name                                                    ; Cyclone II         ; Stratix II         ;
; Use Generated Physical Constraints File                        ; Off                ;                    ;
; Use smart compilation                                          ; Off                ; Off                ;
; Restructure Multiplexers                                       ; Auto               ; Auto               ;
; Create Debugging Nodes for IP Cores                            ; Off                ; Off                ;
; Preserve fewer node names                                      ; On                 ; On                 ;
; Disable OpenCore Plus hardware evaluation                      ; Off                ; Off                ;
; Verilog Version                                                ; Verilog_2001       ; Verilog_2001       ;
; VHDL Version                                                   ; VHDL93             ; VHDL93             ;
; State Machine Processing                                       ; Auto               ; Auto               ;
; Safe State Machine                                             ; Off                ; Off                ;
; Extract Verilog State Machines                                 ; On                 ; On                 ;
; Extract VHDL State Machines                                    ; On                 ; On                 ;
; Ignore Verilog initial constructs                              ; Off                ; Off                ;
; Iteration limit for constant Verilog loops                     ; 5000               ; 5000               ;
; Iteration limit for non-constant Verilog loops                 ; 250                ; 250                ;
; Add Pass-Through Logic to Inferred RAMs                        ; On                 ; On                 ;
; Parallel Synthesis                                             ; Off                ; Off                ;
; DSP Block Balancing                                            ; Auto               ; Auto               ;
; NOT Gate Push-Back                                             ; On                 ; On                 ;
; Power-Up Don't Care                                            ; On                 ; On                 ;
; Remove Redundant Logic Cells                                   ; Off                ; Off                ;
; Remove Duplicate Registers                                     ; On                 ; On                 ;
; Ignore CARRY Buffers                                           ; Off                ; Off                ;
; Ignore CASCADE Buffers                                         ; Off                ; Off                ;
; Ignore GLOBAL Buffers                                          ; Off                ; Off                ;
; Ignore ROW GLOBAL Buffers                                      ; Off                ; Off                ;
; Ignore LCELL Buffers                                           ; Off                ; Off                ;
; Ignore SOFT Buffers                                            ; On                 ; On                 ;
; Limit AHDL Integers to 32 Bits                                 ; Off                ; Off                ;
; Optimization Technique                                         ; Balanced           ; Balanced           ;
; Carry Chain Length                                             ; 70                 ; 70                 ;
; Auto Carry Chains                                              ; On                 ; On                 ;
; Auto Open-Drain Pins                                           ; On                 ; On                 ;
; Perform WYSIWYG Primitive Resynthesis                          ; Off                ; Off                ;
; Auto ROM Replacement                                           ; On                 ; On                 ;
; Auto RAM Replacement                                           ; On                 ; On                 ;
; Auto Shift Register Replacement                                ; Auto               ; Auto               ;
; Auto Clock Enable Replacement                                  ; On                 ; On                 ;
; Strict RAM Replacement                                         ; Off                ; Off                ;
; Allow Synchronous Control Signals                              ; On                 ; On                 ;
; Force Use of Synchronous Clear Signals                         ; Off                ; Off                ;
; Auto RAM to Logic Cell Conversion                              ; Off                ; Off                ;
; Auto Resource Sharing                                          ; Off                ; Off                ;
; Allow Any RAM Size For Recognition                             ; Off                ; Off                ;
; Allow Any ROM Size For Recognition                             ; Off                ; Off                ;
; Allow Any Shift Register Size For Recognition                  ; Off                ; Off                ;
; Use LogicLock Constraints during Resource Balancing            ; On                 ; On                 ;
; Ignore translate_off and synthesis_off directives              ; Off                ; Off                ;
; Timing-Driven Synthesis                                        ; Off                ; Off                ;
; Show Parameter Settings Tables in Synthesis Report             ; On                 ; On                 ;
; Ignore Maximum Fan-Out Assignments                             ; Off                ; Off                ;
; Synchronization Register Chain Length                          ; 2                  ; 2                  ;
; PowerPlay Power Optimization                                   ; Normal compilation ; Normal compilation ;
; HDL message level                                              ; Level2             ; Level2             ;
; Suppress Register Optimization Related Messages                ; Off                ; Off                ;
; Number of Removed Registers Reported in Synthesis Report       ; 100                ; 100                ;
; Number of Inverted Registers Reported in Synthesis Report      ; 100                ; 100                ;
; Clock MUX Protection                                           ; On                 ; On                 ;
; Auto Gated Clock Conversion                                    ; Off                ; Off                ;
; Block Design Naming                                            ; Auto               ; Auto               ;
; SDC constraint protection                                      ; Off                ; Off                ;
; Synthesis Effort                                               ; Auto               ; Auto               ;
; Allows Asynchronous Clear Usage For Shift Register Replacement ; On                 ; On                 ;
; Analysis & Synthesis Message Level                             ; Medium             ; Medium             ;
+----------------------------------------------------------------+--------------------+--------------------+


+-----------------------------------------------------------------------------------------------------------------------------------------------------------+
; Analysis & Synthesis Source Files Read                                                                                                                    ;
+----------------------------------+-----------------+------------------------------------------+-----------------------------------------------------------+
; File Name with User-Entered Path ; Used in Netlist ; File Type                                ; File Name with Absolute Path                              ;
+----------------------------------+-----------------+------------------------------------------+-----------------------------------------------------------+
; shuzishizhong.bdf                ; yes             ; User Block Diagram/Schematic File        ; F:/数电实验/shuzishizhong/shuzishizhong.bdf               ;
; 7447.bdf                         ; yes             ; Megafunction                             ; e:/altera/90/quartus/libraries/others/maxplus2/7447.bdf   ;
; 74151.tdf                        ; yes             ; Megafunction                             ; e:/altera/90/quartus/libraries/others/maxplus2/74151.tdf  ;
; aglobal.inc                      ; yes             ; Megafunction                             ; e:/altera/90/quartus/libraries/megafunctions/aglobal.inc  ;
; f74151.bdf                       ; yes             ; Megafunction                             ; e:/altera/90/quartus/libraries/others/maxplus2/f74151.bdf ;
; 74160.bdf                        ; yes             ; Megafunction                             ; e:/altera/90/quartus/libraries/others/maxplus2/74160.bdf  ;
; CLOCK.bdf                        ; yes             ; Auto-Found Block Diagram/Schematic File  ; F:/数电实验/shuzishizhong/CLOCK.bdf                       ;
; 21mux.bdf                        ; yes             ; Megafunction                             ; e:/altera/90/quartus/libraries/others/maxplus2/21mux.bdf  ;
; 74138.bdf                        ; yes             ; Megafunction                             ; e:/altera/90/quartus/libraries/others/maxplus2/74138.bdf  ;
+----------------------------------+-----------------+------------------------------------------+-----------------------------------------------------------+


+--------------------------------------------------------------+
; Analysis & Synthesis Resource Usage Summary                  ;
+---------------------------------------------+----------------+
; Resource                                    ; Usage          ;
+---------------------------------------------+----------------+
; Estimated Total logic elements              ; 82             ;
;                                             ;                ;
; Total combinational functions               ; 82             ;
; Logic element usage by number of LUT inputs ;                ;
;     -- 4 input functions                    ; 43             ;
;     -- 3 input functions                    ; 29             ;
;     -- <=2 input functions                  ; 10             ;
;                                             ;                ;
; Logic elements by mode                      ;                ;
;     -- normal mode                          ; 82             ;
;     -- arithmetic mode                      ; 0              ;
;                                             ;                ;
; Total registers                             ; 33             ;
;     -- Dedicated logic registers            ; 33             ;
;     -- I/O registers                        ; 0              ;
;                                             ;                ;
; I/O pins                                    ; 18             ;
; Maximum fan-out node                        ; 21mux:inst17|5 ;
; Maximum fan-out                             ; 22             ;
; Total fan-out                               ; 377            ;
; Average fan-out                             ; 2.83           ;
+---------------------------------------------+----------------+


+-----------------------------------------------------------------------------------------------------------------------------------------------------------------------------------------------+
; Analysis & Synthesis Resource Utilization by Entity                                                                                                                                           ;
+----------------------------+-------------------+--------------+-------------+--------------+---------+-----------+------+--------------+---------------------------------------+--------------+
; Compilation Hierarchy Node ; LC Combinationals ; LC Registers ; Memory Bits ; DSP Elements ; DSP 9x9 ; DSP 18x18 ; Pins ; Virtual Pins ; Full Hierarchy Name                   ; Library Name ;
+----------------------------+-------------------+--------------+-------------+--------------+---------+-----------+------+--------------+---------------------------------------+--------------+
; |shuzishizhong             ; 82 (0)            ; 33 (0)       ; 0           ; 0            ; 0       ; 0         ; 18   ; 0            ; |shuzishizhong                        ; work         ;
;    |21mux:inst17|          ; 1 (1)             ; 0 (0)        ; 0           ; 0            ; 0       ; 0         ; 0    ; 0            ; |shuzishizhong|21mux:inst17           ; work         ;
;    |74138:inst10|          ; 6 (6)             ; 0 (0)        ; 0           ; 0            ; 0       ; 0         ; 0    ; 0            ; |shuzishizhong|74138:inst10           ; work         ;
;    |74151:inst2|           ; 3 (0)             ; 0 (0)        ; 0           ; 0            ; 0       ; 0         ; 0    ; 0            ; |shuzishizhong|74151:inst2            ; work         ;
;       |f74151:sub|         ; 3 (3)             ; 0 (0)        ; 0           ; 0            ; 0       ; 0         ; 0    ; 0            ; |shuzishizhong|74151:inst2|f74151:sub ; work         ;
;    |74151:inst3|           ; 4 (0)             ; 0 (0)        ; 0           ; 0            ; 0       ; 0         ; 0    ; 0            ; |shuzishizhong|74151:inst3            ; work         ;
;       |f74151:sub|         ; 4 (4)             ; 0 (0)        ; 0           ; 0            ; 0       ; 0         ; 0    ; 0            ; |shuzishizhong|74151:inst3|f74151:sub ; work         ;
;    |74151:inst4|           ; 4 (0)             ; 0 (0)        ; 0           ; 0            ; 0       ; 0         ; 0    ; 0            ; |shuzishizhong|74151:inst4            ; work         ;
;       |f74151:sub|         ; 4 (4)             ; 0 (0)        ; 0           ; 0            ; 0       ; 0         ; 0    ; 0            ; |shuzishizhong|74151:inst4|f74151:sub ; work         ;
;    |74151:inst5|           ; 4 (0)             ; 0 (0)        ; 0           ; 0            ; 0       ; 0         ; 0    ; 0            ; |shuzishizhong|74151:inst5            ; work         ;
;       |f74151:sub|         ; 4 (4)             ; 0 (0)        ; 0           ; 0            ; 0       ; 0         ; 0    ; 0            ; |shuzishizhong|74151:inst5|f74151:sub ; work         ;
;    |74160:inst12|          ; 6 (6)             ; 4 (4)        ; 0           ; 0            ; 0       ; 0         ; 0    ; 0            ; |shuzishizhong|74160:inst12           ; work         ;
;    |74160:inst1|           ; 3 (3)             ; 3 (3)        ; 0           ; 0            ; 0       ; 0         ; 0    ; 0            ; |shuzishizhong|74160:inst1            ; work         ;
;    |74160:inst9|           ; 5 (5)             ; 4 (4)        ; 0           ; 0            ; 0       ; 0         ; 0    ; 0            ; |shuzishizhong|74160:inst9            ; work         ;
;    |7447:inst8|            ; 7 (7)             ; 0 (0)        ; 0           ; 0            ; 0       ; 0         ; 0    ; 0            ; |shuzishizhong|7447:inst8             ; work         ;
;    |CLOCK:inst|            ; 39 (8)            ; 22 (0)       ; 0           ; 0            ; 0       ; 0         ; 0    ; 0            ; |shuzishizhong|CLOCK:inst             ; work         ;
;       |74160:hour0|        ; 5 (5)             ; 4 (4)        ; 0           ; 0            ; 0       ; 0         ; 0    ; 0            ; |shuzishizhong|CLOCK:inst|74160:hour0 ; work         ;
;       |74160:hour1|        ; 7 (7)             ; 4 (4)        ; 0           ; 0            ; 0       ; 0         ; 0    ; 0            ; |shuzishizhong|CLOCK:inst|74160:hour1 ; work         ;
;       |74160:min0|         ; 6 (6)             ; 4 (4)        ; 0           ; 0            ; 0       ; 0         ; 0    ; 0            ; |shuzishizhong|CLOCK:inst|74160:min0  ; work         ;
;       |74160:min1|         ; 5 (5)             ; 3 (3)        ; 0           ; 0            ; 0       ; 0         ; 0    ; 0            ; |shuzishizhong|CLOCK:inst|74160:min1  ; work         ;
;       |74160:sec0|         ; 5 (5)             ; 4 (4)        ; 0           ; 0            ; 0       ; 0         ; 0    ; 0            ; |shuzishizhong|CLOCK:inst|74160:sec0  ; work         ;
;       |74160:sec1|         ; 3 (3)             ; 3 (3)        ; 0           ; 0            ; 0       ; 0         ; 0    ; 0            ; |shuzishizhong|CLOCK:inst|74160:sec1  ; work         ;
+----------------------------+-------------------+--------------+-------------+--------------+---------+-----------+------+--------------+---------------------------------------+--------------+
Note: For table entries with two numbers listed, the numbers in parentheses indicate the number of resources of the given type used by the specific entity alone. The numbers listed outside of parentheses indicate the total resources of the given type used by the specific entity and all of its sub-entities in the hierarchy.


+--------------------------------------------------------------------------------+
; Registers Removed During Synthesis                                             ;
+---------------------------------------+----------------------------------------+
; Register name                         ; Reason for Removal                     ;
+---------------------------------------+----------------------------------------+
; CLOCK:inst|74160:sec1|9               ; Stuck at GND due to stuck port data_in ;
; 74160:inst1|9                         ; Stuck at GND due to stuck port data_in ;
; CLOCK:inst|74160:min1|9               ; Stuck at GND due to stuck port data_in ;
; Total Number of Removed Registers = 3 ;                                        ;
+---------------------------------------+----------------------------------------+


+------------------------------------------------------+
; General Register Statistics                          ;
+----------------------------------------------+-------+
; Statistic                                    ; Value ;
+----------------------------------------------+-------+
; Total registers                              ; 33    ;
; Number of registers using Synchronous Clear  ; 0     ;
; Number of registers using Synchronous Load   ; 0     ;
; Number of registers using Asynchronous Clear ; 22    ;
; Number of registers using Asynchronous Load  ; 0     ;
; Number of registers using Clock Enable       ; 0     ;
; Number of registers using Preset             ; 0     ;
+----------------------------------------------+-------+


+--------------------------------------------------------------------------------------------------------------------------------------------------------+
; Multiplexer Restructuring Statistics (Restructuring Performed)                                                                                         ;
+--------------------+-----------+---------------+----------------------+------------------------+------------+------------------------------------------+
; Multiplexer Inputs ; Bus Width ; Baseline Area ; Area if Restructured ; Saving if Restructured ; Registered ; Example Multiplexer Output               ;
+--------------------+-----------+---------------+----------------------+------------------------+------------+------------------------------------------+
; 5:1                ; 4 bits    ; 12 LEs        ; 12 LEs               ; 0 LEs                  ; No         ; |shuzishizhong|74151:inst2|f74151:sub|81 ;
+--------------------+-----------+---------------+----------------------+------------------------+------------+------------------------------------------+


+----------------------------------------------------------+
; Parameter Settings for User Entity Instance: 74151:inst3 ;
+------------------------+------------+--------------------+
; Parameter Name         ; Value      ; Type               ;
+------------------------+------------+--------------------+
; DEVICE_FAMILY          ; Cyclone II ; Untyped            ;
; AUTO_CARRY_CHAINS      ; ON         ; AUTO_CARRY         ;
; IGNORE_CARRY_BUFFERS   ; OFF        ; IGNORE_CARRY       ;
; AUTO_CASCADE_CHAINS    ; ON         ; AUTO_CASCADE       ;
; IGNORE_CASCADE_BUFFERS ; OFF        ; IGNORE_CASCADE     ;
+------------------------+------------+--------------------+
Note: In order to hide this table in the UI and the text report file, please set the "Show Parameter Settings Tables in Synthesis Report" option in "Analysis and Synthesis Settings -> More Settings" to "Off".


+----------------------------------------------------------+
; Parameter Settings for User Entity Instance: 74151:inst4 ;
+------------------------+------------+--------------------+
; Parameter Name         ; Value      ; Type               ;
+------------------------+------------+--------------------+
; DEVICE_FAMILY          ; Cyclone II ; Untyped            ;
; AUTO_CARRY_CHAINS      ; ON         ; AUTO_CARRY         ;
; IGNORE_CARRY_BUFFERS   ; OFF        ; IGNORE_CARRY       ;
; AUTO_CASCADE_CHAINS    ; ON         ; AUTO_CASCADE       ;
; IGNORE_CASCADE_BUFFERS ; OFF        ; IGNORE_CASCADE     ;
+------------------------+------------+--------------------+
Note: In order to hide this table in the UI and the text report file, please set the "Show Parameter Settings Tables in Synthesis Report" option in "Analysis and Synthesis Settings -> More Settings" to "Off".


+----------------------------------------------------------+
; Parameter Settings for User Entity Instance: 74151:inst2 ;
+------------------------+------------+--------------------+
; Parameter Name         ; Value      ; Type               ;
+------------------------+------------+--------------------+
; DEVICE_FAMILY          ; Cyclone II ; Untyped            ;
; AUTO_CARRY_CHAINS      ; ON         ; AUTO_CARRY         ;
; IGNORE_CARRY_BUFFERS   ; OFF        ; IGNORE_CARRY       ;
; AUTO_CASCADE_CHAINS    ; ON         ; AUTO_CASCADE       ;
; IGNORE_CASCADE_BUFFERS ; OFF        ; IGNORE_CASCADE     ;
+------------------------+------------+--------------------+
Note: In order to hide this table in the UI and the text report file, please set the "Show Parameter Settings Tables in Synthesis Report" option in "Analysis and Synthesis Settings -> More Settings" to "Off".


+----------------------------------------------------------+
; Parameter Settings for User Entity Instance: 74151:inst5 ;
+------------------------+------------+--------------------+
; Parameter Name         ; Value      ; Type               ;
+------------------------+------------+--------------------+
; DEVICE_FAMILY          ; Cyclone II ; Untyped            ;
; AUTO_CARRY_CHAINS      ; ON         ; AUTO_CARRY         ;
; IGNORE_CARRY_BUFFERS   ; OFF        ; IGNORE_CARRY       ;
; AUTO_CASCADE_CHAINS    ; ON         ; AUTO_CASCADE       ;
; IGNORE_CASCADE_BUFFERS ; OFF        ; IGNORE_CASCADE     ;
+------------------------+------------+--------------------+
Note: In order to hide this table in the UI and the text report file, please set the "Show Parameter Settings Tables in Synthesis Report" option in "Analysis and Synthesis Settings -> More Settings" to "Off".


+-------------------------------+
; Analysis & Synthesis Messages ;
+-------------------------------+
Info: *******************************************************************
Info: Running Quartus II Analysis & Synthesis
    Info: Version 9.0 Build 132 02/25/2009 SJ Full Version
    Info: Processing started: Sat May 29 16:30:12 2021
Info: Command: quartus_map --read_settings_files=on --write_settings_files=off shuzishizhong -c shuzishizhong
Info: Found 1 design units, including 1 entities, in source file shuzishizhong.bdf
    Info: Found entity 1: shuzishizhong
Info: Elaborating entity "shuzishizhong" for the top level hierarchy
Info: Elaborating entity "7447" for hierarchy "7447:inst8"
Info: Elaborated megafunction instantiation "7447:inst8"
Info: Elaborating entity "74151" for hierarchy "74151:inst3"
Info: Elaborated megafunction instantiation "74151:inst3"
Info: Elaborating entity "f74151" for hierarchy "74151:inst3|f74151:sub"
Info: Elaborated megafunction instantiation "74151:inst3|f74151:sub", which is child of megafunction instantiation "74151:inst3"
Info: Elaborating entity "74160" for hierarchy "74160:inst1"
Info: Elaborated megafunction instantiation "74160:inst1"
Warning: Using design file CLOCK.bdf, which is not specified as a design file for the current project, but contains definitions for 1 design units and 1 entities in project
    Info: Found entity 1: CLOCK
Info: Elaborating entity "CLOCK" for hierarchy "CLOCK:inst"
Info: Elaborating entity "21mux" for hierarchy "21mux:inst17"
Info: Elaborated megafunction instantiation "21mux:inst17"
Info: Elaborating entity "74138" for hierarchy "74138:inst10"
Info: Elaborated megafunction instantiation "74138:inst10"
Info: Ignored 4 buffer(s)
    Info: Ignored 4 CASCADE buffer(s)
Warning: Clock multiplexers are found and protected
    Warning: Found clock multiplexer 21mux:inst17|5~synth
Warning: Output pins are stuck at VCC or GND
    Warning (13410): Pin "DP" is stuck at VCC
Info: Implemented 100 device resources after synthesis - the final resource count might be different
    Info: Implemented 4 input pins
    Info: Implemented 14 output pins
    Info: Implemented 82 logic cells
Info: Quartus II Analysis & Synthesis was successful. 0 errors, 5 warnings
    Info: Peak virtual memory: 238 megabytes
    Info: Processing ended: Sat May 29 16:30:15 2021
    Info: Elapsed time: 00:00:03
    Info: Total CPU time (on all processors): 00:00:01


