TimeQuest Timing Analyzer report for modTen
Sat Jan 25 20:54:49 2014
Quartus II 32-bit Version 13.1.0 Build 162 10/23/2013 SJ Full Version


---------------------
; Table of Contents ;
---------------------
  1. Legal Notice
  2. TimeQuest Timing Analyzer Summary
  3. Parallel Compilation
  4. Clocks
  5. Slow 1200mV 85C Model Fmax Summary
  6. Timing Closure Recommendations
  7. Slow 1200mV 85C Model Setup Summary
  8. Slow 1200mV 85C Model Hold Summary
  9. Slow 1200mV 85C Model Recovery Summary
 10. Slow 1200mV 85C Model Removal Summary
 11. Slow 1200mV 85C Model Minimum Pulse Width Summary
 12. Slow 1200mV 85C Model Setup: 'CP'
 13. Slow 1200mV 85C Model Hold: 'CP'
 14. Slow 1200mV 85C Model Recovery: 'CP'
 15. Slow 1200mV 85C Model Removal: 'CP'
 16. Slow 1200mV 85C Model Minimum Pulse Width: 'CP'
 17. Clock to Output Times
 18. Minimum Clock to Output Times
 19. Slow 1200mV 85C Model Metastability Report
 20. Slow 1200mV 0C Model Fmax Summary
 21. Slow 1200mV 0C Model Setup Summary
 22. Slow 1200mV 0C Model Hold Summary
 23. Slow 1200mV 0C Model Recovery Summary
 24. Slow 1200mV 0C Model Removal Summary
 25. Slow 1200mV 0C Model Minimum Pulse Width Summary
 26. Slow 1200mV 0C Model Setup: 'CP'
 27. Slow 1200mV 0C Model Hold: 'CP'
 28. Slow 1200mV 0C Model Recovery: 'CP'
 29. Slow 1200mV 0C Model Removal: 'CP'
 30. Slow 1200mV 0C Model Minimum Pulse Width: 'CP'
 31. Clock to Output Times
 32. Minimum Clock to Output Times
 33. Slow 1200mV 0C Model Metastability Report
 34. Fast 1200mV 0C Model Setup Summary
 35. Fast 1200mV 0C Model Hold Summary
 36. Fast 1200mV 0C Model Recovery Summary
 37. Fast 1200mV 0C Model Removal Summary
 38. Fast 1200mV 0C Model Minimum Pulse Width Summary
 39. Fast 1200mV 0C Model Setup: 'CP'
 40. Fast 1200mV 0C Model Hold: 'CP'
 41. Fast 1200mV 0C Model Recovery: 'CP'
 42. Fast 1200mV 0C Model Removal: 'CP'
 43. Fast 1200mV 0C Model Minimum Pulse Width: 'CP'
 44. Clock to Output Times
 45. Minimum Clock to Output Times
 46. Fast 1200mV 0C Model Metastability Report
 47. Multicorner Timing Analysis Summary
 48. Clock to Output Times
 49. Minimum Clock to Output Times
 50. Board Trace Model Assignments
 51. Input Transition Times
 52. Signal Integrity Metrics (Slow 1200mv 0c Model)
 53. Signal Integrity Metrics (Slow 1200mv 85c Model)
 54. Signal Integrity Metrics (Fast 1200mv 0c Model)
 55. Setup Transfers
 56. Hold Transfers
 57. Recovery Transfers
 58. Removal Transfers
 59. Report TCCS
 60. Report RSKM
 61. Unconstrained Paths
 62. TimeQuest Timing Analyzer Messages



----------------
; Legal Notice ;
----------------
Copyright (C) 1991-2013 Altera Corporation
Your use of Altera Corporation's design tools, logic functions 
and other software and tools, and its AMPP partner logic 
functions, and any output files from any of the foregoing 
(including device programming or simulation files), and any 
associated documentation or information are expressly subject 
to the terms and conditions of the Altera Program License 
Subscription Agreement, Altera MegaCore Function License 
Agreement, or other applicable license agreement, including, 
without limitation, that your use is for the sole purpose of 
programming logic devices manufactured by Altera and sold by 
Altera or its authorized distributors.  Please refer to the 
applicable agreement for further details.



+--------------------------------------------------------------------------+
; TimeQuest Timing Analyzer Summary                                        ;
+--------------------+-----------------------------------------------------+
; Quartus II Version ; Version 13.1.0 Build 162 10/23/2013 SJ Full Version ;
; Revision Name      ; modTen                                              ;
; Device Family      ; Cyclone IV E                                        ;
; Device Name        ; EP4CE10E22C8                                        ;
; Timing Models      ; Final                                               ;
; Delay Model        ; Combined                                            ;
; Rise/Fall Delays   ; Enabled                                             ;
+--------------------+-----------------------------------------------------+


+------------------------------------------+
; Parallel Compilation                     ;
+----------------------------+-------------+
; Processors                 ; Number      ;
+----------------------------+-------------+
; Number detected on machine ; 2           ;
; Maximum allowed            ; 2           ;
;                            ;             ;
; Average used               ; 1.00        ;
; Maximum used               ; 2           ;
;                            ;             ;
; Usage by Processor         ; % Time Used ;
;     Processor 1            ; 100.0%      ;
;     Processor 2            ; < 0.1%      ;
+----------------------------+-------------+


+---------------------------------------------------------------------------------------------------------------------------------------------------------------------------------+
; Clocks                                                                                                                                                                          ;
+------------+------+--------+------------+-------+-------+------------+-----------+-------------+-------+--------+-----------+------------+----------+--------+--------+---------+
; Clock Name ; Type ; Period ; Frequency  ; Rise  ; Fall  ; Duty Cycle ; Divide by ; Multiply by ; Phase ; Offset ; Edge List ; Edge Shift ; Inverted ; Master ; Source ; Targets ;
+------------+------+--------+------------+-------+-------+------------+-----------+-------------+-------+--------+-----------+------------+----------+--------+--------+---------+
; CP         ; Base ; 1.000  ; 1000.0 MHz ; 0.000 ; 0.500 ;            ;           ;             ;       ;        ;           ;            ;          ;        ;        ; { CP }  ;
+------------+------+--------+------------+-------+-------+------------+-----------+-------------+-------+--------+-----------+------------+----------+--------+--------+---------+


+-----------------------------------------------------------------------------------------------------------+
; Slow 1200mV 85C Model Fmax Summary                                                                        ;
+------------+-----------------+------------+---------------------------------------------------------------+
; Fmax       ; Restricted Fmax ; Clock Name ; Note                                                          ;
+------------+-----------------+------------+---------------------------------------------------------------+
; 768.64 MHz ; 250.0 MHz       ; CP         ; limit due to minimum period restriction (max I/O toggle rate) ;
+------------+-----------------+------------+---------------------------------------------------------------+
This panel reports FMAX for every clock in the design, regardless of the user-specified clock periods.  FMAX is only computed for paths where the source and destination registers or ports are driven by the same clock.  Paths of different clocks, including generated clocks, are ignored.  For paths between a clock and its inversion, FMAX is computed as if the rising and falling edges are scaled along with FMAX, such that the duty cycle (in terms of a percentage) is maintained. Altera recommends that you always use clock constraints and other slack reports for sign-off analysis.


----------------------------------
; Timing Closure Recommendations ;
----------------------------------
HTML report is unavailable in plain text report export.


+-------------------------------------+
; Slow 1200mV 85C Model Setup Summary ;
+-------+--------+--------------------+
; Clock ; Slack  ; End Point TNS      ;
+-------+--------+--------------------+
; CP    ; -0.301 ; -0.711             ;
+-------+--------+--------------------+


+------------------------------------+
; Slow 1200mV 85C Model Hold Summary ;
+-------+-------+--------------------+
; Clock ; Slack ; End Point TNS      ;
+-------+-------+--------------------+
; CP    ; 0.485 ; 0.000              ;
+-------+-------+--------------------+


+----------------------------------------+
; Slow 1200mV 85C Model Recovery Summary ;
+-------+--------+-----------------------+
; Clock ; Slack  ; End Point TNS         ;
+-------+--------+-----------------------+
; CP    ; -1.564 ; -6.251                ;
+-------+--------+-----------------------+


+---------------------------------------+
; Slow 1200mV 85C Model Removal Summary ;
+-------+-------+-----------------------+
; Clock ; Slack ; End Point TNS         ;
+-------+-------+-----------------------+
; CP    ; 1.796 ; 0.000                 ;
+-------+-------+-----------------------+


+---------------------------------------------------+
; Slow 1200mV 85C Model Minimum Pulse Width Summary ;
+-------+--------+----------------------------------+
; Clock ; Slack  ; End Point TNS                    ;
+-------+--------+----------------------------------+
; CP    ; -3.000 ; -8.948                           ;
+-------+--------+----------------------------------+


+------------------------------------------------------------------------------------------------------+
; Slow 1200mV 85C Model Setup: 'CP'                                                                    ;
+--------+-----------+-----------+--------------+-------------+--------------+------------+------------+
; Slack  ; From Node ; To Node   ; Launch Clock ; Latch Clock ; Relationship ; Clock Skew ; Data Delay ;
+--------+-----------+-----------+--------------+-------------+--------------+------------+------------+
; -0.301 ; 7474:D1|9 ; inst11    ; CP           ; CP          ; 1.000        ; -0.054     ; 1.268      ;
; -0.292 ; 7474:D0|9 ; 7474:D2|9 ; CP           ; CP          ; 1.000        ; -0.054     ; 1.259      ;
; -0.288 ; 7474:D0|9 ; inst11    ; CP           ; CP          ; 1.000        ; -0.054     ; 1.255      ;
; -0.118 ; 7474:D0|9 ; 7474:D1|9 ; CP           ; CP          ; 1.000        ; -0.054     ; 1.085      ;
; 0.006  ; 7474:D1|9 ; 7474:D2|9 ; CP           ; CP          ; 1.000        ; -0.054     ; 0.961      ;
; 0.032  ; 7474:D2|9 ; inst11    ; CP           ; CP          ; 1.000        ; -0.054     ; 0.935      ;
; 0.114  ; 7474:D0|9 ; 7474:D0|9 ; CP           ; CP          ; 1.000        ; -0.049     ; 0.858      ;
; 0.114  ; 7474:D1|9 ; 7474:D1|9 ; CP           ; CP          ; 1.000        ; -0.049     ; 0.858      ;
; 0.114  ; 7474:D2|9 ; 7474:D2|9 ; CP           ; CP          ; 1.000        ; -0.049     ; 0.858      ;
; 0.114  ; inst11    ; inst11    ; CP           ; CP          ; 1.000        ; -0.049     ; 0.858      ;
+--------+-----------+-----------+--------------+-------------+--------------+------------+------------+


+-----------------------------------------------------------------------------------------------------+
; Slow 1200mV 85C Model Hold: 'CP'                                                                    ;
+-------+-----------+-----------+--------------+-------------+--------------+------------+------------+
; Slack ; From Node ; To Node   ; Launch Clock ; Latch Clock ; Relationship ; Clock Skew ; Data Delay ;
+-------+-----------+-----------+--------------+-------------+--------------+------------+------------+
; 0.485 ; 7474:D1|9 ; 7474:D1|9 ; CP           ; CP          ; 0.000        ; 0.049      ; 0.746      ;
; 0.485 ; inst11    ; inst11    ; CP           ; CP          ; 0.000        ; 0.049      ; 0.746      ;
; 0.485 ; 7474:D2|9 ; 7474:D2|9 ; CP           ; CP          ; 0.000        ; 0.049      ; 0.746      ;
; 0.497 ; 7474:D0|9 ; 7474:D0|9 ; CP           ; CP          ; 0.000        ; 0.049      ; 0.758      ;
; 0.546 ; 7474:D2|9 ; inst11    ; CP           ; CP          ; 0.000        ; 0.054      ; 0.812      ;
; 0.568 ; 7474:D1|9 ; 7474:D2|9 ; CP           ; CP          ; 0.000        ; 0.054      ; 0.834      ;
; 0.736 ; 7474:D0|9 ; 7474:D1|9 ; CP           ; CP          ; 0.000        ; 0.054      ; 1.002      ;
; 0.806 ; 7474:D0|9 ; inst11    ; CP           ; CP          ; 0.000        ; 0.054      ; 1.072      ;
; 0.809 ; 7474:D0|9 ; 7474:D2|9 ; CP           ; CP          ; 0.000        ; 0.054      ; 1.075      ;
; 0.825 ; 7474:D1|9 ; inst11    ; CP           ; CP          ; 0.000        ; 0.054      ; 1.091      ;
+-------+-----------+-----------+--------------+-------------+--------------+------------+------------+


+------------------------------------------------------------------------------------------------------+
; Slow 1200mV 85C Model Recovery: 'CP'                                                                 ;
+--------+-----------+-----------+--------------+-------------+--------------+------------+------------+
; Slack  ; From Node ; To Node   ; Launch Clock ; Latch Clock ; Relationship ; Clock Skew ; Data Delay ;
+--------+-----------+-----------+--------------+-------------+--------------+------------+------------+
; -1.564 ; 7474:D0|9 ; inst11    ; CP           ; CP          ; 1.000        ; -0.054     ; 2.531      ;
; -1.564 ; 7474:D0|9 ; 7474:D2|9 ; CP           ; CP          ; 1.000        ; -0.054     ; 2.531      ;
; -1.564 ; 7474:D0|9 ; 7474:D1|9 ; CP           ; CP          ; 1.000        ; -0.054     ; 2.531      ;
; -1.559 ; 7474:D0|9 ; 7474:D0|9 ; CP           ; CP          ; 1.000        ; -0.049     ; 2.531      ;
; -1.418 ; 7474:D2|9 ; 7474:D0|9 ; CP           ; CP          ; 1.000        ; -0.054     ; 2.385      ;
; -1.418 ; 7474:D2|9 ; 7474:D1|9 ; CP           ; CP          ; 1.000        ; -0.054     ; 2.385      ;
; -1.418 ; 7474:D2|9 ; inst11    ; CP           ; CP          ; 1.000        ; -0.054     ; 2.385      ;
; -1.413 ; 7474:D2|9 ; 7474:D2|9 ; CP           ; CP          ; 1.000        ; -0.049     ; 2.385      ;
; -1.355 ; 7474:D1|9 ; inst11    ; CP           ; CP          ; 1.000        ; -0.054     ; 2.322      ;
; -1.355 ; 7474:D1|9 ; 7474:D0|9 ; CP           ; CP          ; 1.000        ; -0.054     ; 2.322      ;
; -1.355 ; 7474:D1|9 ; 7474:D2|9 ; CP           ; CP          ; 1.000        ; -0.054     ; 2.322      ;
; -1.350 ; 7474:D1|9 ; 7474:D1|9 ; CP           ; CP          ; 1.000        ; -0.049     ; 2.322      ;
; -1.290 ; inst11    ; 7474:D0|9 ; CP           ; CP          ; 1.000        ; -0.054     ; 2.257      ;
; -1.290 ; inst11    ; 7474:D1|9 ; CP           ; CP          ; 1.000        ; -0.054     ; 2.257      ;
; -1.290 ; inst11    ; 7474:D2|9 ; CP           ; CP          ; 1.000        ; -0.054     ; 2.257      ;
; -1.285 ; inst11    ; inst11    ; CP           ; CP          ; 1.000        ; -0.049     ; 2.257      ;
+--------+-----------+-----------+--------------+-------------+--------------+------------+------------+


+-----------------------------------------------------------------------------------------------------+
; Slow 1200mV 85C Model Removal: 'CP'                                                                 ;
+-------+-----------+-----------+--------------+-------------+--------------+------------+------------+
; Slack ; From Node ; To Node   ; Launch Clock ; Latch Clock ; Relationship ; Clock Skew ; Data Delay ;
+-------+-----------+-----------+--------------+-------------+--------------+------------+------------+
; 1.796 ; inst11    ; 7474:D0|9 ; CP           ; CP          ; 0.000        ; 0.054      ; 2.062      ;
; 1.796 ; inst11    ; 7474:D1|9 ; CP           ; CP          ; 0.000        ; 0.054      ; 2.062      ;
; 1.796 ; inst11    ; 7474:D2|9 ; CP           ; CP          ; 0.000        ; 0.054      ; 2.062      ;
; 1.801 ; inst11    ; inst11    ; CP           ; CP          ; 0.000        ; 0.049      ; 2.062      ;
; 1.922 ; 7474:D1|9 ; inst11    ; CP           ; CP          ; 0.000        ; 0.054      ; 2.188      ;
; 1.922 ; 7474:D1|9 ; 7474:D0|9 ; CP           ; CP          ; 0.000        ; 0.054      ; 2.188      ;
; 1.922 ; 7474:D1|9 ; 7474:D2|9 ; CP           ; CP          ; 0.000        ; 0.054      ; 2.188      ;
; 1.927 ; 7474:D1|9 ; 7474:D1|9 ; CP           ; CP          ; 0.000        ; 0.049      ; 2.188      ;
; 1.952 ; 7474:D2|9 ; 7474:D0|9 ; CP           ; CP          ; 0.000        ; 0.054      ; 2.218      ;
; 1.952 ; 7474:D2|9 ; 7474:D1|9 ; CP           ; CP          ; 0.000        ; 0.054      ; 2.218      ;
; 1.952 ; 7474:D2|9 ; inst11    ; CP           ; CP          ; 0.000        ; 0.054      ; 2.218      ;
; 1.957 ; 7474:D2|9 ; 7474:D2|9 ; CP           ; CP          ; 0.000        ; 0.049      ; 2.218      ;
; 2.095 ; 7474:D0|9 ; inst11    ; CP           ; CP          ; 0.000        ; 0.054      ; 2.361      ;
; 2.095 ; 7474:D0|9 ; 7474:D2|9 ; CP           ; CP          ; 0.000        ; 0.054      ; 2.361      ;
; 2.095 ; 7474:D0|9 ; 7474:D1|9 ; CP           ; CP          ; 0.000        ; 0.054      ; 2.361      ;
; 2.100 ; 7474:D0|9 ; 7474:D0|9 ; CP           ; CP          ; 0.000        ; 0.049      ; 2.361      ;
+-------+-----------+-----------+--------------+-------------+--------------+------------+------------+


+---------------------------------------------------------------------------------------------+
; Slow 1200mV 85C Model Minimum Pulse Width: 'CP'                                             ;
+--------+--------------+----------------+------------------+-------+------------+------------+
; Slack  ; Actual Width ; Required Width ; Type             ; Clock ; Clock Edge ; Target     ;
+--------+--------------+----------------+------------------+-------+------------+------------+
; -3.000 ; 1.000        ; 4.000          ; Port Rate        ; CP    ; Rise       ; CP         ;
; -1.487 ; 1.000        ; 2.487          ; Min Period       ; CP    ; Rise       ; 7474:D0|9  ;
; -1.487 ; 1.000        ; 2.487          ; Min Period       ; CP    ; Rise       ; 7474:D1|9  ;
; -1.487 ; 1.000        ; 2.487          ; Min Period       ; CP    ; Rise       ; 7474:D2|9  ;
; -1.487 ; 1.000        ; 2.487          ; Min Period       ; CP    ; Rise       ; inst11     ;
; 0.199  ; 0.419        ; 0.220          ; High Pulse Width ; CP    ; Rise       ; 7474:D0|9  ;
; 0.199  ; 0.419        ; 0.220          ; High Pulse Width ; CP    ; Rise       ; 7474:D1|9  ;
; 0.199  ; 0.419        ; 0.220          ; High Pulse Width ; CP    ; Rise       ; 7474:D2|9  ;
; 0.199  ; 0.419        ; 0.220          ; High Pulse Width ; CP    ; Rise       ; inst11     ;
; 0.390  ; 0.578        ; 0.188          ; Low Pulse Width  ; CP    ; Rise       ; 7474:D0|9  ;
; 0.390  ; 0.578        ; 0.188          ; Low Pulse Width  ; CP    ; Rise       ; 7474:D1|9  ;
; 0.390  ; 0.578        ; 0.188          ; Low Pulse Width  ; CP    ; Rise       ; 7474:D2|9  ;
; 0.390  ; 0.578        ; 0.188          ; Low Pulse Width  ; CP    ; Rise       ; inst11     ;
; 0.453  ; 0.453        ; 0.000          ; Low Pulse Width  ; CP    ; Rise       ; CP~input|o ;
; 0.468  ; 0.468        ; 0.000          ; High Pulse Width ; CP    ; Rise       ; D0|9|clk   ;
; 0.468  ; 0.468        ; 0.000          ; High Pulse Width ; CP    ; Rise       ; D1|9|clk   ;
; 0.468  ; 0.468        ; 0.000          ; High Pulse Width ; CP    ; Rise       ; D2|9|clk   ;
; 0.468  ; 0.468        ; 0.000          ; High Pulse Width ; CP    ; Rise       ; inst11|clk ;
; 0.500  ; 0.500        ; 0.000          ; High Pulse Width ; CP    ; Rise       ; CP~input|i ;
; 0.500  ; 0.500        ; 0.000          ; Low Pulse Width  ; CP    ; Rise       ; CP~input|i ;
; 0.530  ; 0.530        ; 0.000          ; Low Pulse Width  ; CP    ; Rise       ; D0|9|clk   ;
; 0.530  ; 0.530        ; 0.000          ; Low Pulse Width  ; CP    ; Rise       ; D1|9|clk   ;
; 0.530  ; 0.530        ; 0.000          ; Low Pulse Width  ; CP    ; Rise       ; D2|9|clk   ;
; 0.530  ; 0.530        ; 0.000          ; Low Pulse Width  ; CP    ; Rise       ; inst11|clk ;
; 0.547  ; 0.547        ; 0.000          ; High Pulse Width ; CP    ; Rise       ; CP~input|o ;
+--------+--------------+----------------+------------------+-------+------------+------------+


+-----------------------------------------------------------------------+
; Clock to Output Times                                                 ;
+-----------+------------+-------+-------+------------+-----------------+
; Data Port ; Clock Port ; Rise  ; Fall  ; Clock Edge ; Clock Reference ;
+-----------+------------+-------+-------+------------+-----------------+
; Q0        ; CP         ; 6.882 ; 6.749 ; Rise       ; CP              ;
; Q1        ; CP         ; 7.226 ; 7.027 ; Rise       ; CP              ;
; Q2        ; CP         ; 8.994 ; 8.859 ; Rise       ; CP              ;
; Q3        ; CP         ; 7.502 ; 7.275 ; Rise       ; CP              ;
+-----------+------------+-------+-------+------------+-----------------+


+-----------------------------------------------------------------------+
; Minimum Clock to Output Times                                         ;
+-----------+------------+-------+-------+------------+-----------------+
; Data Port ; Clock Port ; Rise  ; Fall  ; Clock Edge ; Clock Reference ;
+-----------+------------+-------+-------+------------+-----------------+
; Q0        ; CP         ; 6.640 ; 6.510 ; Rise       ; CP              ;
; Q1        ; CP         ; 6.971 ; 6.778 ; Rise       ; CP              ;
; Q2        ; CP         ; 8.726 ; 8.598 ; Rise       ; CP              ;
; Q3        ; CP         ; 7.235 ; 7.015 ; Rise       ; CP              ;
+-----------+------------+-------+-------+------------+-----------------+


----------------------------------------------
; Slow 1200mV 85C Model Metastability Report ;
----------------------------------------------
No synchronizer chains to report.


+-----------------------------------------------------------------------------------------------------------+
; Slow 1200mV 0C Model Fmax Summary                                                                         ;
+------------+-----------------+------------+---------------------------------------------------------------+
; Fmax       ; Restricted Fmax ; Clock Name ; Note                                                          ;
+------------+-----------------+------------+---------------------------------------------------------------+
; 853.24 MHz ; 250.0 MHz       ; CP         ; limit due to minimum period restriction (max I/O toggle rate) ;
+------------+-----------------+------------+---------------------------------------------------------------+
This panel reports FMAX for every clock in the design, regardless of the user-specified clock periods.  FMAX is only computed for paths where the source and destination registers or ports are driven by the same clock.  Paths of different clocks, including generated clocks, are ignored.  For paths between a clock and its inversion, FMAX is computed as if the rising and falling edges are scaled along with FMAX, such that the duty cycle (in terms of a percentage) is maintained. Altera recommends that you always use clock constraints and other slack reports for sign-off analysis.


+------------------------------------+
; Slow 1200mV 0C Model Setup Summary ;
+-------+--------+-------------------+
; Clock ; Slack  ; End Point TNS     ;
+-------+--------+-------------------+
; CP    ; -0.172 ; -0.373            ;
+-------+--------+-------------------+


+-----------------------------------+
; Slow 1200mV 0C Model Hold Summary ;
+-------+-------+-------------------+
; Clock ; Slack ; End Point TNS     ;
+-------+-------+-------------------+
; CP    ; 0.430 ; 0.000             ;
+-------+-------+-------------------+


+---------------------------------------+
; Slow 1200mV 0C Model Recovery Summary ;
+-------+--------+----------------------+
; Clock ; Slack  ; End Point TNS        ;
+-------+--------+----------------------+
; CP    ; -1.357 ; -5.422               ;
+-------+--------+----------------------+


+--------------------------------------+
; Slow 1200mV 0C Model Removal Summary ;
+-------+-------+----------------------+
; Clock ; Slack ; End Point TNS        ;
+-------+-------+----------------------+
; CP    ; 1.654 ; 0.000                ;
+-------+-------+----------------------+


+--------------------------------------------------+
; Slow 1200mV 0C Model Minimum Pulse Width Summary ;
+-------+--------+---------------------------------+
; Clock ; Slack  ; End Point TNS                   ;
+-------+--------+---------------------------------+
; CP    ; -3.000 ; -8.948                          ;
+-------+--------+---------------------------------+


+------------------------------------------------------------------------------------------------------+
; Slow 1200mV 0C Model Setup: 'CP'                                                                     ;
+--------+-----------+-----------+--------------+-------------+--------------+------------+------------+
; Slack  ; From Node ; To Node   ; Launch Clock ; Latch Clock ; Relationship ; Clock Skew ; Data Delay ;
+--------+-----------+-----------+--------------+-------------+--------------+------------+------------+
; -0.172 ; 7474:D1|9 ; inst11    ; CP           ; CP          ; 1.000        ; -0.050     ; 1.144      ;
; -0.163 ; 7474:D0|9 ; 7474:D2|9 ; CP           ; CP          ; 1.000        ; -0.050     ; 1.135      ;
; -0.159 ; 7474:D0|9 ; inst11    ; CP           ; CP          ; 1.000        ; -0.050     ; 1.131      ;
; -0.038 ; 7474:D0|9 ; 7474:D1|9 ; CP           ; CP          ; 1.000        ; -0.050     ; 1.010      ;
; 0.100  ; 7474:D1|9 ; 7474:D2|9 ; CP           ; CP          ; 1.000        ; -0.050     ; 0.872      ;
; 0.122  ; 7474:D2|9 ; inst11    ; CP           ; CP          ; 1.000        ; -0.050     ; 0.850      ;
; 0.208  ; 7474:D0|9 ; 7474:D0|9 ; CP           ; CP          ; 1.000        ; -0.044     ; 0.770      ;
; 0.208  ; 7474:D1|9 ; 7474:D1|9 ; CP           ; CP          ; 1.000        ; -0.044     ; 0.770      ;
; 0.208  ; inst11    ; inst11    ; CP           ; CP          ; 1.000        ; -0.044     ; 0.770      ;
; 0.208  ; 7474:D2|9 ; 7474:D2|9 ; CP           ; CP          ; 1.000        ; -0.044     ; 0.770      ;
+--------+-----------+-----------+--------------+-------------+--------------+------------+------------+


+-----------------------------------------------------------------------------------------------------+
; Slow 1200mV 0C Model Hold: 'CP'                                                                     ;
+-------+-----------+-----------+--------------+-------------+--------------+------------+------------+
; Slack ; From Node ; To Node   ; Launch Clock ; Latch Clock ; Relationship ; Clock Skew ; Data Delay ;
+-------+-----------+-----------+--------------+-------------+--------------+------------+------------+
; 0.430 ; 7474:D1|9 ; 7474:D1|9 ; CP           ; CP          ; 0.000        ; 0.044      ; 0.669      ;
; 0.430 ; 7474:D2|9 ; 7474:D2|9 ; CP           ; CP          ; 0.000        ; 0.044      ; 0.669      ;
; 0.430 ; inst11    ; inst11    ; CP           ; CP          ; 0.000        ; 0.044      ; 0.669      ;
; 0.445 ; 7474:D0|9 ; 7474:D0|9 ; CP           ; CP          ; 0.000        ; 0.044      ; 0.684      ;
; 0.501 ; 7474:D2|9 ; inst11    ; CP           ; CP          ; 0.000        ; 0.050      ; 0.746      ;
; 0.523 ; 7474:D1|9 ; 7474:D2|9 ; CP           ; CP          ; 0.000        ; 0.050      ; 0.768      ;
; 0.661 ; 7474:D0|9 ; 7474:D1|9 ; CP           ; CP          ; 0.000        ; 0.050      ; 0.906      ;
; 0.746 ; 7474:D0|9 ; inst11    ; CP           ; CP          ; 0.000        ; 0.050      ; 0.991      ;
; 0.750 ; 7474:D0|9 ; 7474:D2|9 ; CP           ; CP          ; 0.000        ; 0.050      ; 0.995      ;
; 0.762 ; 7474:D1|9 ; inst11    ; CP           ; CP          ; 0.000        ; 0.050      ; 1.007      ;
+-------+-----------+-----------+--------------+-------------+--------------+------------+------------+


+------------------------------------------------------------------------------------------------------+
; Slow 1200mV 0C Model Recovery: 'CP'                                                                  ;
+--------+-----------+-----------+--------------+-------------+--------------+------------+------------+
; Slack  ; From Node ; To Node   ; Launch Clock ; Latch Clock ; Relationship ; Clock Skew ; Data Delay ;
+--------+-----------+-----------+--------------+-------------+--------------+------------+------------+
; -1.357 ; 7474:D0|9 ; inst11    ; CP           ; CP          ; 1.000        ; -0.050     ; 2.329      ;
; -1.357 ; 7474:D0|9 ; 7474:D2|9 ; CP           ; CP          ; 1.000        ; -0.050     ; 2.329      ;
; -1.357 ; 7474:D0|9 ; 7474:D1|9 ; CP           ; CP          ; 1.000        ; -0.050     ; 2.329      ;
; -1.351 ; 7474:D0|9 ; 7474:D0|9 ; CP           ; CP          ; 1.000        ; -0.044     ; 2.329      ;
; -1.220 ; 7474:D2|9 ; 7474:D0|9 ; CP           ; CP          ; 1.000        ; -0.050     ; 2.192      ;
; -1.220 ; 7474:D2|9 ; 7474:D1|9 ; CP           ; CP          ; 1.000        ; -0.050     ; 2.192      ;
; -1.220 ; 7474:D2|9 ; inst11    ; CP           ; CP          ; 1.000        ; -0.050     ; 2.192      ;
; -1.214 ; 7474:D2|9 ; 7474:D2|9 ; CP           ; CP          ; 1.000        ; -0.044     ; 2.192      ;
; -1.144 ; 7474:D1|9 ; inst11    ; CP           ; CP          ; 1.000        ; -0.050     ; 2.116      ;
; -1.144 ; 7474:D1|9 ; 7474:D0|9 ; CP           ; CP          ; 1.000        ; -0.050     ; 2.116      ;
; -1.144 ; 7474:D1|9 ; 7474:D2|9 ; CP           ; CP          ; 1.000        ; -0.050     ; 2.116      ;
; -1.138 ; 7474:D1|9 ; 7474:D1|9 ; CP           ; CP          ; 1.000        ; -0.044     ; 2.116      ;
; -1.068 ; inst11    ; 7474:D0|9 ; CP           ; CP          ; 1.000        ; -0.050     ; 2.040      ;
; -1.068 ; inst11    ; 7474:D1|9 ; CP           ; CP          ; 1.000        ; -0.050     ; 2.040      ;
; -1.068 ; inst11    ; 7474:D2|9 ; CP           ; CP          ; 1.000        ; -0.050     ; 2.040      ;
; -1.062 ; inst11    ; inst11    ; CP           ; CP          ; 1.000        ; -0.044     ; 2.040      ;
+--------+-----------+-----------+--------------+-------------+--------------+------------+------------+


+-----------------------------------------------------------------------------------------------------+
; Slow 1200mV 0C Model Removal: 'CP'                                                                  ;
+-------+-----------+-----------+--------------+-------------+--------------+------------+------------+
; Slack ; From Node ; To Node   ; Launch Clock ; Latch Clock ; Relationship ; Clock Skew ; Data Delay ;
+-------+-----------+-----------+--------------+-------------+--------------+------------+------------+
; 1.654 ; inst11    ; 7474:D0|9 ; CP           ; CP          ; 0.000        ; 0.050      ; 1.899      ;
; 1.654 ; inst11    ; 7474:D1|9 ; CP           ; CP          ; 0.000        ; 0.050      ; 1.899      ;
; 1.654 ; inst11    ; 7474:D2|9 ; CP           ; CP          ; 0.000        ; 0.050      ; 1.899      ;
; 1.660 ; inst11    ; inst11    ; CP           ; CP          ; 0.000        ; 0.044      ; 1.899      ;
; 1.772 ; 7474:D1|9 ; inst11    ; CP           ; CP          ; 0.000        ; 0.050      ; 2.017      ;
; 1.772 ; 7474:D1|9 ; 7474:D0|9 ; CP           ; CP          ; 0.000        ; 0.050      ; 2.017      ;
; 1.772 ; 7474:D1|9 ; 7474:D2|9 ; CP           ; CP          ; 0.000        ; 0.050      ; 2.017      ;
; 1.774 ; 7474:D2|9 ; 7474:D0|9 ; CP           ; CP          ; 0.000        ; 0.050      ; 2.019      ;
; 1.774 ; 7474:D2|9 ; 7474:D1|9 ; CP           ; CP          ; 0.000        ; 0.050      ; 2.019      ;
; 1.774 ; 7474:D2|9 ; inst11    ; CP           ; CP          ; 0.000        ; 0.050      ; 2.019      ;
; 1.778 ; 7474:D1|9 ; 7474:D1|9 ; CP           ; CP          ; 0.000        ; 0.044      ; 2.017      ;
; 1.780 ; 7474:D2|9 ; 7474:D2|9 ; CP           ; CP          ; 0.000        ; 0.044      ; 2.019      ;
; 1.910 ; 7474:D0|9 ; inst11    ; CP           ; CP          ; 0.000        ; 0.050      ; 2.155      ;
; 1.910 ; 7474:D0|9 ; 7474:D2|9 ; CP           ; CP          ; 0.000        ; 0.050      ; 2.155      ;
; 1.910 ; 7474:D0|9 ; 7474:D1|9 ; CP           ; CP          ; 0.000        ; 0.050      ; 2.155      ;
; 1.916 ; 7474:D0|9 ; 7474:D0|9 ; CP           ; CP          ; 0.000        ; 0.044      ; 2.155      ;
+-------+-----------+-----------+--------------+-------------+--------------+------------+------------+


+---------------------------------------------------------------------------------------------+
; Slow 1200mV 0C Model Minimum Pulse Width: 'CP'                                              ;
+--------+--------------+----------------+------------------+-------+------------+------------+
; Slack  ; Actual Width ; Required Width ; Type             ; Clock ; Clock Edge ; Target     ;
+--------+--------------+----------------+------------------+-------+------------+------------+
; -3.000 ; 1.000        ; 4.000          ; Port Rate        ; CP    ; Rise       ; CP         ;
; -1.487 ; 1.000        ; 2.487          ; Min Period       ; CP    ; Rise       ; 7474:D0|9  ;
; -1.487 ; 1.000        ; 2.487          ; Min Period       ; CP    ; Rise       ; 7474:D1|9  ;
; -1.487 ; 1.000        ; 2.487          ; Min Period       ; CP    ; Rise       ; 7474:D2|9  ;
; -1.487 ; 1.000        ; 2.487          ; Min Period       ; CP    ; Rise       ; inst11     ;
; 0.117  ; 0.333        ; 0.216          ; High Pulse Width ; CP    ; Rise       ; 7474:D0|9  ;
; 0.117  ; 0.333        ; 0.216          ; High Pulse Width ; CP    ; Rise       ; 7474:D1|9  ;
; 0.117  ; 0.333        ; 0.216          ; High Pulse Width ; CP    ; Rise       ; 7474:D2|9  ;
; 0.117  ; 0.333        ; 0.216          ; High Pulse Width ; CP    ; Rise       ; inst11     ;
; 0.387  ; 0.387        ; 0.000          ; High Pulse Width ; CP    ; Rise       ; D0|9|clk   ;
; 0.387  ; 0.387        ; 0.000          ; High Pulse Width ; CP    ; Rise       ; D1|9|clk   ;
; 0.387  ; 0.387        ; 0.000          ; High Pulse Width ; CP    ; Rise       ; D2|9|clk   ;
; 0.387  ; 0.387        ; 0.000          ; High Pulse Width ; CP    ; Rise       ; inst11|clk ;
; 0.473  ; 0.657        ; 0.184          ; Low Pulse Width  ; CP    ; Rise       ; 7474:D0|9  ;
; 0.473  ; 0.657        ; 0.184          ; Low Pulse Width  ; CP    ; Rise       ; 7474:D1|9  ;
; 0.473  ; 0.657        ; 0.184          ; Low Pulse Width  ; CP    ; Rise       ; 7474:D2|9  ;
; 0.473  ; 0.657        ; 0.184          ; Low Pulse Width  ; CP    ; Rise       ; inst11     ;
; 0.476  ; 0.476        ; 0.000          ; Low Pulse Width  ; CP    ; Rise       ; CP~input|o ;
; 0.500  ; 0.500        ; 0.000          ; High Pulse Width ; CP    ; Rise       ; CP~input|i ;
; 0.500  ; 0.500        ; 0.000          ; Low Pulse Width  ; CP    ; Rise       ; CP~input|i ;
; 0.524  ; 0.524        ; 0.000          ; High Pulse Width ; CP    ; Rise       ; CP~input|o ;
; 0.606  ; 0.606        ; 0.000          ; Low Pulse Width  ; CP    ; Rise       ; D0|9|clk   ;
; 0.606  ; 0.606        ; 0.000          ; Low Pulse Width  ; CP    ; Rise       ; D1|9|clk   ;
; 0.606  ; 0.606        ; 0.000          ; Low Pulse Width  ; CP    ; Rise       ; D2|9|clk   ;
; 0.606  ; 0.606        ; 0.000          ; Low Pulse Width  ; CP    ; Rise       ; inst11|clk ;
+--------+--------------+----------------+------------------+-------+------------+------------+


+-----------------------------------------------------------------------+
; Clock to Output Times                                                 ;
+-----------+------------+-------+-------+------------+-----------------+
; Data Port ; Clock Port ; Rise  ; Fall  ; Clock Edge ; Clock Reference ;
+-----------+------------+-------+-------+------------+-----------------+
; Q0        ; CP         ; 6.356 ; 6.169 ; Rise       ; CP              ;
; Q1        ; CP         ; 6.691 ; 6.416 ; Rise       ; CP              ;
; Q2        ; CP         ; 8.259 ; 7.990 ; Rise       ; CP              ;
; Q3        ; CP         ; 6.953 ; 6.638 ; Rise       ; CP              ;
+-----------+------------+-------+-------+------------+-----------------+


+-----------------------------------------------------------------------+
; Minimum Clock to Output Times                                         ;
+-----------+------------+-------+-------+------------+-----------------+
; Data Port ; Clock Port ; Rise  ; Fall  ; Clock Edge ; Clock Reference ;
+-----------+------------+-------+-------+------------+-----------------+
; Q0        ; CP         ; 6.112 ; 5.931 ; Rise       ; CP              ;
; Q1        ; CP         ; 6.434 ; 6.168 ; Rise       ; CP              ;
; Q2        ; CP         ; 7.990 ; 7.733 ; Rise       ; CP              ;
; Q3        ; CP         ; 6.685 ; 6.382 ; Rise       ; CP              ;
+-----------+------------+-------+-------+------------+-----------------+


---------------------------------------------
; Slow 1200mV 0C Model Metastability Report ;
---------------------------------------------
No synchronizer chains to report.


+------------------------------------+
; Fast 1200mV 0C Model Setup Summary ;
+-------+-------+--------------------+
; Clock ; Slack ; End Point TNS      ;
+-------+-------+--------------------+
; CP    ; 0.442 ; 0.000              ;
+-------+-------+--------------------+


+-----------------------------------+
; Fast 1200mV 0C Model Hold Summary ;
+-------+-------+-------------------+
; Clock ; Slack ; End Point TNS     ;
+-------+-------+-------------------+
; CP    ; 0.201 ; 0.000             ;
+-------+-------+-------------------+


+---------------------------------------+
; Fast 1200mV 0C Model Recovery Summary ;
+-------+--------+----------------------+
; Clock ; Slack  ; End Point TNS        ;
+-------+--------+----------------------+
; CP    ; -0.080 ; -0.318               ;
+-------+--------+----------------------+


+--------------------------------------+
; Fast 1200mV 0C Model Removal Summary ;
+-------+-------+----------------------+
; Clock ; Slack ; End Point TNS        ;
+-------+-------+----------------------+
; CP    ; 0.760 ; 0.000                ;
+-------+-------+----------------------+


+--------------------------------------------------+
; Fast 1200mV 0C Model Minimum Pulse Width Summary ;
+-------+--------+---------------------------------+
; Clock ; Slack  ; End Point TNS                   ;
+-------+--------+---------------------------------+
; CP    ; -3.000 ; -7.380                          ;
+-------+--------+---------------------------------+


+-----------------------------------------------------------------------------------------------------+
; Fast 1200mV 0C Model Setup: 'CP'                                                                    ;
+-------+-----------+-----------+--------------+-------------+--------------+------------+------------+
; Slack ; From Node ; To Node   ; Launch Clock ; Latch Clock ; Relationship ; Clock Skew ; Data Delay ;
+-------+-----------+-----------+--------------+-------------+--------------+------------+------------+
; 0.442 ; 7474:D0|9 ; 7474:D2|9 ; CP           ; CP          ; 1.000        ; -0.024     ; 0.541      ;
; 0.443 ; 7474:D1|9 ; inst11    ; CP           ; CP          ; 1.000        ; -0.024     ; 0.540      ;
; 0.446 ; 7474:D0|9 ; inst11    ; CP           ; CP          ; 1.000        ; -0.024     ; 0.537      ;
; 0.518 ; 7474:D0|9 ; 7474:D1|9 ; CP           ; CP          ; 1.000        ; -0.024     ; 0.465      ;
; 0.579 ; 7474:D1|9 ; 7474:D2|9 ; CP           ; CP          ; 1.000        ; -0.024     ; 0.404      ;
; 0.590 ; 7474:D2|9 ; inst11    ; CP           ; CP          ; 1.000        ; -0.024     ; 0.393      ;
; 0.626 ; 7474:D0|9 ; 7474:D0|9 ; CP           ; CP          ; 1.000        ; -0.022     ; 0.359      ;
; 0.626 ; 7474:D1|9 ; 7474:D1|9 ; CP           ; CP          ; 1.000        ; -0.022     ; 0.359      ;
; 0.626 ; 7474:D2|9 ; 7474:D2|9 ; CP           ; CP          ; 1.000        ; -0.022     ; 0.359      ;
; 0.626 ; inst11    ; inst11    ; CP           ; CP          ; 1.000        ; -0.022     ; 0.359      ;
+-------+-----------+-----------+--------------+-------------+--------------+------------+------------+


+-----------------------------------------------------------------------------------------------------+
; Fast 1200mV 0C Model Hold: 'CP'                                                                     ;
+-------+-----------+-----------+--------------+-------------+--------------+------------+------------+
; Slack ; From Node ; To Node   ; Launch Clock ; Latch Clock ; Relationship ; Clock Skew ; Data Delay ;
+-------+-----------+-----------+--------------+-------------+--------------+------------+------------+
; 0.201 ; 7474:D1|9 ; 7474:D1|9 ; CP           ; CP          ; 0.000        ; 0.022      ; 0.307      ;
; 0.201 ; inst11    ; inst11    ; CP           ; CP          ; 0.000        ; 0.022      ; 0.307      ;
; 0.201 ; 7474:D2|9 ; 7474:D2|9 ; CP           ; CP          ; 0.000        ; 0.022      ; 0.307      ;
; 0.208 ; 7474:D0|9 ; 7474:D0|9 ; CP           ; CP          ; 0.000        ; 0.022      ; 0.314      ;
; 0.223 ; 7474:D2|9 ; inst11    ; CP           ; CP          ; 0.000        ; 0.024      ; 0.331      ;
; 0.234 ; 7474:D1|9 ; 7474:D2|9 ; CP           ; CP          ; 0.000        ; 0.024      ; 0.342      ;
; 0.287 ; 7474:D0|9 ; 7474:D1|9 ; CP           ; CP          ; 0.000        ; 0.024      ; 0.395      ;
; 0.327 ; 7474:D0|9 ; inst11    ; CP           ; CP          ; 0.000        ; 0.024      ; 0.435      ;
; 0.330 ; 7474:D0|9 ; 7474:D2|9 ; CP           ; CP          ; 0.000        ; 0.024      ; 0.438      ;
; 0.334 ; 7474:D1|9 ; inst11    ; CP           ; CP          ; 0.000        ; 0.024      ; 0.442      ;
+-------+-----------+-----------+--------------+-------------+--------------+------------+------------+


+------------------------------------------------------------------------------------------------------+
; Fast 1200mV 0C Model Recovery: 'CP'                                                                  ;
+--------+-----------+-----------+--------------+-------------+--------------+------------+------------+
; Slack  ; From Node ; To Node   ; Launch Clock ; Latch Clock ; Relationship ; Clock Skew ; Data Delay ;
+--------+-----------+-----------+--------------+-------------+--------------+------------+------------+
; -0.080 ; 7474:D0|9 ; inst11    ; CP           ; CP          ; 1.000        ; -0.024     ; 1.063      ;
; -0.080 ; 7474:D0|9 ; 7474:D2|9 ; CP           ; CP          ; 1.000        ; -0.024     ; 1.063      ;
; -0.080 ; 7474:D0|9 ; 7474:D1|9 ; CP           ; CP          ; 1.000        ; -0.024     ; 1.063      ;
; -0.078 ; 7474:D0|9 ; 7474:D0|9 ; CP           ; CP          ; 1.000        ; -0.022     ; 1.063      ;
; -0.034 ; 7474:D1|9 ; inst11    ; CP           ; CP          ; 1.000        ; -0.024     ; 1.017      ;
; -0.034 ; 7474:D1|9 ; 7474:D0|9 ; CP           ; CP          ; 1.000        ; -0.024     ; 1.017      ;
; -0.034 ; 7474:D1|9 ; 7474:D2|9 ; CP           ; CP          ; 1.000        ; -0.024     ; 1.017      ;
; -0.032 ; 7474:D1|9 ; 7474:D1|9 ; CP           ; CP          ; 1.000        ; -0.022     ; 1.017      ;
; -0.024 ; 7474:D2|9 ; 7474:D0|9 ; CP           ; CP          ; 1.000        ; -0.024     ; 1.007      ;
; -0.024 ; 7474:D2|9 ; 7474:D1|9 ; CP           ; CP          ; 1.000        ; -0.024     ; 1.007      ;
; -0.024 ; 7474:D2|9 ; inst11    ; CP           ; CP          ; 1.000        ; -0.024     ; 1.007      ;
; -0.022 ; 7474:D2|9 ; 7474:D2|9 ; CP           ; CP          ; 1.000        ; -0.022     ; 1.007      ;
; -0.011 ; inst11    ; 7474:D0|9 ; CP           ; CP          ; 1.000        ; -0.024     ; 0.994      ;
; -0.011 ; inst11    ; 7474:D1|9 ; CP           ; CP          ; 1.000        ; -0.024     ; 0.994      ;
; -0.011 ; inst11    ; 7474:D2|9 ; CP           ; CP          ; 1.000        ; -0.024     ; 0.994      ;
; -0.009 ; inst11    ; inst11    ; CP           ; CP          ; 1.000        ; -0.022     ; 0.994      ;
+--------+-----------+-----------+--------------+-------------+--------------+------------+------------+


+-----------------------------------------------------------------------------------------------------+
; Fast 1200mV 0C Model Removal: 'CP'                                                                  ;
+-------+-----------+-----------+--------------+-------------+--------------+------------+------------+
; Slack ; From Node ; To Node   ; Launch Clock ; Latch Clock ; Relationship ; Clock Skew ; Data Delay ;
+-------+-----------+-----------+--------------+-------------+--------------+------------+------------+
; 0.760 ; inst11    ; 7474:D0|9 ; CP           ; CP          ; 0.000        ; 0.024      ; 0.868      ;
; 0.760 ; inst11    ; 7474:D1|9 ; CP           ; CP          ; 0.000        ; 0.024      ; 0.868      ;
; 0.760 ; inst11    ; 7474:D2|9 ; CP           ; CP          ; 0.000        ; 0.024      ; 0.868      ;
; 0.762 ; inst11    ; inst11    ; CP           ; CP          ; 0.000        ; 0.022      ; 0.868      ;
; 0.795 ; 7474:D1|9 ; inst11    ; CP           ; CP          ; 0.000        ; 0.024      ; 0.903      ;
; 0.795 ; 7474:D1|9 ; 7474:D0|9 ; CP           ; CP          ; 0.000        ; 0.024      ; 0.903      ;
; 0.795 ; 7474:D1|9 ; 7474:D2|9 ; CP           ; CP          ; 0.000        ; 0.024      ; 0.903      ;
; 0.797 ; 7474:D1|9 ; 7474:D1|9 ; CP           ; CP          ; 0.000        ; 0.022      ; 0.903      ;
; 0.850 ; 7474:D2|9 ; 7474:D0|9 ; CP           ; CP          ; 0.000        ; 0.024      ; 0.958      ;
; 0.850 ; 7474:D2|9 ; 7474:D1|9 ; CP           ; CP          ; 0.000        ; 0.024      ; 0.958      ;
; 0.850 ; 7474:D2|9 ; inst11    ; CP           ; CP          ; 0.000        ; 0.024      ; 0.958      ;
; 0.852 ; 7474:D2|9 ; 7474:D2|9 ; CP           ; CP          ; 0.000        ; 0.022      ; 0.958      ;
; 0.906 ; 7474:D0|9 ; inst11    ; CP           ; CP          ; 0.000        ; 0.024      ; 1.014      ;
; 0.906 ; 7474:D0|9 ; 7474:D2|9 ; CP           ; CP          ; 0.000        ; 0.024      ; 1.014      ;
; 0.906 ; 7474:D0|9 ; 7474:D1|9 ; CP           ; CP          ; 0.000        ; 0.024      ; 1.014      ;
; 0.908 ; 7474:D0|9 ; 7474:D0|9 ; CP           ; CP          ; 0.000        ; 0.022      ; 1.014      ;
+-------+-----------+-----------+--------------+-------------+--------------+------------+------------+


+---------------------------------------------------------------------------------------------+
; Fast 1200mV 0C Model Minimum Pulse Width: 'CP'                                              ;
+--------+--------------+----------------+------------------+-------+------------+------------+
; Slack  ; Actual Width ; Required Width ; Type             ; Clock ; Clock Edge ; Target     ;
+--------+--------------+----------------+------------------+-------+------------+------------+
; -3.000 ; 1.000        ; 4.000          ; Port Rate        ; CP    ; Rise       ; CP         ;
; -1.000 ; 1.000        ; 2.000          ; Min Period       ; CP    ; Rise       ; 7474:D0|9  ;
; -1.000 ; 1.000        ; 2.000          ; Min Period       ; CP    ; Rise       ; 7474:D1|9  ;
; -1.000 ; 1.000        ; 2.000          ; Min Period       ; CP    ; Rise       ; 7474:D2|9  ;
; -1.000 ; 1.000        ; 2.000          ; Min Period       ; CP    ; Rise       ; inst11     ;
; -0.095 ; 0.089        ; 0.184          ; Low Pulse Width  ; CP    ; Rise       ; 7474:D0|9  ;
; -0.095 ; 0.089        ; 0.184          ; Low Pulse Width  ; CP    ; Rise       ; 7474:D1|9  ;
; -0.095 ; 0.089        ; 0.184          ; Low Pulse Width  ; CP    ; Rise       ; 7474:D2|9  ;
; -0.095 ; 0.089        ; 0.184          ; Low Pulse Width  ; CP    ; Rise       ; inst11     ;
; 0.085  ; 0.085        ; 0.000          ; Low Pulse Width  ; CP    ; Rise       ; D0|9|clk   ;
; 0.085  ; 0.085        ; 0.000          ; Low Pulse Width  ; CP    ; Rise       ; D1|9|clk   ;
; 0.085  ; 0.085        ; 0.000          ; Low Pulse Width  ; CP    ; Rise       ; D2|9|clk   ;
; 0.085  ; 0.085        ; 0.000          ; Low Pulse Width  ; CP    ; Rise       ; inst11|clk ;
; 0.121  ; 0.121        ; 0.000          ; Low Pulse Width  ; CP    ; Rise       ; CP~input|o ;
; 0.500  ; 0.500        ; 0.000          ; High Pulse Width ; CP    ; Rise       ; CP~input|i ;
; 0.500  ; 0.500        ; 0.000          ; Low Pulse Width  ; CP    ; Rise       ; CP~input|i ;
; 0.692  ; 0.908        ; 0.216          ; High Pulse Width ; CP    ; Rise       ; 7474:D0|9  ;
; 0.692  ; 0.908        ; 0.216          ; High Pulse Width ; CP    ; Rise       ; 7474:D1|9  ;
; 0.692  ; 0.908        ; 0.216          ; High Pulse Width ; CP    ; Rise       ; 7474:D2|9  ;
; 0.692  ; 0.908        ; 0.216          ; High Pulse Width ; CP    ; Rise       ; inst11     ;
; 0.879  ; 0.879        ; 0.000          ; High Pulse Width ; CP    ; Rise       ; CP~input|o ;
; 0.914  ; 0.914        ; 0.000          ; High Pulse Width ; CP    ; Rise       ; D0|9|clk   ;
; 0.914  ; 0.914        ; 0.000          ; High Pulse Width ; CP    ; Rise       ; D1|9|clk   ;
; 0.914  ; 0.914        ; 0.000          ; High Pulse Width ; CP    ; Rise       ; D2|9|clk   ;
; 0.914  ; 0.914        ; 0.000          ; High Pulse Width ; CP    ; Rise       ; inst11|clk ;
+--------+--------------+----------------+------------------+-------+------------+------------+


+-----------------------------------------------------------------------+
; Clock to Output Times                                                 ;
+-----------+------------+-------+-------+------------+-----------------+
; Data Port ; Clock Port ; Rise  ; Fall  ; Clock Edge ; Clock Reference ;
+-----------+------------+-------+-------+------------+-----------------+
; Q0        ; CP         ; 3.141 ; 3.188 ; Rise       ; CP              ;
; Q1        ; CP         ; 3.267 ; 3.326 ; Rise       ; CP              ;
; Q2        ; CP         ; 4.334 ; 4.461 ; Rise       ; CP              ;
; Q3        ; CP         ; 3.389 ; 3.458 ; Rise       ; CP              ;
+-----------+------------+-------+-------+------------+-----------------+


+-----------------------------------------------------------------------+
; Minimum Clock to Output Times                                         ;
+-----------+------------+-------+-------+------------+-----------------+
; Data Port ; Clock Port ; Rise  ; Fall  ; Clock Edge ; Clock Reference ;
+-----------+------------+-------+-------+------------+-----------------+
; Q0        ; CP         ; 3.037 ; 3.082 ; Rise       ; CP              ;
; Q1        ; CP         ; 3.158 ; 3.215 ; Rise       ; CP              ;
; Q2        ; CP         ; 4.220 ; 4.343 ; Rise       ; CP              ;
; Q3        ; CP         ; 3.275 ; 3.341 ; Rise       ; CP              ;
+-----------+------------+-------+-------+------------+-----------------+


---------------------------------------------
; Fast 1200mV 0C Model Metastability Report ;
---------------------------------------------
No synchronizer chains to report.


+------------------------------------------------------------------------------+
; Multicorner Timing Analysis Summary                                          ;
+------------------+--------+-------+----------+---------+---------------------+
; Clock            ; Setup  ; Hold  ; Recovery ; Removal ; Minimum Pulse Width ;
+------------------+--------+-------+----------+---------+---------------------+
; Worst-case Slack ; -0.301 ; 0.201 ; -1.564   ; 0.760   ; -3.000              ;
;  CP              ; -0.301 ; 0.201 ; -1.564   ; 0.760   ; -3.000              ;
; Design-wide TNS  ; -0.711 ; 0.0   ; -6.251   ; 0.0     ; -8.948              ;
;  CP              ; -0.711 ; 0.000 ; -6.251   ; 0.000   ; -8.948              ;
+------------------+--------+-------+----------+---------+---------------------+


+-----------------------------------------------------------------------+
; Clock to Output Times                                                 ;
+-----------+------------+-------+-------+------------+-----------------+
; Data Port ; Clock Port ; Rise  ; Fall  ; Clock Edge ; Clock Reference ;
+-----------+------------+-------+-------+------------+-----------------+
; Q0        ; CP         ; 6.882 ; 6.749 ; Rise       ; CP              ;
; Q1        ; CP         ; 7.226 ; 7.027 ; Rise       ; CP              ;
; Q2        ; CP         ; 8.994 ; 8.859 ; Rise       ; CP              ;
; Q3        ; CP         ; 7.502 ; 7.275 ; Rise       ; CP              ;
+-----------+------------+-------+-------+------------+-----------------+


+-----------------------------------------------------------------------+
; Minimum Clock to Output Times                                         ;
+-----------+------------+-------+-------+------------+-----------------+
; Data Port ; Clock Port ; Rise  ; Fall  ; Clock Edge ; Clock Reference ;
+-----------+------------+-------+-------+------------+-----------------+
; Q0        ; CP         ; 3.037 ; 3.082 ; Rise       ; CP              ;
; Q1        ; CP         ; 3.158 ; 3.215 ; Rise       ; CP              ;
; Q2        ; CP         ; 4.220 ; 4.343 ; Rise       ; CP              ;
; Q3        ; CP         ; 3.275 ; 3.341 ; Rise       ; CP              ;
+-----------+------------+-------+-------+------------+-----------------+


+------------------------------------------------------------------------------------------------------------------------------------------------------------------------------------------------------------------------------------------------------------------------------------------------------------------------------------------------------------------------------------------------------------------+
; Board Trace Model Assignments                                                                                                                                                                                                                                                                                                                                                                                    ;
+---------------+--------------+-------------------+-------------------------+-------------------------+---------------+---------------------+----------------+------------------+--------+------------------+------------------------+------------------------+--------------+---------------+-----------------+-------+---------------------+--------------------+---------------+-----------------+-------------+
; Pin           ; I/O Standard ; Near Tline Length ; Near Tline L per Length ; Near Tline C per Length ; Near Series R ; Near Differential R ; Near Pull-up R ; Near Pull-down R ; Near C ; Far Tline Length ; Far Tline L per Length ; Far Tline C per Length ; Far Series R ; Far Pull-up R ; Far Pull-down R ; Far C ; Termination Voltage ; Far Differential R ; EBD File Name ; EBD Signal Name ; EBD Far-end ;
+---------------+--------------+-------------------+-------------------------+-------------------------+---------------+---------------------+----------------+------------------+--------+------------------+------------------------+------------------------+--------------+---------------+-----------------+-------+---------------------+--------------------+---------------+-----------------+-------------+
; Q3            ; 2.5 V        ; 0 in              ; 0 H/in                  ; 0 F/in                  ; short         ; -                   ; open           ; open             ; open   ; 0 in             ; 0 H/in                 ; 0 F/in                 ; short        ; open          ; open            ; open  ; 0 V                 ; -                  ; n/a           ; n/a             ; n/a         ;
; Q0            ; 2.5 V        ; 0 in              ; 0 H/in                  ; 0 F/in                  ; short         ; -                   ; open           ; open             ; open   ; 0 in             ; 0 H/in                 ; 0 F/in                 ; short        ; open          ; open            ; open  ; 0 V                 ; -                  ; n/a           ; n/a             ; n/a         ;
; Q1            ; 2.5 V        ; 0 in              ; 0 H/in                  ; 0 F/in                  ; short         ; -                   ; open           ; open             ; open   ; 0 in             ; 0 H/in                 ; 0 F/in                 ; short        ; open          ; open            ; open  ; 0 V                 ; -                  ; n/a           ; n/a             ; n/a         ;
; Q2            ; 2.5 V        ; 0 in              ; 0 H/in                  ; 0 F/in                  ; short         ; -                   ; open           ; open             ; open   ; 0 in             ; 0 H/in                 ; 0 F/in                 ; short        ; open          ; open            ; open  ; 0 V                 ; -                  ; n/a           ; n/a             ; n/a         ;
; ~ALTERA_DCLK~ ; 2.5 V        ; 0 in              ; 0 H/in                  ; 0 F/in                  ; short         ; -                   ; open           ; open             ; open   ; 0 in             ; 0 H/in                 ; 0 F/in                 ; short        ; open          ; open            ; open  ; 0 V                 ; -                  ; n/a           ; n/a             ; n/a         ;
; ~ALTERA_nCEO~ ; 2.5 V        ; 0 in              ; 0 H/in                  ; 0 F/in                  ; short         ; -                   ; open           ; open             ; open   ; 0 in             ; 0 H/in                 ; 0 F/in                 ; short        ; open          ; open            ; open  ; 0 V                 ; -                  ; n/a           ; n/a             ; n/a         ;
+---------------+--------------+-------------------+-------------------------+-------------------------+---------------+---------------------+----------------+------------------+--------+------------------+------------------------+------------------------+--------------+---------------+-----------------+-------+---------------------+--------------------+---------------+-----------------+-------------+


+----------------------------------------------------------------------------+
; Input Transition Times                                                     ;
+-------------------------+--------------+-----------------+-----------------+
; Pin                     ; I/O Standard ; 10-90 Rise Time ; 90-10 Fall Time ;
+-------------------------+--------------+-----------------+-----------------+
; CP                      ; 2.5 V        ; 2000 ps         ; 2000 ps         ;
; ClearAll                ; 2.5 V        ; 2000 ps         ; 2000 ps         ;
; ~ALTERA_ASDO_DATA1~     ; 2.5 V        ; 2000 ps         ; 2000 ps         ;
; ~ALTERA_FLASH_nCE_nCSO~ ; 2.5 V        ; 2000 ps         ; 2000 ps         ;
; ~ALTERA_DATA0~          ; 2.5 V        ; 2000 ps         ; 2000 ps         ;
+-------------------------+--------------+-----------------+-----------------+


+--------------------------------------------------------------------------------------------------------------------------------------------------------------------------------------------------------------------------------------------------------------------------------------------------------------------------------------------------------------------------------------------------------------------------------------------------------------------------------------------------------------------------------------------------------------------------------------------------------------------------------------------------------------------------------------------+
; Signal Integrity Metrics (Slow 1200mv 0c Model)                                                                                                                                                                                                                                                                                                                                                                                                                                                                                                                                                                                                                                            ;
+---------------+--------------+---------------------+---------------------+------------------------------+------------------------------+---------------------+---------------------+--------------------------------------+--------------------------------------+-----------------------------+-----------------------------+----------------------------+----------------------------+-----------------------------+-----------------------------+--------------------+--------------------+-------------------------------------+-------------------------------------+----------------------------+----------------------------+---------------------------+---------------------------+
; Pin           ; I/O Standard ; Board Delay on Rise ; Board Delay on Fall ; Steady State Voh at FPGA Pin ; Steady State Vol at FPGA Pin ; Voh Max at FPGA Pin ; Vol Min at FPGA Pin ; Ringback Voltage on Rise at FPGA Pin ; Ringback Voltage on Fall at FPGA Pin ; 10-90 Rise Time at FPGA Pin ; 90-10 Fall Time at FPGA Pin ; Monotonic Rise at FPGA Pin ; Monotonic Fall at FPGA Pin ; Steady State Voh at Far-end ; Steady State Vol at Far-end ; Voh Max at Far-end ; Vol Min at Far-end ; Ringback Voltage on Rise at Far-end ; Ringback Voltage on Fall at Far-end ; 10-90 Rise Time at Far-end ; 90-10 Fall Time at Far-end ; Monotonic Rise at Far-end ; Monotonic Fall at Far-end ;
+---------------+--------------+---------------------+---------------------+------------------------------+------------------------------+---------------------+---------------------+--------------------------------------+--------------------------------------+-----------------------------+-----------------------------+----------------------------+----------------------------+-----------------------------+-----------------------------+--------------------+--------------------+-------------------------------------+-------------------------------------+----------------------------+----------------------------+---------------------------+---------------------------+
; Q3            ; 2.5 V        ; 0 s                 ; 0 s                 ; 2.32 V                       ; 2.8e-09 V                    ; 2.37 V              ; -0.00373 V          ; 0.104 V                              ; 0.011 V                              ; 4.34e-10 s                  ; 3.82e-10 s                  ; Yes                        ; Yes                        ; 2.32 V                      ; 2.8e-09 V                   ; 2.37 V             ; -0.00373 V         ; 0.104 V                             ; 0.011 V                             ; 4.34e-10 s                 ; 3.82e-10 s                 ; Yes                       ; Yes                       ;
; Q0            ; 2.5 V        ; 0 s                 ; 0 s                 ; 2.32 V                       ; 2.8e-09 V                    ; 2.37 V              ; -0.00373 V          ; 0.104 V                              ; 0.011 V                              ; 4.34e-10 s                  ; 3.82e-10 s                  ; Yes                        ; Yes                        ; 2.32 V                      ; 2.8e-09 V                   ; 2.37 V             ; -0.00373 V         ; 0.104 V                             ; 0.011 V                             ; 4.34e-10 s                 ; 3.82e-10 s                 ; Yes                       ; Yes                       ;
; Q1            ; 2.5 V        ; 0 s                 ; 0 s                 ; 2.32 V                       ; 2.8e-09 V                    ; 2.37 V              ; -0.00373 V          ; 0.104 V                              ; 0.011 V                              ; 4.34e-10 s                  ; 3.82e-10 s                  ; Yes                        ; Yes                        ; 2.32 V                      ; 2.8e-09 V                   ; 2.37 V             ; -0.00373 V         ; 0.104 V                             ; 0.011 V                             ; 4.34e-10 s                 ; 3.82e-10 s                 ; Yes                       ; Yes                       ;
; Q2            ; 2.5 V        ; 0 s                 ; 0 s                 ; 2.32 V                       ; 2.8e-09 V                    ; 2.33 V              ; -0.00425 V          ; 0.168 V                              ; 0.058 V                              ; 3.12e-09 s                  ; 2.87e-09 s                  ; Yes                        ; Yes                        ; 2.32 V                      ; 2.8e-09 V                   ; 2.33 V             ; -0.00425 V         ; 0.168 V                             ; 0.058 V                             ; 3.12e-09 s                 ; 2.87e-09 s                 ; Yes                       ; Yes                       ;
; ~ALTERA_DCLK~ ; 2.5 V        ; 0 s                 ; 0 s                 ; 2.32 V                       ; 1.74e-09 V                   ; 2.37 V              ; -0.0346 V           ; 0.198 V                              ; 0.094 V                              ; 3.14e-10 s                  ; 2.92e-10 s                  ; Yes                        ; Yes                        ; 2.32 V                      ; 1.74e-09 V                  ; 2.37 V             ; -0.0346 V          ; 0.198 V                             ; 0.094 V                             ; 3.14e-10 s                 ; 2.92e-10 s                 ; Yes                       ; Yes                       ;
; ~ALTERA_nCEO~ ; 2.5 V        ; 0 s                 ; 0 s                 ; 2.32 V                       ; 2.57e-09 V                   ; 2.37 V              ; -0.00683 V          ; 0.171 V                              ; 0.018 V                              ; 4.97e-10 s                  ; 6.66e-10 s                  ; Yes                        ; Yes                        ; 2.32 V                      ; 2.57e-09 V                  ; 2.37 V             ; -0.00683 V         ; 0.171 V                             ; 0.018 V                             ; 4.97e-10 s                 ; 6.66e-10 s                 ; Yes                       ; Yes                       ;
+---------------+--------------+---------------------+---------------------+------------------------------+------------------------------+---------------------+---------------------+--------------------------------------+--------------------------------------+-----------------------------+-----------------------------+----------------------------+----------------------------+-----------------------------+-----------------------------+--------------------+--------------------+-------------------------------------+-------------------------------------+----------------------------+----------------------------+---------------------------+---------------------------+


+--------------------------------------------------------------------------------------------------------------------------------------------------------------------------------------------------------------------------------------------------------------------------------------------------------------------------------------------------------------------------------------------------------------------------------------------------------------------------------------------------------------------------------------------------------------------------------------------------------------------------------------------------------------------------------------------+
; Signal Integrity Metrics (Slow 1200mv 85c Model)                                                                                                                                                                                                                                                                                                                                                                                                                                                                                                                                                                                                                                           ;
+---------------+--------------+---------------------+---------------------+------------------------------+------------------------------+---------------------+---------------------+--------------------------------------+--------------------------------------+-----------------------------+-----------------------------+----------------------------+----------------------------+-----------------------------+-----------------------------+--------------------+--------------------+-------------------------------------+-------------------------------------+----------------------------+----------------------------+---------------------------+---------------------------+
; Pin           ; I/O Standard ; Board Delay on Rise ; Board Delay on Fall ; Steady State Voh at FPGA Pin ; Steady State Vol at FPGA Pin ; Voh Max at FPGA Pin ; Vol Min at FPGA Pin ; Ringback Voltage on Rise at FPGA Pin ; Ringback Voltage on Fall at FPGA Pin ; 10-90 Rise Time at FPGA Pin ; 90-10 Fall Time at FPGA Pin ; Monotonic Rise at FPGA Pin ; Monotonic Fall at FPGA Pin ; Steady State Voh at Far-end ; Steady State Vol at Far-end ; Voh Max at Far-end ; Vol Min at Far-end ; Ringback Voltage on Rise at Far-end ; Ringback Voltage on Fall at Far-end ; 10-90 Rise Time at Far-end ; 90-10 Fall Time at Far-end ; Monotonic Rise at Far-end ; Monotonic Fall at Far-end ;
+---------------+--------------+---------------------+---------------------+------------------------------+------------------------------+---------------------+---------------------+--------------------------------------+--------------------------------------+-----------------------------+-----------------------------+----------------------------+----------------------------+-----------------------------+-----------------------------+--------------------+--------------------+-------------------------------------+-------------------------------------+----------------------------+----------------------------+---------------------------+---------------------------+
; Q3            ; 2.5 V        ; 0 s                 ; 0 s                 ; 2.32 V                       ; 2.85e-07 V                   ; 2.35 V              ; -0.0123 V           ; 0.144 V                              ; 0.042 V                              ; 4.81e-10 s                  ; 4.81e-10 s                  ; Yes                        ; Yes                        ; 2.32 V                      ; 2.85e-07 V                  ; 2.35 V             ; -0.0123 V          ; 0.144 V                             ; 0.042 V                             ; 4.81e-10 s                 ; 4.81e-10 s                 ; Yes                       ; Yes                       ;
; Q0            ; 2.5 V        ; 0 s                 ; 0 s                 ; 2.32 V                       ; 2.85e-07 V                   ; 2.35 V              ; -0.0123 V           ; 0.144 V                              ; 0.042 V                              ; 4.81e-10 s                  ; 4.81e-10 s                  ; Yes                        ; Yes                        ; 2.32 V                      ; 2.85e-07 V                  ; 2.35 V             ; -0.0123 V          ; 0.144 V                             ; 0.042 V                             ; 4.81e-10 s                 ; 4.81e-10 s                 ; Yes                       ; Yes                       ;
; Q1            ; 2.5 V        ; 0 s                 ; 0 s                 ; 2.32 V                       ; 2.85e-07 V                   ; 2.35 V              ; -0.0123 V           ; 0.144 V                              ; 0.042 V                              ; 4.81e-10 s                  ; 4.81e-10 s                  ; Yes                        ; Yes                        ; 2.32 V                      ; 2.85e-07 V                  ; 2.35 V             ; -0.0123 V          ; 0.144 V                             ; 0.042 V                             ; 4.81e-10 s                 ; 4.81e-10 s                 ; Yes                       ; Yes                       ;
; Q2            ; 2.5 V        ; 0 s                 ; 0 s                 ; 2.32 V                       ; 2.85e-07 V                   ; 2.33 V              ; -0.00229 V          ; 0.111 V                              ; 0.057 V                              ; 3.78e-09 s                  ; 3.5e-09 s                   ; Yes                        ; Yes                        ; 2.32 V                      ; 2.85e-07 V                  ; 2.33 V             ; -0.00229 V         ; 0.111 V                             ; 0.057 V                             ; 3.78e-09 s                 ; 3.5e-09 s                  ; Yes                       ; Yes                       ;
; ~ALTERA_DCLK~ ; 2.5 V        ; 0 s                 ; 0 s                 ; 2.32 V                       ; 1.55e-07 V                   ; 2.35 V              ; -0.00259 V          ; 0.097 V                              ; 0.005 V                              ; 4.49e-10 s                  ; 3.86e-10 s                  ; Yes                        ; Yes                        ; 2.32 V                      ; 1.55e-07 V                  ; 2.35 V             ; -0.00259 V         ; 0.097 V                             ; 0.005 V                             ; 4.49e-10 s                 ; 3.86e-10 s                 ; Yes                       ; Yes                       ;
; ~ALTERA_nCEO~ ; 2.5 V        ; 0 s                 ; 0 s                 ; 2.32 V                       ; 2.54e-07 V                   ; 2.34 V              ; -0.00774 V          ; 0.109 V                              ; 0.026 V                              ; 6.58e-10 s                  ; 8.24e-10 s                  ; Yes                        ; Yes                        ; 2.32 V                      ; 2.54e-07 V                  ; 2.34 V             ; -0.00774 V         ; 0.109 V                             ; 0.026 V                             ; 6.58e-10 s                 ; 8.24e-10 s                 ; Yes                       ; Yes                       ;
+---------------+--------------+---------------------+---------------------+------------------------------+------------------------------+---------------------+---------------------+--------------------------------------+--------------------------------------+-----------------------------+-----------------------------+----------------------------+----------------------------+-----------------------------+-----------------------------+--------------------+--------------------+-------------------------------------+-------------------------------------+----------------------------+----------------------------+---------------------------+---------------------------+


+--------------------------------------------------------------------------------------------------------------------------------------------------------------------------------------------------------------------------------------------------------------------------------------------------------------------------------------------------------------------------------------------------------------------------------------------------------------------------------------------------------------------------------------------------------------------------------------------------------------------------------------------------------------------------------------------+
; Signal Integrity Metrics (Fast 1200mv 0c Model)                                                                                                                                                                                                                                                                                                                                                                                                                                                                                                                                                                                                                                            ;
+---------------+--------------+---------------------+---------------------+------------------------------+------------------------------+---------------------+---------------------+--------------------------------------+--------------------------------------+-----------------------------+-----------------------------+----------------------------+----------------------------+-----------------------------+-----------------------------+--------------------+--------------------+-------------------------------------+-------------------------------------+----------------------------+----------------------------+---------------------------+---------------------------+
; Pin           ; I/O Standard ; Board Delay on Rise ; Board Delay on Fall ; Steady State Voh at FPGA Pin ; Steady State Vol at FPGA Pin ; Voh Max at FPGA Pin ; Vol Min at FPGA Pin ; Ringback Voltage on Rise at FPGA Pin ; Ringback Voltage on Fall at FPGA Pin ; 10-90 Rise Time at FPGA Pin ; 90-10 Fall Time at FPGA Pin ; Monotonic Rise at FPGA Pin ; Monotonic Fall at FPGA Pin ; Steady State Voh at Far-end ; Steady State Vol at Far-end ; Voh Max at Far-end ; Vol Min at Far-end ; Ringback Voltage on Rise at Far-end ; Ringback Voltage on Fall at Far-end ; 10-90 Rise Time at Far-end ; 90-10 Fall Time at Far-end ; Monotonic Rise at Far-end ; Monotonic Fall at Far-end ;
+---------------+--------------+---------------------+---------------------+------------------------------+------------------------------+---------------------+---------------------+--------------------------------------+--------------------------------------+-----------------------------+-----------------------------+----------------------------+----------------------------+-----------------------------+-----------------------------+--------------------+--------------------+-------------------------------------+-------------------------------------+----------------------------+----------------------------+---------------------------+---------------------------+
; Q3            ; 2.5 V        ; 0 s                 ; 0 s                 ; 2.62 V                       ; 4.05e-08 V                   ; 2.72 V              ; -0.0349 V           ; 0.173 V                              ; 0.1 V                                ; 2.72e-10 s                  ; 2.69e-10 s                  ; Yes                        ; Yes                        ; 2.62 V                      ; 4.05e-08 V                  ; 2.72 V             ; -0.0349 V          ; 0.173 V                             ; 0.1 V                               ; 2.72e-10 s                 ; 2.69e-10 s                 ; Yes                       ; Yes                       ;
; Q0            ; 2.5 V        ; 0 s                 ; 0 s                 ; 2.62 V                       ; 4.05e-08 V                   ; 2.72 V              ; -0.0349 V           ; 0.173 V                              ; 0.1 V                                ; 2.72e-10 s                  ; 2.69e-10 s                  ; Yes                        ; Yes                        ; 2.62 V                      ; 4.05e-08 V                  ; 2.72 V             ; -0.0349 V          ; 0.173 V                             ; 0.1 V                               ; 2.72e-10 s                 ; 2.69e-10 s                 ; Yes                       ; Yes                       ;
; Q1            ; 2.5 V        ; 0 s                 ; 0 s                 ; 2.62 V                       ; 4.05e-08 V                   ; 2.72 V              ; -0.0349 V           ; 0.173 V                              ; 0.1 V                                ; 2.72e-10 s                  ; 2.69e-10 s                  ; Yes                        ; Yes                        ; 2.62 V                      ; 4.05e-08 V                  ; 2.72 V             ; -0.0349 V          ; 0.173 V                             ; 0.1 V                               ; 2.72e-10 s                 ; 2.69e-10 s                 ; Yes                       ; Yes                       ;
; Q2            ; 2.5 V        ; 0 s                 ; 0 s                 ; 2.62 V                       ; 4.05e-08 V                   ; 2.64 V              ; -0.0113 V           ; 0.208 V                              ; 0.179 V                              ; 2.38e-09 s                  ; 2.23e-09 s                  ; No                         ; Yes                        ; 2.62 V                      ; 4.05e-08 V                  ; 2.64 V             ; -0.0113 V          ; 0.208 V                             ; 0.179 V                             ; 2.38e-09 s                 ; 2.23e-09 s                 ; No                        ; Yes                       ;
; ~ALTERA_DCLK~ ; 2.5 V        ; 0 s                 ; 0 s                 ; 2.62 V                       ; 2.22e-08 V                   ; 2.74 V              ; -0.06 V             ; 0.158 V                              ; 0.08 V                               ; 2.68e-10 s                  ; 2.19e-10 s                  ; Yes                        ; Yes                        ; 2.62 V                      ; 2.22e-08 V                  ; 2.74 V             ; -0.06 V            ; 0.158 V                             ; 0.08 V                              ; 2.68e-10 s                 ; 2.19e-10 s                 ; Yes                       ; Yes                       ;
; ~ALTERA_nCEO~ ; 2.5 V        ; 0 s                 ; 0 s                 ; 2.62 V                       ; 3.54e-08 V                   ; 2.7 V               ; -0.00943 V          ; 0.276 V                              ; 0.035 V                              ; 3.19e-10 s                  ; 4.99e-10 s                  ; No                         ; Yes                        ; 2.62 V                      ; 3.54e-08 V                  ; 2.7 V              ; -0.00943 V         ; 0.276 V                             ; 0.035 V                             ; 3.19e-10 s                 ; 4.99e-10 s                 ; No                        ; Yes                       ;
+---------------+--------------+---------------------+---------------------+------------------------------+------------------------------+---------------------+---------------------+--------------------------------------+--------------------------------------+-----------------------------+-----------------------------+----------------------------+----------------------------+-----------------------------+-----------------------------+--------------------+--------------------+-------------------------------------+-------------------------------------+----------------------------+----------------------------+---------------------------+---------------------------+


+-------------------------------------------------------------------+
; Setup Transfers                                                   ;
+------------+----------+----------+----------+----------+----------+
; From Clock ; To Clock ; RR Paths ; FR Paths ; RF Paths ; FF Paths ;
+------------+----------+----------+----------+----------+----------+
; CP         ; CP       ; 10       ; 0        ; 0        ; 0        ;
+------------+----------+----------+----------+----------+----------+
Entries labeled "false path" only account for clock-to-clock false paths and not path-based false paths. As a result, actual path counts may be lower than reported.


+-------------------------------------------------------------------+
; Hold Transfers                                                    ;
+------------+----------+----------+----------+----------+----------+
; From Clock ; To Clock ; RR Paths ; FR Paths ; RF Paths ; FF Paths ;
+------------+----------+----------+----------+----------+----------+
; CP         ; CP       ; 10       ; 0        ; 0        ; 0        ;
+------------+----------+----------+----------+----------+----------+
Entries labeled "false path" only account for clock-to-clock false paths and not path-based false paths. As a result, actual path counts may be lower than reported.


+-------------------------------------------------------------------+
; Recovery Transfers                                                ;
+------------+----------+----------+----------+----------+----------+
; From Clock ; To Clock ; RR Paths ; FR Paths ; RF Paths ; FF Paths ;
+------------+----------+----------+----------+----------+----------+
; CP         ; CP       ; 16       ; 0        ; 0        ; 0        ;
+------------+----------+----------+----------+----------+----------+
Entries labeled "false path" only account for clock-to-clock false paths and not path-based false paths. As a result, actual path counts may be lower than reported.


+-------------------------------------------------------------------+
; Removal Transfers                                                 ;
+------------+----------+----------+----------+----------+----------+
; From Clock ; To Clock ; RR Paths ; FR Paths ; RF Paths ; FF Paths ;
+------------+----------+----------+----------+----------+----------+
; CP         ; CP       ; 16       ; 0        ; 0        ; 0        ;
+------------+----------+----------+----------+----------+----------+
Entries labeled "false path" only account for clock-to-clock false paths and not path-based false paths. As a result, actual path counts may be lower than reported.


---------------
; Report TCCS ;
---------------
No dedicated SERDES Transmitter circuitry present in device or used in design


---------------
; Report RSKM ;
---------------
No non-DPA dedicated SERDES Receiver circuitry present in device or used in design


+------------------------------------------------+
; Unconstrained Paths                            ;
+---------------------------------+-------+------+
; Property                        ; Setup ; Hold ;
+---------------------------------+-------+------+
; Illegal Clocks                  ; 0     ; 0    ;
; Unconstrained Clocks            ; 0     ; 0    ;
; Unconstrained Input Ports       ; 1     ; 1    ;
; Unconstrained Input Port Paths  ; 4     ; 4    ;
; Unconstrained Output Ports      ; 4     ; 4    ;
; Unconstrained Output Port Paths ; 4     ; 4    ;
+---------------------------------+-------+------+


+------------------------------------+
; TimeQuest Timing Analyzer Messages ;
+------------------------------------+
Info: *******************************************************************
Info: Running Quartus II 32-bit TimeQuest Timing Analyzer
    Info: Version 13.1.0 Build 162 10/23/2013 SJ Full Version
    Info: Processing started: Sat Jan 25 20:54:45 2014
Info: Command: quartus_sta modTen -c modTen
Info: qsta_default_script.tcl version: #1
Info (20030): Parallel compilation is enabled and will use 2 of the 2 processors detected
Info (21077): Low junction temperature is 0 degrees C
Info (21077): High junction temperature is 85 degrees C
Critical Warning (332012): Synopsys Design Constraints File file not found: 'modTen.sdc'. A Synopsys Design Constraints File is required by the TimeQuest Timing Analyzer to get proper timing constraints. Without it, the Compiler will not properly optimize the design.
Info (332142): No user constrained base clocks found in the design. Calling "derive_clocks -period 1.0"
Info (332105): Deriving Clocks
    Info (332105): create_clock -period 1.000 -name CP CP
Info (332143): No user constrained clock uncertainty found in the design. Calling "derive_clock_uncertainty"
Info (332154): The derive_clock_uncertainty command did not apply clock uncertainty to any clock-to-clock transfers.
Info: Found TIMEQUEST_REPORT_SCRIPT_INCLUDE_DEFAULT_ANALYSIS = ON
Info: Analyzing Slow 1200mV 85C Model
Critical Warning (332148): Timing requirements not met
    Info (11105): For recommendations on closing timing, run Report Timing Closure Recommendations in the TimeQuest Timing Analyzer.
Info (332146): Worst-case setup slack is -0.301
    Info (332119):     Slack       End Point TNS Clock 
    Info (332119): ========= =================== =====================
    Info (332119):    -0.301              -0.711 CP 
Info (332146): Worst-case hold slack is 0.485
    Info (332119):     Slack       End Point TNS Clock 
    Info (332119): ========= =================== =====================
    Info (332119):     0.485               0.000 CP 
Info (332146): Worst-case recovery slack is -1.564
    Info (332119):     Slack       End Point TNS Clock 
    Info (332119): ========= =================== =====================
    Info (332119):    -1.564              -6.251 CP 
Info (332146): Worst-case removal slack is 1.796
    Info (332119):     Slack       End Point TNS Clock 
    Info (332119): ========= =================== =====================
    Info (332119):     1.796               0.000 CP 
Info (332146): Worst-case minimum pulse width slack is -3.000
    Info (332119):     Slack       End Point TNS Clock 
    Info (332119): ========= =================== =====================
    Info (332119):    -3.000              -8.948 CP 
Info: Analyzing Slow 1200mV 0C Model
Info (334003): Started post-fitting delay annotation
Info (334004): Delay annotation completed successfully
Info (332154): The derive_clock_uncertainty command did not apply clock uncertainty to any clock-to-clock transfers.
Critical Warning (332148): Timing requirements not met
    Info (11105): For recommendations on closing timing, run Report Timing Closure Recommendations in the TimeQuest Timing Analyzer.
Info (332146): Worst-case setup slack is -0.172
    Info (332119):     Slack       End Point TNS Clock 
    Info (332119): ========= =================== =====================
    Info (332119):    -0.172              -0.373 CP 
Info (332146): Worst-case hold slack is 0.430
    Info (332119):     Slack       End Point TNS Clock 
    Info (332119): ========= =================== =====================
    Info (332119):     0.430               0.000 CP 
Info (332146): Worst-case recovery slack is -1.357
    Info (332119):     Slack       End Point TNS Clock 
    Info (332119): ========= =================== =====================
    Info (332119):    -1.357              -5.422 CP 
Info (332146): Worst-case removal slack is 1.654
    Info (332119):     Slack       End Point TNS Clock 
    Info (332119): ========= =================== =====================
    Info (332119):     1.654               0.000 CP 
Info (332146): Worst-case minimum pulse width slack is -3.000
    Info (332119):     Slack       End Point TNS Clock 
    Info (332119): ========= =================== =====================
    Info (332119):    -3.000              -8.948 CP 
Info: Analyzing Fast 1200mV 0C Model
Info (332154): The derive_clock_uncertainty command did not apply clock uncertainty to any clock-to-clock transfers.
Info (332146): Worst-case setup slack is 0.442
    Info (332119):     Slack       End Point TNS Clock 
    Info (332119): ========= =================== =====================
    Info (332119):     0.442               0.000 CP 
Info (332146): Worst-case hold slack is 0.201
    Info (332119):     Slack       End Point TNS Clock 
    Info (332119): ========= =================== =====================
    Info (332119):     0.201               0.000 CP 
Critical Warning (332148): Timing requirements not met
    Info (11105): For recommendations on closing timing, run Report Timing Closure Recommendations in the TimeQuest Timing Analyzer.
Info (332146): Worst-case recovery slack is -0.080
    Info (332119):     Slack       End Point TNS Clock 
    Info (332119): ========= =================== =====================
    Info (332119):    -0.080              -0.318 CP 
Info (332146): Worst-case removal slack is 0.760
    Info (332119):     Slack       End Point TNS Clock 
    Info (332119): ========= =================== =====================
    Info (332119):     0.760               0.000 CP 
Info (332146): Worst-case minimum pulse width slack is -3.000
    Info (332119):     Slack       End Point TNS Clock 
    Info (332119): ========= =================== =====================
    Info (332119):    -3.000              -7.380 CP 
Info (332102): Design is not fully constrained for setup requirements
Info (332102): Design is not fully constrained for hold requirements
Info: Quartus II 32-bit TimeQuest Timing Analyzer was successful. 0 errors, 4 warnings
    Info: Peak virtual memory: 396 megabytes
    Info: Processing ended: Sat Jan 25 20:54:49 2014
    Info: Elapsed time: 00:00:04
    Info: Total CPU time (on all processors): 00:00:04


