Classic Timing Analyzer report for 4bittbjsq
Sun May 09 11:48:49 2021
Quartus II Version 9.0 Build 132 02/25/2009 SJ Full Version


---------------------
; Table of Contents ;
---------------------
  1. Legal Notice
  2. Timing Analyzer Summary
  3. Timing Analyzer Settings
  4. Clock Settings Summary
  5. Parallel Compilation
  6. Clock Setup: 'CLK'
  7. tco
  8. Timing Analyzer Messages



----------------
; Legal Notice ;
----------------
Copyright (C) 1991-2009 Altera Corporation
Your use of Altera Corporation's design tools, logic functions 
and other software and tools, and its AMPP partner logic 
functions, and any output files from any of the foregoing 
(including device programming or simulation files), and any 
associated documentation or information are expressly subject 
to the terms and conditions of the Altera Program License 
Subscription Agreement, Altera MegaCore Function License 
Agreement, or other applicable license agreement, including, 
without limitation, that your use is for the sole purpose of 
programming logic devices manufactured by Altera and sold by 
Altera or its authorized distributors.  Please refer to the 
applicable agreement for further details.



+------------------------------------------------------------------------------------------------------------------------------------------------------------------------+
; Timing Analyzer Summary                                                                                                                                                ;
+------------------------------+-------+---------------+------------------------------------------------+-----------------+-------+------------+----------+--------------+
; Type                         ; Slack ; Required Time ; Actual Time                                    ; From            ; To    ; From Clock ; To Clock ; Failed Paths ;
+------------------------------+-------+---------------+------------------------------------------------+-----------------+-------+------------+----------+--------------+
; Worst-case tco               ; N/A   ; None          ; 6.832 ns                                       ; inst1~DUPLICATE ; Q1    ; CLK        ; --       ; 0            ;
; Clock Setup: 'CLK'           ; N/A   ; None          ; Restricted to 500.00 MHz ( period = 2.000 ns ) ; inst2           ; inst3 ; CLK        ; CLK      ; 0            ;
; Total number of failed paths ;       ;               ;                                                ;                 ;       ;            ;          ; 0            ;
+------------------------------+-------+---------------+------------------------------------------------+-----------------+-------+------------+----------+--------------+


+--------------------------------------------------------------------------------------------------------------------+
; Timing Analyzer Settings                                                                                           ;
+---------------------------------------------------------------------+--------------------+------+----+-------------+
; Option                                                              ; Setting            ; From ; To ; Entity Name ;
+---------------------------------------------------------------------+--------------------+------+----+-------------+
; Device Name                                                         ; EP2S15F484C3       ;      ;    ;             ;
; Timing Models                                                       ; Final              ;      ;    ;             ;
; Default hold multicycle                                             ; Same as Multicycle ;      ;    ;             ;
; Cut paths between unrelated clock domains                           ; On                 ;      ;    ;             ;
; Cut off read during write signal paths                              ; On                 ;      ;    ;             ;
; Cut off feedback from I/O pins                                      ; On                 ;      ;    ;             ;
; Report Combined Fast/Slow Timing                                    ; Off                ;      ;    ;             ;
; Ignore Clock Settings                                               ; Off                ;      ;    ;             ;
; Analyze latches as synchronous elements                             ; On                 ;      ;    ;             ;
; Enable Recovery/Removal analysis                                    ; Off                ;      ;    ;             ;
; Enable Clock Latency                                                ; Off                ;      ;    ;             ;
; Use TimeQuest Timing Analyzer                                       ; Off                ;      ;    ;             ;
; Number of source nodes to report per destination node               ; 10                 ;      ;    ;             ;
; Number of destination nodes to report                               ; 10                 ;      ;    ;             ;
; Number of paths to report                                           ; 200                ;      ;    ;             ;
; Report Minimum Timing Checks                                        ; Off                ;      ;    ;             ;
; Use Fast Timing Models                                              ; Off                ;      ;    ;             ;
; Report IO Paths Separately                                          ; Off                ;      ;    ;             ;
; Perform Multicorner Analysis                                        ; On                 ;      ;    ;             ;
; Reports the worst-case path for each clock domain and analysis      ; Off                ;      ;    ;             ;
; Removes common clock path pessimism (CCPP) during slack computation ; Off                ;      ;    ;             ;
; Output I/O Timing Endpoint                                          ; Near End           ;      ;    ;             ;
+---------------------------------------------------------------------+--------------------+------+----+-------------+


+------------------------------------------------------------------------------------------------------------------------------------------------------------------------------------+
; Clock Settings Summary                                                                                                                                                             ;
+-----------------+--------------------+----------+------------------+---------------+--------------+----------+-----------------------+---------------------+--------+--------------+
; Clock Node Name ; Clock Setting Name ; Type     ; Fmax Requirement ; Early Latency ; Late Latency ; Based on ; Multiply Base Fmax by ; Divide Base Fmax by ; Offset ; Phase offset ;
+-----------------+--------------------+----------+------------------+---------------+--------------+----------+-----------------------+---------------------+--------+--------------+
; CLK             ;                    ; User Pin ; None             ; 0.000 ns      ; 0.000 ns     ; --       ; N/A                   ; N/A                 ; N/A    ;              ;
+-----------------+--------------------+----------+------------------+---------------+--------------+----------+-----------------------+---------------------+--------+--------------+


+------------------------------------------+
; Parallel Compilation                     ;
+----------------------------+-------------+
; Processors                 ; Number      ;
+----------------------------+-------------+
; Number detected on machine ; 2           ;
; Maximum allowed            ; 2           ;
;                            ;             ;
; Average used               ; 1.00        ;
; Maximum used               ; 1           ;
;                            ;             ;
; Usage by Processor         ; % Time Used ;
;     1 processor            ; 100.0%      ;
;     2 processors           ;   0.0%      ;
+----------------------------+-------------+


+--------------------------------------------------------------------------------------------------------------------------------------------------------------------------------------------------------+
; Clock Setup: 'CLK'                                                                                                                                                                                     ;
+-------+------------------------------------------------+-----------------+-----------------+------------+----------+-----------------------------+---------------------------+-------------------------+
; Slack ; Actual fmax (period)                           ; From            ; To              ; From Clock ; To Clock ; Required Setup Relationship ; Required Longest P2P Time ; Actual Longest P2P Time ;
+-------+------------------------------------------------+-----------------+-----------------+------------+----------+-----------------------------+---------------------------+-------------------------+
; N/A   ; Restricted to 500.00 MHz ( period = 2.000 ns ) ; inst2           ; inst3           ; CLK        ; CLK      ; None                        ; None                      ; 0.676 ns                ;
; N/A   ; Restricted to 500.00 MHz ( period = 2.000 ns ) ; inst1           ; inst3           ; CLK        ; CLK      ; None                        ; None                      ; 0.669 ns                ;
; N/A   ; Restricted to 500.00 MHz ( period = 2.000 ns ) ; inst1           ; inst2           ; CLK        ; CLK      ; None                        ; None                      ; 0.668 ns                ;
; N/A   ; Restricted to 500.00 MHz ( period = 2.000 ns ) ; inst            ; inst1~DUPLICATE ; CLK        ; CLK      ; None                        ; None                      ; 0.454 ns                ;
; N/A   ; Restricted to 500.00 MHz ( period = 2.000 ns ) ; inst            ; inst1           ; CLK        ; CLK      ; None                        ; None                      ; 0.453 ns                ;
; N/A   ; Restricted to 500.00 MHz ( period = 2.000 ns ) ; inst            ; inst2           ; CLK        ; CLK      ; None                        ; None                      ; 0.452 ns                ;
; N/A   ; Restricted to 500.00 MHz ( period = 2.000 ns ) ; inst            ; inst3           ; CLK        ; CLK      ; None                        ; None                      ; 0.451 ns                ;
; N/A   ; Restricted to 500.00 MHz ( period = 2.000 ns ) ; inst            ; inst            ; CLK        ; CLK      ; None                        ; None                      ; 0.396 ns                ;
; N/A   ; Restricted to 500.00 MHz ( period = 2.000 ns ) ; inst1           ; inst1           ; CLK        ; CLK      ; None                        ; None                      ; 0.396 ns                ;
; N/A   ; Restricted to 500.00 MHz ( period = 2.000 ns ) ; inst2           ; inst2           ; CLK        ; CLK      ; None                        ; None                      ; 0.396 ns                ;
; N/A   ; Restricted to 500.00 MHz ( period = 2.000 ns ) ; inst3           ; inst3           ; CLK        ; CLK      ; None                        ; None                      ; 0.396 ns                ;
; N/A   ; Restricted to 500.00 MHz ( period = 2.000 ns ) ; inst1~DUPLICATE ; inst1~DUPLICATE ; CLK        ; CLK      ; None                        ; None                      ; 0.396 ns                ;
+-------+------------------------------------------------+-----------------+-----------------+------------+----------+-----------------------------+---------------------------+-------------------------+


+-----------------------------------------------------------------------+
; tco                                                                   ;
+-------+--------------+------------+-----------------+----+------------+
; Slack ; Required tco ; Actual tco ; From            ; To ; From Clock ;
+-------+--------------+------------+-----------------+----+------------+
; N/A   ; None         ; 6.832 ns   ; inst1~DUPLICATE ; Q1 ; CLK        ;
; N/A   ; None         ; 6.358 ns   ; inst3           ; Q3 ; CLK        ;
; N/A   ; None         ; 5.316 ns   ; inst2           ; Q2 ; CLK        ;
; N/A   ; None         ; 5.055 ns   ; inst            ; Q0 ; CLK        ;
+-------+--------------+------------+-----------------+----+------------+


+--------------------------+
; Timing Analyzer Messages ;
+--------------------------+
Info: *******************************************************************
Info: Running Quartus II Classic Timing Analyzer
    Info: Version 9.0 Build 132 02/25/2009 SJ Full Version
    Info: Processing started: Sun May 09 11:48:48 2021
Info: Command: quartus_tan --read_settings_files=off --write_settings_files=off 4bittbjsq -c 4bittbjsq --timing_analysis_only
Info: Parallel compilation is enabled and will use 2 of the 2 processors detected
Warning: Found pins functioning as undefined clocks and/or memory enables
    Info: Assuming node "CLK" is an undefined clock
Info: Clock "CLK" Internal fmax is restricted to 500.0 MHz between source register "inst2" and destination register "inst3"
    Info: fmax restricted to clock pin edge rate 2.0 ns. Expand message to see actual delay path.
        Info: + Longest register to register delay is 0.676 ns
            Info: 1: + IC(0.000 ns) + CELL(0.000 ns) = 0.000 ns; Loc. = LCFF_X39_Y4_N27; Fanout = 3; REG Node = 'inst2'
            Info: 2: + IC(0.249 ns) + CELL(0.272 ns) = 0.521 ns; Loc. = LCCOMB_X39_Y4_N28; Fanout = 1; COMB Node = 'inst3~0'
            Info: 3: + IC(0.000 ns) + CELL(0.155 ns) = 0.676 ns; Loc. = LCFF_X39_Y4_N29; Fanout = 2; REG Node = 'inst3'
            Info: Total cell delay = 0.427 ns ( 63.17 % )
            Info: Total interconnect delay = 0.249 ns ( 36.83 % )
        Info: - Smallest clock skew is 0.000 ns
            Info: + Shortest clock path from clock "CLK" to destination register is 2.495 ns
                Info: 1: + IC(0.000 ns) + CELL(0.854 ns) = 0.854 ns; Loc. = PIN_N20; Fanout = 1; CLK Node = 'CLK'
                Info: 2: + IC(0.343 ns) + CELL(0.000 ns) = 1.197 ns; Loc. = CLKCTRL_G3; Fanout = 5; COMB Node = 'CLK~clkctrl'
                Info: 3: + IC(0.680 ns) + CELL(0.618 ns) = 2.495 ns; Loc. = LCFF_X39_Y4_N29; Fanout = 2; REG Node = 'inst3'
                Info: Total cell delay = 1.472 ns ( 59.00 % )
                Info: Total interconnect delay = 1.023 ns ( 41.00 % )
            Info: - Longest clock path from clock "CLK" to source register is 2.495 ns
                Info: 1: + IC(0.000 ns) + CELL(0.854 ns) = 0.854 ns; Loc. = PIN_N20; Fanout = 1; CLK Node = 'CLK'
                Info: 2: + IC(0.343 ns) + CELL(0.000 ns) = 1.197 ns; Loc. = CLKCTRL_G3; Fanout = 5; COMB Node = 'CLK~clkctrl'
                Info: 3: + IC(0.680 ns) + CELL(0.618 ns) = 2.495 ns; Loc. = LCFF_X39_Y4_N27; Fanout = 3; REG Node = 'inst2'
                Info: Total cell delay = 1.472 ns ( 59.00 % )
                Info: Total interconnect delay = 1.023 ns ( 41.00 % )
        Info: + Micro clock to output delay of source is 0.094 ns
        Info: + Micro setup delay of destination is 0.090 ns
Info: tco from clock "CLK" to destination pin "Q1" through register "inst1~DUPLICATE" is 6.832 ns
    Info: + Longest clock path from clock "CLK" to source register is 2.495 ns
        Info: 1: + IC(0.000 ns) + CELL(0.854 ns) = 0.854 ns; Loc. = PIN_N20; Fanout = 1; CLK Node = 'CLK'
        Info: 2: + IC(0.343 ns) + CELL(0.000 ns) = 1.197 ns; Loc. = CLKCTRL_G3; Fanout = 5; COMB Node = 'CLK~clkctrl'
        Info: 3: + IC(0.680 ns) + CELL(0.618 ns) = 2.495 ns; Loc. = LCFF_X39_Y4_N21; Fanout = 2; REG Node = 'inst1~DUPLICATE'
        Info: Total cell delay = 1.472 ns ( 59.00 % )
        Info: Total interconnect delay = 1.023 ns ( 41.00 % )
    Info: + Micro clock to output delay of source is 0.094 ns
    Info: + Longest register to pin delay is 4.243 ns
        Info: 1: + IC(0.000 ns) + CELL(0.000 ns) = 0.000 ns; Loc. = LCFF_X39_Y4_N21; Fanout = 2; REG Node = 'inst1~DUPLICATE'
        Info: 2: + IC(2.291 ns) + CELL(1.952 ns) = 4.243 ns; Loc. = PIN_E7; Fanout = 0; PIN Node = 'Q1'
        Info: Total cell delay = 1.952 ns ( 46.01 % )
        Info: Total interconnect delay = 2.291 ns ( 53.99 % )
Info: Quartus II Classic Timing Analyzer was successful. 0 errors, 1 warning
    Info: Peak virtual memory: 162 megabytes
    Info: Processing ended: Sun May 09 11:48:49 2021
    Info: Elapsed time: 00:00:01
    Info: Total CPU time (on all processors): 00:00:00


